2005.10.25 23:36 B C:\Documents and Settings\Michael Casserly\My Documents\Webmaster\fordhamramshockey\images\misc\wide_latin.gif --> ftp.fordhamramshockey.com /mcasserly/images/misc wide_latin.gif
2005.10.25 23:36 B C:\Documents and Settings\Michael Casserly\My Documents\Webmaster\fordhamramshockey\images\misc\stencil.gif --> ftp.fordhamramshockey.com /mcasserly/images/misc stencil.gif
2005.10.25 23:36 B C:\Documents and Settings\Michael Casserly\My Documents\Webmaster\fordhamramshockey\images\misc\copperplate_gothic.gif --> ftp.fordhamramshockey.com /mcasserly/images/misc copperplate_gothic.gif
2005.10.25 23:36 B C:\Documents and Settings\Michael Casserly\My Documents\Webmaster\fordhamramshockey\images\misc\football_ram.jpg --> ftp.fordhamramshockey.com /mcasserly/images/misc football_ram.jpg
2005.10.25 23:36 B C:\Documents and Settings\Michael Casserly\My Documents\Webmaster\fordhamramshockey\images\misc\logo_alumni_jersey.jpg --> ftp.fordhamramshockey.com /mcasserly/images/misc logo_alumni_jersey.jpg
2005.10.25 23:36 B C:\Documents and Settings\Michael Casserly\My Documents\Webmaster\fordhamramshockey\images\misc\fordham_hockey_small.jpg --> ftp.fordhamramshockey.com /mcasserly/images/misc fordham_hockey_small.jpg
2005.10.25 23:36 B C:\Documents and Settings\Michael Casserly\My Documents\Webmaster\fordhamramshockey\images\misc\fordham_hockey.JPG --> ftp.fordhamramshockey.com /mcasserly/images/misc fordham_hockey.JPG
2005.10.25 23:36 B C:\Documents and Settings\Michael Casserly\My Documents\Webmaster\fordhamramshockey\images\misc\logo_fordham_1_large.gif --> ftp.fordhamramshockey.com /mcasserly/images/misc logo_fordham_1_large.gif
2005.10.25 23:36 B C:\Documents and Settings\Michael Casserly\My Documents\Webmaster\fordhamramshockey\images\misc\fordhamhockeylogo.gif --> ftp.fordhamramshockey.com /mcasserly/images/misc fordhamhockeylogo.gif
2005.10.25 23:36 B C:\Documents and Settings\Michael Casserly\My Documents\Webmaster\fordhamramshockey\images\misc\logo_fordhamhockey_2_left.gif --> ftp.fordhamramshockey.com /mcasserly/images/misc logo_fordhamhockey_2_left.gif
2005.10.25 23:36 B C:\Documents and Settings\Michael Casserly\My Documents\Webmaster\fordhamramshockey\images\misc\dodge_ram_logo_black.jpg --> ftp.fordhamramshockey.com /mcasserly/images/misc dodge_ram_logo_black.jpg
2005.10.25 23:36 B C:\Documents and Settings\Michael Casserly\My Documents\Webmaster\fordhamramshockey\images\misc\logo_fordhamhockey_2.gif --> ftp.fordhamramshockey.com /mcasserly/images/misc logo_fordhamhockey_2.gif
2005.10.25 23:36 B C:\Documents and Settings\Michael Casserly\My Documents\Webmaster\fordhamramshockey\images\misc\logo_fordham_1_small.jpg --> ftp.fordhamramshockey.com /mcasserly/images/misc logo_fordham_1_small.jpg
2005.10.25 23:36 B C:\Documents and Settings\Michael Casserly\My Documents\Webmaster\fordhamramshockey\images\misc\fordham_bb_logo.jpg --> ftp.fordhamramshockey.com /mcasserly/images/misc fordham_bb_logo.jpg
2005.10.25 23:36 B C:\Documents and Settings\Michael Casserly\My Documents\Webmaster\fordhamramshockey\images\misc\background2.gif --> ftp.fordhamramshockey.com /mcasserly/images/misc background2.gif
2005.10.25 23:36 B C:\Documents and Settings\Michael Casserly\My Documents\Webmaster\fordhamramshockey\images\misc\cooler_background.gif --> ftp.fordhamramshockey.com /mcasserly/images/misc cooler_background.gif
2005.10.25 23:36 B C:\Documents and Settings\Michael Casserly\My Documents\Webmaster\fordhamramshockey\images\misc\cool_background.gif --> ftp.fordhamramshockey.com /mcasserly/images/misc cool_background.gif
2005.10.25 23:36 B C:\Documents and Settings\Michael Casserly\My Documents\Webmaster\fordhamramshockey\images\misc\background3.gif --> ftp.fordhamramshockey.com /mcasserly/images/misc background3.gif
2005.12.06 23:47 B C:\Documents and Settings\Michael Casserly\My Documents\Webmaster\fordhamramshockey\images\misc\WS_FTP.LOG --> ftp.mcasserly.com /mcasserly/fordhamramshockey/images/misc WS_FTP.LOG
2005.12.06 23:48 B C:\Documents and Settings\Michael Casserly\My Documents\Webmaster\fordhamramshockey\images\misc\wide_latin.gif --> ftp.mcasserly.com /mcasserly/fordhamramshockey/images/misc wide_latin.gif
2005.12.06 23:48 B C:\Documents and Settings\Michael Casserly\My Documents\Webmaster\fordhamramshockey\images\misc\stencil.gif --> ftp.mcasserly.com /mcasserly/fordhamramshockey/images/misc stencil.gif
2005.12.06 23:48 B C:\Documents and Settings\Michael Casserly\My Documents\Webmaster\fordhamramshockey\images\misc\copperplate_gothic.gif --> ftp.mcasserly.com /mcasserly/fordhamramshockey/images/misc copperplate_gothic.gif
2005.12.06 23:48 B C:\Documents and Settings\Michael Casserly\My Documents\Webmaster\fordhamramshockey\images\misc\football_ram.jpg --> ftp.mcasserly.com /mcasserly/fordhamramshockey/images/misc football_ram.jpg
2005.12.06 23:48 B C:\Documents and Settings\Michael Casserly\My Documents\Webmaster\fordhamramshockey\images\misc\logo_alumni_jersey.jpg --> ftp.mcasserly.com /mcasserly/fordhamramshockey/images/misc logo_alumni_jersey.jpg
2005.12.06 23:48 B C:\Documents and Settings\Michael Casserly\My Documents\Webmaster\fordhamramshockey\images\misc\fordham_hockey_small.jpg --> ftp.mcasserly.com /mcasserly/fordhamramshockey/images/misc fordham_hockey_small.jpg
2005.12.06 23:48 B C:\Documents and Settings\Michael Casserly\My Documents\Webmaster\fordhamramshockey\images\misc\fordham_hockey.JPG --> ftp.mcasserly.com /mcasserly/fordhamramshockey/images/misc fordham_hockey.JPG
2005.12.06 23:48 B C:\Documents and Settings\Michael Casserly\My Documents\Webmaster\fordhamramshockey\images\misc\logo_fordham_1_large.gif --> ftp.mcasserly.com /mcasserly/fordhamramshockey/images/misc logo_fordham_1_large.gif
2005.12.06 23:48 B C:\Documents and Settings\Michael Casserly\My Documents\Webmaster\fordhamramshockey\images\misc\fordhamhockeylogo.gif --> ftp.mcasserly.com /mcasserly/fordhamramshockey/images/misc fordhamhockeylogo.gif
2005.12.06 23:48 B C:\Documents and Settings\Michael Casserly\My Documents\Webmaster\fordhamramshockey\images\misc\logo_fordhamhockey_2_left.gif --> ftp.mcasserly.com /mcasserly/fordhamramshockey/images/misc logo_fordhamhockey_2_left.gif
2005.12.06 23:48 B C:\Documents and Settings\Michael Casserly\My Documents\Webmaster\fordhamramshockey\images\misc\dodge_ram_logo_black.jpg --> ftp.mcasserly.com /mcasserly/fordhamramshockey/images/misc dodge_ram_logo_black.jpg
2005.12.06 23:48 B C:\Documents and Settings\Michael Casserly\My Documents\Webmaster\fordhamramshockey\images\misc\logo_fordhamhockey_2.gif --> ftp.mcasserly.com /mcasserly/fordhamramshockey/images/misc logo_fordhamhockey_2.gif
2005.12.06 23:48 B C:\Documents and Settings\Michael Casserly\My Documents\Webmaster\fordhamramshockey\images\misc\logo_fordham_1_small.jpg --> ftp.mcasserly.com /mcasserly/fordhamramshockey/images/misc logo_fordham_1_small.jpg
2005.12.06 23:49 B C:\Documents and Settings\Michael Casserly\My Documents\Webmaster\fordhamramshockey\images\misc\fordham_bb_logo.jpg --> ftp.mcasserly.com /mcasserly/fordhamramshockey/images/misc fordham_bb_logo.jpg
2005.12.06 23:49 B C:\Documents and Settings\Michael Casserly\My Documents\Webmaster\fordhamramshockey\images\misc\background2.gif --> ftp.mcasserly.com /mcasserly/fordhamramshockey/images/misc background2.gif
2005.12.06 23:49 B C:\Documents and Settings\Michael Casserly\My Documents\Webmaster\fordhamramshockey\images\misc\cooler_background.gif --> ftp.mcasserly.com /mcasserly/fordhamramshockey/images/misc cooler_background.gif
2005.12.06 23:49 B C:\Documents and Settings\Michael Casserly\My Documents\Webmaster\fordhamramshockey\images\misc\cool_background.gif --> ftp.mcasserly.com /mcasserly/fordhamramshockey/images/misc cool_background.gif
2005.12.06 23:49 B C:\Documents and Settings\Michael Casserly\My Documents\Webmaster\fordhamramshockey\images\misc\background3.gif --> ftp.mcasserly.com /mcasserly/fordhamramshockey/images/misc background3.gif
2006.01.14 19:17 B C:\Documents and Settings\Michael Casserly\My Documents\Webmaster\fordhamramshockey\images\misc\WS_FTP.LOG --> ftp.mcasserly.com /mcasserly/fordhamramshockey/images/misc WS_FTP.LOG
2006.01.14 20:07 B C:\Documents and Settings\Michael Casserly\My Documents\Webmaster\fordhamramshockey\images\misc\WS_FTP.LOG --> ftp.mcasserly.com /mcasserly/fordhamramshockey/images/misc WS_FTP.LOG
2006.01.14 22:07 B C:\Documents and Settings\Michael Casserly\My Documents\Webmaster\fordhamramshockey\images\misc\WS_FTP.LOG --> ftp.fordhamramshockey.com /mcasserly/images/misc WS_FTP.LOG
2006.02.13 23:31 B C:\Documents and Settings\Michael Casserly\My Documents\Webmaster\fordhamramshockey\images\misc\WS_FTP.LOG.LCK --> ftp.fordhamramshockey.com /mcasserly/test/images/misc WS_FTP.LOG.LCK
2006.02.13 23:31 B C:\Documents and Settings\Michael Casserly\My Documents\Webmaster\fordhamramshockey\images\misc\wide_latin.gif.LCK --> ftp.fordhamramshockey.com /mcasserly/test/images/misc wide_latin.gif.LCK
2006.02.13 23:31 B C:\Documents and Settings\Michael Casserly\My Documents\Webmaster\fordhamramshockey\images\misc\stencil.gif.LCK --> ftp.fordhamramshockey.com /mcasserly/test/images/misc stencil.gif.LCK
2006.02.13 23:31 B C:\Documents and Settings\Michael Casserly\My Documents\Webmaster\fordhamramshockey\images\misc\logo_fordhamhockey_2_left.gif.LCK --> ftp.fordhamramshockey.com /mcasserly/test/images/misc logo_fordhamhockey_2_left.gif.LCK
2006.02.13 23:31 B C:\Documents and Settings\Michael Casserly\My Documents\Webmaster\fordhamramshockey\images\misc\logo_fordhamhockey_2.gif.LCK --> ftp.fordhamramshockey.com /mcasserly/test/images/misc logo_fordhamhockey_2.gif.LCK
2006.02.13 23:31 B C:\Documents and Settings\Michael Casserly\My Documents\Webmaster\fordhamramshockey\images\misc\logo_fordham_1_small.jpg.LCK --> ftp.fordhamramshockey.com /mcasserly/test/images/misc logo_fordham_1_small.jpg.LCK
2006.02.13 23:31 B C:\Documents and Settings\Michael Casserly\My Documents\Webmaster\fordhamramshockey\images\misc\logo_fordham_1_large.gif.LCK --> ftp.fordhamramshockey.com /mcasserly/test/images/misc logo_fordham_1_large.gif.LCK
2006.02.13 23:31 B C:\Documents and Settings\Michael Casserly\My Documents\Webmaster\fordhamramshockey\images\misc\logo_alumni_jersey.jpg.LCK --> ftp.fordhamramshockey.com /mcasserly/test/images/misc logo_alumni_jersey.jpg.LCK
2006.02.13 23:31 B C:\Documents and Settings\Michael Casserly\My Documents\Webmaster\fordhamramshockey\images\misc\fordhamhockeylogo.gif.LCK --> ftp.fordhamramshockey.com /mcasserly/test/images/misc fordhamhockeylogo.gif.LCK
2006.02.13 23:31 B C:\Documents and Settings\Michael Casserly\My Documents\Webmaster\fordhamramshockey\images\misc\fordham_hockey_small.jpg.LCK --> ftp.fordhamramshockey.com /mcasserly/test/images/misc fordham_hockey_small.jpg.LCK
2006.02.13 23:31 B C:\Documents and Settings\Michael Casserly\My Documents\Webmaster\fordhamramshockey\images\misc\fordham_hockey.JPG.LCK --> ftp.fordhamramshockey.com /mcasserly/test/images/misc fordham_hockey.JPG.LCK
2006.02.13 23:31 B C:\Documents and Settings\Michael Casserly\My Documents\Webmaster\fordhamramshockey\images\misc\fordham_bb_logo.jpg.LCK --> ftp.fordhamramshockey.com /mcasserly/test/images/misc fordham_bb_logo.jpg.LCK
2006.02.13 23:31 B C:\Documents and Settings\Michael Casserly\My Documents\Webmaster\fordhamramshockey\images\misc\football_ram.jpg.LCK --> ftp.fordhamramshockey.com /mcasserly/test/images/misc football_ram.jpg.LCK
2006.02.13 23:31 B C:\Documents and Settings\Michael Casserly\My Documents\Webmaster\fordhamramshockey\images\misc\dodge_ram_logo_black.jpg.LCK --> ftp.fordhamramshockey.com /mcasserly/test/images/misc dodge_ram_logo_black.jpg.LCK
2006.02.13 23:31 B C:\Documents and Settings\Michael Casserly\My Documents\Webmaster\fordhamramshockey\images\misc\copperplate_gothic.gif.LCK --> ftp.fordhamramshockey.com /mcasserly/test/images/misc copperplate_gothic.gif.LCK
2006.02.13 23:31 B C:\Documents and Settings\Michael Casserly\My Documents\Webmaster\fordhamramshockey\images\misc\cooler_background.gif.LCK --> ftp.fordhamramshockey.com /mcasserly/test/images/misc cooler_background.gif.LCK
2006.02.13 23:31 B C:\Documents and Settings\Michael Casserly\My Documents\Webmaster\fordhamramshockey\images\misc\cool_background.gif.LCK --> ftp.fordhamramshockey.com /mcasserly/test/images/misc cool_background.gif.LCK
2006.02.13 23:31 B C:\Documents and Settings\Michael Casserly\My Documents\Webmaster\fordhamramshockey\images\misc\background3.gif.LCK --> ftp.fordhamramshockey.com /mcasserly/test/images/misc background3.gif.LCK
2006.02.13 23:31 B C:\Documents and Settings\Michael Casserly\My Documents\Webmaster\fordhamramshockey\images\misc\background2.gif.LCK --> ftp.fordhamramshockey.com /mcasserly/test/images/misc background2.gif.LCK
2006.02.13 23:31 B C:\Documents and Settings\Michael Casserly\My Documents\Webmaster\fordhamramshockey\images\misc\WS_FTP.LOG --> ftp.fordhamramshockey.com /mcasserly/test/images/misc WS_FTP.LOG
2006.02.13 23:31 B C:\Documents and Settings\Michael Casserly\My Documents\Webmaster\fordhamramshockey\images\misc\wide_latin.gif --> ftp.fordhamramshockey.com /mcasserly/test/images/misc wide_latin.gif
2006.02.13 23:31 B C:\Documents and Settings\Michael Casserly\My Documents\Webmaster\fordhamramshockey\images\misc\stencil.gif --> ftp.fordhamramshockey.com /mcasserly/test/images/misc stencil.gif
2006.02.13 23:31 B C:\Documents and Settings\Michael Casserly\My Documents\Webmaster\fordhamramshockey\images\misc\copperplate_gothic.gif --> ftp.fordhamramshockey.com /mcasserly/test/images/misc copperplate_gothic.gif
2006.02.13 23:31 B C:\Documents and Settings\Michael Casserly\My Documents\Webmaster\fordhamramshockey\images\misc\football_ram.jpg --> ftp.fordhamramshockey.com /mcasserly/test/images/misc football_ram.jpg
2006.02.13 23:31 B C:\Documents and Settings\Michael Casserly\My Documents\Webmaster\fordhamramshockey\images\misc\logo_alumni_jersey.jpg --> ftp.fordhamramshockey.com /mcasserly/test/images/misc logo_alumni_jersey.jpg
2006.02.13 23:31 B C:\Documents and Settings\Michael Casserly\My Documents\Webmaster\fordhamramshockey\images\misc\fordham_hockey_small.jpg --> ftp.fordhamramshockey.com /mcasserly/test/images/misc fordham_hockey_small.jpg
2006.02.13 23:31 B C:\Documents and Settings\Michael Casserly\My Documents\Webmaster\fordhamramshockey\images\misc\fordham_hockey.JPG --> ftp.fordhamramshockey.com /mcasserly/test/images/misc fordham_hockey.JPG
2006.02.13 23:31 B C:\Documents and Settings\Michael Casserly\My Documents\Webmaster\fordhamramshockey\images\misc\logo_fordham_1_large.gif --> ftp.fordhamramshockey.com /mcasserly/test/images/misc logo_fordham_1_large.gif
2006.02.13 23:31 B C:\Documents and Settings\Michael Casserly\My Documents\Webmaster\fordhamramshockey\images\misc\fordhamhockeylogo.gif --> ftp.fordhamramshockey.com /mcasserly/test/images/misc fordhamhockeylogo.gif
2006.02.13 23:31 B C:\Documents and Settings\Michael Casserly\My Documents\Webmaster\fordhamramshockey\images\misc\logo_fordhamhockey_2_left.gif --> ftp.fordhamramshockey.com /mcasserly/test/images/misc logo_fordhamhockey_2_left.gif
2006.02.13 23:31 B C:\Documents and Settings\Michael Casserly\My Documents\Webmaster\fordhamramshockey\images\misc\dodge_ram_logo_black.jpg --> ftp.fordhamramshockey.com /mcasserly/test/images/misc dodge_ram_logo_black.jpg
2006.02.13 23:31 B C:\Documents and Settings\Michael Casserly\My Documents\Webmaster\fordhamramshockey\images\misc\logo_fordhamhockey_2.gif --> ftp.fordhamramshockey.com /mcasserly/test/images/misc logo_fordhamhockey_2.gif
2006.02.13 23:31 B C:\Documents and Settings\Michael Casserly\My Documents\Webmaster\fordhamramshockey\images\misc\logo_fordham_1_small.jpg --> ftp.fordhamramshockey.com /mcasserly/test/images/misc logo_fordham_1_small.jpg
2006.02.13 23:31 B C:\Documents and Settings\Michael Casserly\My Documents\Webmaster\fordhamramshockey\images\misc\fordham_bb_logo.jpg --> ftp.fordhamramshockey.com /mcasserly/test/images/misc fordham_bb_logo.jpg
2006.02.13 23:31 B C:\Documents and Settings\Michael Casserly\My Documents\Webmaster\fordhamramshockey\images\misc\background2.gif --> ftp.fordhamramshockey.com /mcasserly/test/images/misc background2.gif
2006.02.13 23:31 B C:\Documents and Settings\Michael Casserly\My Documents\Webmaster\fordhamramshockey\images\misc\cooler_background.gif --> ftp.fordhamramshockey.com /mcasserly/test/images/misc cooler_background.gif
2006.02.13 23:31 B C:\Documents and Settings\Michael Casserly\My Documents\Webmaster\fordhamramshockey\images\misc\cool_background.gif --> ftp.fordhamramshockey.com /mcasserly/test/images/misc cool_background.gif
2006.02.13 23:31 B C:\Documents and Settings\Michael Casserly\My Documents\Webmaster\fordhamramshockey\images\misc\background3.gif --> ftp.fordhamramshockey.com /mcasserly/test/images/misc background3.gif
