2005.04.19 20:50 B C:\Documents and Settings\Michael Casserly\My Documents\Webmaster\mcasserly\fordhamhockey\code\pbrowser_ie.js --> ftp.mcasserly.com /mcasserly/fordhamhockey/code pbrowser_ie.js
2005.04.19 20:50 B C:\Documents and Settings\Michael Casserly\My Documents\Webmaster\mcasserly\fordhamhockey\code\fordhamhockey_menu1.js --> ftp.mcasserly.com /mcasserly/fordhamhockey/code fordhamhockey_menu1.js
2005.04.19 20:50 B C:\Documents and Settings\Michael Casserly\My Documents\Webmaster\mcasserly\fordhamhockey\code\fordhamhockey_menu2.js --> ftp.mcasserly.com /mcasserly/fordhamhockey/code fordhamhockey_menu2.js
2005.04.19 20:50 B C:\Documents and Settings\Michael Casserly\My Documents\Webmaster\mcasserly\fordhamhockey\code\news.html --> ftp.mcasserly.com /mcasserly/fordhamhockey/code news.html
2005.04.19 20:50 B C:\Documents and Settings\Michael Casserly\My Documents\Webmaster\mcasserly\fordhamhockey\code\fordhamhockeynest.html --> ftp.mcasserly.com /mcasserly/fordhamhockey/code fordhamhockeynest.html
2005.04.19 20:50 B C:\Documents and Settings\Michael Casserly\My Documents\Webmaster\mcasserly\fordhamhockey\code\pbrowser_safari.js --> ftp.mcasserly.com /mcasserly/fordhamhockey/code pbrowser_safari.js
2005.04.19 20:50 B C:\Documents and Settings\Michael Casserly\My Documents\Webmaster\mcasserly\fordhamhockey\code\pbrowser_opera.js --> ftp.mcasserly.com /mcasserly/fordhamhockey/code pbrowser_opera.js
2005.04.19 20:50 B C:\Documents and Settings\Michael Casserly\My Documents\Webmaster\mcasserly\fordhamhockey\code\pbrowser_iemac.js --> ftp.mcasserly.com /mcasserly/fordhamhockey/code pbrowser_iemac.js
2005.04.19 20:50 B C:\Documents and Settings\Michael Casserly\My Documents\Webmaster\mcasserly\fordhamhockey\code\pbrowser_dom.js --> ftp.mcasserly.com /mcasserly/fordhamhockey/code pbrowser_dom.js
2005.04.19 20:50 B C:\Documents and Settings\Michael Casserly\My Documents\Webmaster\mcasserly\fordhamhockey\code\2004.html --> ftp.mcasserly.com /mcasserly/fordhamhockey/code 2004.html
2005.04.19 20:50 B C:\Documents and Settings\Michael Casserly\My Documents\Webmaster\mcasserly\fordhamhockey\code\circle_3.gif --> ftp.mcasserly.com /mcasserly/fordhamhockey/code circle_3.gif
2005.04.19 20:50 B C:\Documents and Settings\Michael Casserly\My Documents\Webmaster\mcasserly\fordhamhockey\code\rinks.html --> ftp.mcasserly.com /mcasserly/fordhamhockey/code rinks.html
2005.04.19 20:50 B C:\Documents and Settings\Michael Casserly\My Documents\Webmaster\mcasserly\fordhamhockey\code\sitemap.html --> ftp.mcasserly.com /mcasserly/fordhamhockey/code sitemap.html
2005.04.19 20:50 B C:\Documents and Settings\Michael Casserly\My Documents\Webmaster\mcasserly\fordhamhockey\code\pictures.html --> ftp.mcasserly.com /mcasserly/fordhamhockey/code pictures.html
2005.04.19 20:50 B C:\Documents and Settings\Michael Casserly\My Documents\Webmaster\mcasserly\fordhamhockey\code\links.html --> ftp.mcasserly.com /mcasserly/fordhamhockey/code links.html
2005.04.19 20:50 B C:\Documents and Settings\Michael Casserly\My Documents\Webmaster\mcasserly\fordhamhockey\code\index.html --> ftp.mcasserly.com /mcasserly/fordhamhockey/code index.html
2005.04.19 20:50 B C:\Documents and Settings\Michael Casserly\My Documents\Webmaster\mcasserly\fordhamhockey\code\history.html --> ftp.mcasserly.com /mcasserly/fordhamhockey/code history.html
2005.04.19 20:50 B C:\Documents and Settings\Michael Casserly\My Documents\Webmaster\mcasserly\fordhamhockey\code\contact.html --> ftp.mcasserly.com /mcasserly/fordhamhockey/code contact.html
2005.04.19 20:50 B C:\Documents and Settings\Michael Casserly\My Documents\Webmaster\mcasserly\fordhamhockey\code\all-time.html --> ftp.mcasserly.com /mcasserly/fordhamhockey/code all-time.html
2005.04.19 20:50 B C:\Documents and Settings\Michael Casserly\My Documents\Webmaster\mcasserly\fordhamhockey\code\2003.html --> ftp.mcasserly.com /mcasserly/fordhamhockey/code 2003.html
2005.04.19 20:50 B C:\Documents and Settings\Michael Casserly\My Documents\Webmaster\mcasserly\fordhamhockey\code\2002.html --> ftp.mcasserly.com /mcasserly/fordhamhockey/code 2002.html
2005.04.19 20:50 B C:\Documents and Settings\Michael Casserly\My Documents\Webmaster\mcasserly\fordhamhockey\code\2001.html --> ftp.mcasserly.com /mcasserly/fordhamhockey/code 2001.html
2005.04.19 20:50 B C:\Documents and Settings\Michael Casserly\My Documents\Webmaster\mcasserly\fordhamhockey\code\squares_1.gif --> ftp.mcasserly.com /mcasserly/fordhamhockey/code squares_1.gif
2005.04.19 20:50 B C:\Documents and Settings\Michael Casserly\My Documents\Webmaster\mcasserly\fordhamhockey\code\corner_arrow.gif --> ftp.mcasserly.com /mcasserly/fordhamhockey/code corner_arrow.gif
2005.04.19 20:52 B C:\Documents and Settings\Michael Casserly\My Documents\Webmaster\mcasserly\fordhamhockey\code\corner_arrow.gif <-- mcasserly /mcasserly/fordhamhockey/code corner_arrow.gif
2005.04.19 21:04 B C:\Documents and Settings\Michael Casserly\My Documents\Webmaster\mcasserly\fordhamhockey\code\fordhamhockey_menu1.js --> ftp.mcasserly.com /mcasserly/fordhamhockey/code fordhamhockey_menu1.js
2005.04.19 21:04 B C:\Documents and Settings\Michael Casserly\My Documents\Webmaster\mcasserly\fordhamhockey\code\pbrowser_ie.js --> ftp.mcasserly.com /mcasserly/fordhamhockey/code pbrowser_ie.js
2005.04.19 21:04 B C:\Documents and Settings\Michael Casserly\My Documents\Webmaster\mcasserly\fordhamhockey\code\WS_FTP.LOG --> ftp.mcasserly.com /mcasserly/fordhamhockey/code WS_FTP.LOG
2005.04.19 21:04 B C:\Documents and Settings\Michael Casserly\My Documents\Webmaster\mcasserly\fordhamhockey\code\fordhamhockey_menu2.js --> ftp.mcasserly.com /mcasserly/fordhamhockey/code fordhamhockey_menu2.js
2005.04.19 21:04 B C:\Documents and Settings\Michael Casserly\My Documents\Webmaster\mcasserly\fordhamhockey\code\corner_arrow.gif --> ftp.mcasserly.com /mcasserly/fordhamhockey/code corner_arrow.gif
2005.04.19 21:04 B C:\Documents and Settings\Michael Casserly\My Documents\Webmaster\mcasserly\fordhamhockey\code\pbrowser_safari.js --> ftp.mcasserly.com /mcasserly/fordhamhockey/code pbrowser_safari.js
2005.04.19 21:04 B C:\Documents and Settings\Michael Casserly\My Documents\Webmaster\mcasserly\fordhamhockey\code\pbrowser_opera.js --> ftp.mcasserly.com /mcasserly/fordhamhockey/code pbrowser_opera.js
2005.04.19 21:04 B C:\Documents and Settings\Michael Casserly\My Documents\Webmaster\mcasserly\fordhamhockey\code\pbrowser_iemac.js --> ftp.mcasserly.com /mcasserly/fordhamhockey/code pbrowser_iemac.js
2005.04.19 21:04 B C:\Documents and Settings\Michael Casserly\My Documents\Webmaster\mcasserly\fordhamhockey\code\pbrowser_dom.js --> ftp.mcasserly.com /mcasserly/fordhamhockey/code pbrowser_dom.js
2005.04.19 21:04 B C:\Documents and Settings\Michael Casserly\My Documents\Webmaster\mcasserly\fordhamhockey\code\circle_3.gif --> ftp.mcasserly.com /mcasserly/fordhamhockey/code circle_3.gif
2005.04.19 21:04 B C:\Documents and Settings\Michael Casserly\My Documents\Webmaster\mcasserly\fordhamhockey\code\squares_1.gif --> ftp.mcasserly.com /mcasserly/fordhamhockey/code squares_1.gif
2005.04.19 21:05 B C:\Documents and Settings\Michael Casserly\My Documents\Webmaster\mcasserly\fordhamhockey\code\WS_FTP.LOG --> ftp.mcasserly.com /mcasserly/fordhamhockey/code WS_FTP.LOG
2005.04.19 21:05 B C:\Documents and Settings\Michael Casserly\My Documents\Webmaster\mcasserly\fordhamhockey\code\fordhamhockey_menu1.js --> ftp.mcasserly.com /mcasserly/fordhamhockey/code fordhamhockey_menu1.js
2005.04.19 21:05 B C:\Documents and Settings\Michael Casserly\My Documents\Webmaster\mcasserly\fordhamhockey\code\pbrowser_ie.js --> ftp.mcasserly.com /mcasserly/fordhamhockey/code pbrowser_ie.js
2005.04.19 21:06 B C:\Documents and Settings\Michael Casserly\My Documents\Webmaster\mcasserly\fordhamhockey\code\fordhamhockey_menu2.js --> ftp.mcasserly.com /mcasserly/fordhamhockey/code fordhamhockey_menu2.js
2005.04.19 21:07 B C:\Documents and Settings\Michael Casserly\My Documents\Webmaster\mcasserly\fordhamhockey\code\pbrowser_ie.js --> ftp.mcasserly.com /mcasserly/fordhamhockey/code pbrowser_ie.js
2005.04.19 21:07 B C:\Documents and Settings\Michael Casserly\My Documents\Webmaster\mcasserly\fordhamhockey\code\fordhamhockey_menu1.js --> ftp.mcasserly.com /mcasserly/fordhamhockey/code fordhamhockey_menu1.js
2005.04.19 21:13 B C:\Documents and Settings\Michael Casserly\My Documents\Webmaster\mcasserly\fordhamhockey\code\WS_FTP.LOG --> ftp.mcasserly.com /mcasserly/fordhamhockey/code WS_FTP.LOG
2005.04.19 21:13 B C:\Documents and Settings\Michael Casserly\My Documents\Webmaster\mcasserly\fordhamhockey\code\pbrowser_ie.js --> ftp.mcasserly.com /mcasserly/fordhamhockey/code pbrowser_ie.js
2005.04.19 21:13 B C:\Documents and Settings\Michael Casserly\My Documents\Webmaster\mcasserly\fordhamhockey\code\fordhamhockey_menu1.js --> ftp.mcasserly.com /mcasserly/fordhamhockey/code fordhamhockey_menu1.js
2005.04.19 21:16 B C:\Documents and Settings\Michael Casserly\My Documents\Webmaster\mcasserly\fordhamhockey\code\WS_FTP.LOG --> ftp.mcasserly.com /mcasserly/fordhamhockey/code WS_FTP.LOG
2005.04.19 21:16 B C:\Documents and Settings\Michael Casserly\My Documents\Webmaster\mcasserly\fordhamhockey\code\pbrowser_ie.js --> ftp.mcasserly.com /mcasserly/fordhamhockey/code pbrowser_ie.js
2005.04.19 21:16 B C:\Documents and Settings\Michael Casserly\My Documents\Webmaster\mcasserly\fordhamhockey\code\fordhamhockey_menu1.js --> ftp.mcasserly.com /mcasserly/fordhamhockey/code fordhamhockey_menu1.js
2005.04.19 21:34 B C:\Documents and Settings\Michael Casserly\My Documents\Webmaster\mcasserly\fordhamhockey\code\WS_FTP.LOG --> ftp.mcasserly.com /mcasserly/fordhamhockey/code WS_FTP.LOG
2005.04.19 21:34 B C:\Documents and Settings\Michael Casserly\My Documents\Webmaster\mcasserly\fordhamhockey\code\pbrowser_ie.js --> ftp.mcasserly.com /mcasserly/fordhamhockey/code pbrowser_ie.js
2005.04.19 21:34 B C:\Documents and Settings\Michael Casserly\My Documents\Webmaster\mcasserly\fordhamhockey\code\fordhamhockey_menu1.js --> ftp.mcasserly.com /mcasserly/fordhamhockey/code fordhamhockey_menu1.js
2005.04.19 21:48 B C:\Documents and Settings\Michael Casserly\My Documents\Webmaster\mcasserly\fordhamhockey\code\pbrowser_ie.js --> ftp.mcasserly.com /mcasserly/fordhamhockey/code pbrowser_ie.js
2005.04.19 21:48 B C:\Documents and Settings\Michael Casserly\My Documents\Webmaster\mcasserly\fordhamhockey\code\fordhamhockey_menu1.js --> ftp.mcasserly.com /mcasserly/fordhamhockey/code fordhamhockey_menu1.js
2005.04.19 21:48 B C:\Documents and Settings\Michael Casserly\My Documents\Webmaster\mcasserly\fordhamhockey\code\corner_arrow.gif --> ftp.mcasserly.com /mcasserly/fordhamhockey/code corner_arrow.gif
2005.04.19 21:49 B C:\Documents and Settings\Michael Casserly\My Documents\Webmaster\mcasserly\fordhamhockey\code\pbrowser_safari.js --> ftp.mcasserly.com /mcasserly/fordhamhockey/code pbrowser_safari.js
2005.04.19 21:49 B C:\Documents and Settings\Michael Casserly\My Documents\Webmaster\mcasserly\fordhamhockey\code\pbrowser_opera.js --> ftp.mcasserly.com /mcasserly/fordhamhockey/code pbrowser_opera.js
2005.04.19 21:49 B C:\Documents and Settings\Michael Casserly\My Documents\Webmaster\mcasserly\fordhamhockey\code\pbrowser_iemac.js --> ftp.mcasserly.com /mcasserly/fordhamhockey/code pbrowser_iemac.js
2005.04.19 21:49 B C:\Documents and Settings\Michael Casserly\My Documents\Webmaster\mcasserly\fordhamhockey\code\pbrowser_dom.js --> ftp.mcasserly.com /mcasserly/fordhamhockey/code pbrowser_dom.js
2005.04.19 21:49 B C:\Documents and Settings\Michael Casserly\My Documents\Webmaster\mcasserly\fordhamhockey\code\down_arrow.gif --> ftp.mcasserly.com /mcasserly/fordhamhockey/code down_arrow.gif
2005.04.19 21:49 B C:\Documents and Settings\Michael Casserly\My Documents\Webmaster\mcasserly\fordhamhockey\code\circle_3.gif --> ftp.mcasserly.com /mcasserly/fordhamhockey/code circle_3.gif
2005.04.19 21:49 B C:\Documents and Settings\Michael Casserly\My Documents\Webmaster\mcasserly\fordhamhockey\code\squares_1.gif --> ftp.mcasserly.com /mcasserly/fordhamhockey/code squares_1.gif
2005.04.19 21:49 B C:\Documents and Settings\Michael Casserly\My Documents\Webmaster\mcasserly\fordhamhockey\code\medium_red_right.gif --> ftp.mcasserly.com /mcasserly/fordhamhockey/code medium_red_right.gif
2005.04.19 22:03 B C:\Documents and Settings\Michael Casserly\My Documents\Webmaster\mcasserly\fordhamhockey\code\pbrowser_ie.js --> ftp.mcasserly.com /mcasserly/fordhamhockey/code pbrowser_ie.js
2005.04.19 22:03 B C:\Documents and Settings\Michael Casserly\My Documents\Webmaster\mcasserly\fordhamhockey\code\fordhamhockey_menu1.js --> ftp.mcasserly.com /mcasserly/fordhamhockey/code fordhamhockey_menu1.js
2005.04.19 22:03 B C:\Documents and Settings\Michael Casserly\My Documents\Webmaster\mcasserly\fordhamhockey\code\WS_FTP.LOG --> ftp.mcasserly.com /mcasserly/fordhamhockey/code WS_FTP.LOG
2005.04.19 22:03 B C:\Documents and Settings\Michael Casserly\My Documents\Webmaster\mcasserly\fordhamhockey\code\circle_0.gif --> ftp.mcasserly.com /mcasserly/fordhamhockey/code circle_0.gif
2005.04.19 22:05 B C:\Documents and Settings\Michael Casserly\My Documents\Webmaster\mcasserly\fordhamhockey\code\pbrowser_ie.js --> ftp.mcasserly.com /mcasserly/fordhamhockey/code pbrowser_ie.js
2005.04.19 22:05 B C:\Documents and Settings\Michael Casserly\My Documents\Webmaster\mcasserly\fordhamhockey\code\fordhamhockey_menu1.js --> ftp.mcasserly.com /mcasserly/fordhamhockey/code fordhamhockey_menu1.js
2005.04.19 22:05 B C:\Documents and Settings\Michael Casserly\My Documents\Webmaster\mcasserly\fordhamhockey\code\WS_FTP.LOG --> ftp.mcasserly.com /mcasserly/fordhamhockey/code WS_FTP.LOG
2005.04.19 22:07 B C:\Documents and Settings\Michael Casserly\My Documents\Webmaster\mcasserly\fordhamhockey\code\pbrowser_ie.js --> ftp.mcasserly.com /mcasserly/fordhamhockey/code pbrowser_ie.js
2005.04.19 22:07 B C:\Documents and Settings\Michael Casserly\My Documents\Webmaster\mcasserly\fordhamhockey\code\fordhamhockey_menu1.js --> ftp.mcasserly.com /mcasserly/fordhamhockey/code fordhamhockey_menu1.js
2005.04.19 22:07 B C:\Documents and Settings\Michael Casserly\My Documents\Webmaster\mcasserly\fordhamhockey\code\WS_FTP.LOG --> ftp.mcasserly.com /mcasserly/fordhamhockey/code WS_FTP.LOG
2005.04.19 22:08 B C:\Documents and Settings\Michael Casserly\My Documents\Webmaster\mcasserly\fordhamhockey\code\pbrowser_ie.js --> ftp.mcasserly.com /mcasserly/fordhamhockey/code pbrowser_ie.js
2005.04.19 22:08 B C:\Documents and Settings\Michael Casserly\My Documents\Webmaster\mcasserly\fordhamhockey\code\fordhamhockey_menu1.js --> ftp.mcasserly.com /mcasserly/fordhamhockey/code fordhamhockey_menu1.js
2005.04.19 22:08 B C:\Documents and Settings\Michael Casserly\My Documents\Webmaster\mcasserly\fordhamhockey\code\WS_FTP.LOG --> ftp.mcasserly.com /mcasserly/fordhamhockey/code WS_FTP.LOG
2005.04.19 22:10 B C:\Documents and Settings\Michael Casserly\My Documents\Webmaster\mcasserly\fordhamhockey\code\pbrowser_ie.js --> ftp.mcasserly.com /mcasserly/fordhamhockey/code pbrowser_ie.js
2005.04.19 22:10 B C:\Documents and Settings\Michael Casserly\My Documents\Webmaster\mcasserly\fordhamhockey\code\fordhamhockey_menu1.js --> ftp.mcasserly.com /mcasserly/fordhamhockey/code fordhamhockey_menu1.js
2005.04.19 22:10 B C:\Documents and Settings\Michael Casserly\My Documents\Webmaster\mcasserly\fordhamhockey\code\WS_FTP.LOG --> ftp.mcasserly.com /mcasserly/fordhamhockey/code WS_FTP.LOG
2005.04.19 22:38 B C:\Documents and Settings\Michael Casserly\My Documents\Webmaster\mcasserly\fordhamhockey\code\pbrowser_ie.js --> ftp.mcasserly.com /mcasserly/fordhamhockey/code pbrowser_ie.js
2005.04.19 22:38 B C:\Documents and Settings\Michael Casserly\My Documents\Webmaster\mcasserly\fordhamhockey\code\fordhamhockey_menu1.js --> ftp.mcasserly.com /mcasserly/fordhamhockey/code fordhamhockey_menu1.js
2005.04.19 22:38 B C:\Documents and Settings\Michael Casserly\My Documents\Webmaster\mcasserly\fordhamhockey\code\WS_FTP.LOG --> ftp.mcasserly.com /mcasserly/fordhamhockey/code WS_FTP.LOG
2005.04.19 22:39 B C:\Documents and Settings\Michael Casserly\My Documents\Webmaster\mcasserly\fordhamhockey\code\pbrowser_ie.js --> ftp.mcasserly.com /mcasserly/fordhamhockey/code pbrowser_ie.js
2005.04.19 22:39 B C:\Documents and Settings\Michael Casserly\My Documents\Webmaster\mcasserly\fordhamhockey\code\fordhamhockey_menu1.js --> ftp.mcasserly.com /mcasserly/fordhamhockey/code fordhamhockey_menu1.js
2005.04.19 22:39 B C:\Documents and Settings\Michael Casserly\My Documents\Webmaster\mcasserly\fordhamhockey\code\WS_FTP.LOG --> ftp.mcasserly.com /mcasserly/fordhamhockey/code WS_FTP.LOG
2005.04.19 22:41 B C:\Documents and Settings\Michael Casserly\My Documents\Webmaster\mcasserly\fordhamhockey\code\pbrowser_ie.js --> ftp.mcasserly.com /mcasserly/fordhamhockey/code pbrowser_ie.js
2005.04.19 22:41 B C:\Documents and Settings\Michael Casserly\My Documents\Webmaster\mcasserly\fordhamhockey\code\fordhamhockey_menu1.js --> ftp.mcasserly.com /mcasserly/fordhamhockey/code fordhamhockey_menu1.js
2005.04.19 22:41 B C:\Documents and Settings\Michael Casserly\My Documents\Webmaster\mcasserly\fordhamhockey\code\WS_FTP.LOG --> ftp.mcasserly.com /mcasserly/fordhamhockey/code WS_FTP.LOG
2005.04.20 19:13 B C:\Documents and Settings\Michael Casserly\My Documents\Webmaster\mcasserly\fordhamhockey\code\WS_FTP.LOG --> ftp.mcasserly.com /mcasserly/fordhamhockey/code WS_FTP.LOG
2005.04.20 19:13 B C:\Documents and Settings\Michael Casserly\My Documents\Webmaster\mcasserly\fordhamhockey\code\pbrowser_ie.js --> ftp.mcasserly.com /mcasserly/fordhamhockey/code pbrowser_ie.js
2005.04.20 19:13 B C:\Documents and Settings\Michael Casserly\My Documents\Webmaster\mcasserly\fordhamhockey\code\fordhamhockey_menu1.js --> ftp.mcasserly.com /mcasserly/fordhamhockey/code fordhamhockey_menu1.js
2005.04.21 22:55 B C:\Documents and Settings\Michael Casserly\My Documents\Webmaster\mcasserly\fordhamhockey\code\pbrowser_ie.js --> ftp.mcasserly.com /mcasserly/fordhamhockey/code pbrowser_ie.js
2005.04.21 22:55 B C:\Documents and Settings\Michael Casserly\My Documents\Webmaster\mcasserly\fordhamhockey\code\fordhamhockey_menu1.js --> ftp.mcasserly.com /mcasserly/fordhamhockey/code fordhamhockey_menu1.js
2005.04.21 22:58 B C:\Documents and Settings\Michael Casserly\My Documents\Webmaster\mcasserly\fordhamhockey\code\pbrowser_ie.js --> ftp.mcasserly.com /mcasserly/fordhamhockey/code pbrowser_ie.js
2005.04.21 22:58 B C:\Documents and Settings\Michael Casserly\My Documents\Webmaster\mcasserly\fordhamhockey\code\fordhamhockey_menu1.js --> ftp.mcasserly.com /mcasserly/fordhamhockey/code fordhamhockey_menu1.js
2005.04.21 22:58 B C:\Documents and Settings\Michael Casserly\My Documents\Webmaster\mcasserly\fordhamhockey\code\WS_FTP.LOG --> ftp.mcasserly.com /mcasserly/fordhamhockey/code WS_FTP.LOG
2005.04.21 23:13 B C:\Documents and Settings\Michael Casserly\My Documents\Webmaster\mcasserly\fordhamhockey\code\pbrowser_ie.js --> ftp.mcasserly.com /mcasserly/fordhamhockey/code pbrowser_ie.js
2005.04.21 23:13 B C:\Documents and Settings\Michael Casserly\My Documents\Webmaster\mcasserly\fordhamhockey\code\fordhamhockey_menu1.js --> ftp.mcasserly.com /mcasserly/fordhamhockey/code fordhamhockey_menu1.js
2005.04.21 23:13 B C:\Documents and Settings\Michael Casserly\My Documents\Webmaster\mcasserly\fordhamhockey\code\WS_FTP.LOG --> ftp.mcasserly.com /mcasserly/fordhamhockey/code WS_FTP.LOG
2005.04.21 23:16 B C:\Documents and Settings\Michael Casserly\My Documents\Webmaster\mcasserly\fordhamhockey\code\pbrowser_ie.js --> ftp.mcasserly.com /mcasserly/fordhamhockey/code pbrowser_ie.js
2005.04.21 23:16 B C:\Documents and Settings\Michael Casserly\My Documents\Webmaster\mcasserly\fordhamhockey\code\fordhamhockey_menu1.js --> ftp.mcasserly.com /mcasserly/fordhamhockey/code fordhamhockey_menu1.js
2005.04.21 23:16 B C:\Documents and Settings\Michael Casserly\My Documents\Webmaster\mcasserly\fordhamhockey\code\WS_FTP.LOG --> ftp.mcasserly.com /mcasserly/fordhamhockey/code WS_FTP.LOG
2005.04.21 23:17 B C:\Documents and Settings\Michael Casserly\My Documents\Webmaster\mcasserly\fordhamhockey\code\WS_FTP.LOG --> ftp.mcasserly.com /mcasserly/fordhamhockey/code WS_FTP.LOG
2005.04.21 23:17 B C:\Documents and Settings\Michael Casserly\My Documents\Webmaster\mcasserly\fordhamhockey\code\pbrowser_ie.js --> ftp.mcasserly.com /mcasserly/fordhamhockey/code pbrowser_ie.js
2005.04.21 23:17 B C:\Documents and Settings\Michael Casserly\My Documents\Webmaster\mcasserly\fordhamhockey\code\fordhamhockey_menu1.js --> ftp.mcasserly.com /mcasserly/fordhamhockey/code fordhamhockey_menu1.js
2005.04.21 23:18 B C:\Documents and Settings\Michael Casserly\My Documents\Webmaster\mcasserly\fordhamhockey\code\WS_FTP.LOG --> ftp.mcasserly.com /mcasserly/fordhamhockey/code WS_FTP.LOG
2005.04.21 23:18 B C:\Documents and Settings\Michael Casserly\My Documents\Webmaster\mcasserly\fordhamhockey\code\pbrowser_ie.js --> ftp.mcasserly.com /mcasserly/fordhamhockey/code pbrowser_ie.js
2005.04.21 23:18 B C:\Documents and Settings\Michael Casserly\My Documents\Webmaster\mcasserly\fordhamhockey\code\fordhamhockey_menu1.js --> ftp.mcasserly.com /mcasserly/fordhamhockey/code fordhamhockey_menu1.js
2005.04.21 23:25 B C:\Documents and Settings\Michael Casserly\My Documents\Webmaster\mcasserly\fordhamhockey\code\pbrowser_ie.js --> ftp.mcasserly.com /mcasserly/fordhamhockey/code pbrowser_ie.js
2005.04.21 23:25 B C:\Documents and Settings\Michael Casserly\My Documents\Webmaster\mcasserly\fordhamhockey\code\fordhamhockey_menu1.js --> ftp.mcasserly.com /mcasserly/fordhamhockey/code fordhamhockey_menu1.js
2005.04.21 23:25 B C:\Documents and Settings\Michael Casserly\My Documents\Webmaster\mcasserly\fordhamhockey\code\WS_FTP.LOG --> ftp.mcasserly.com /mcasserly/fordhamhockey/code WS_FTP.LOG
2005.04.21 23:28 B C:\Documents and Settings\Michael Casserly\My Documents\Webmaster\mcasserly\fordhamhockey\code\pbrowser_ie.js --> ftp.mcasserly.com /mcasserly/fordhamhockey/code pbrowser_ie.js
2005.04.21 23:28 B C:\Documents and Settings\Michael Casserly\My Documents\Webmaster\mcasserly\fordhamhockey\code\fordhamhockey_menu1.js --> ftp.mcasserly.com /mcasserly/fordhamhockey/code fordhamhockey_menu1.js
2005.04.21 23:28 B C:\Documents and Settings\Michael Casserly\My Documents\Webmaster\mcasserly\fordhamhockey\code\WS_FTP.LOG --> ftp.mcasserly.com /mcasserly/fordhamhockey/code WS_FTP.LOG
2005.05.01 14:09 A C:\Documents and Settings\Michael Casserly\My Documents\Webmaster\mcasserly\fordhamhockey\code\pbrowser_ie.js --> ftp.mcasserly.com /mcasserly/fordhamhockey/code pbrowser_ie.js
2005.05.01 14:09 A C:\Documents and Settings\Michael Casserly\My Documents\Webmaster\mcasserly\fordhamhockey\code\fordhamhockey_menu1.js --> ftp.mcasserly.com /mcasserly/fordhamhockey/code fordhamhockey_menu1.js
2005.05.01 14:09 B C:\Documents and Settings\Michael Casserly\My Documents\Webmaster\mcasserly\fordhamhockey\code\WS_FTP.LOG --> ftp.mcasserly.com /mcasserly/fordhamhockey/code WS_FTP.LOG
2005.05.01 14:13 A C:\Documents and Settings\Michael Casserly\My Documents\Webmaster\mcasserly\fordhamhockey\code\pbrowser_ie.js --> ftp.mcasserly.com /mcasserly/fordhamhockey/code pbrowser_ie.js
2005.05.01 14:13 A C:\Documents and Settings\Michael Casserly\My Documents\Webmaster\mcasserly\fordhamhockey\code\fordhamhockey_menu1.js --> ftp.mcasserly.com /mcasserly/fordhamhockey/code fordhamhockey_menu1.js
2005.05.01 14:13 B C:\Documents and Settings\Michael Casserly\My Documents\Webmaster\mcasserly\fordhamhockey\code\WS_FTP.LOG --> ftp.mcasserly.com /mcasserly/fordhamhockey/code WS_FTP.LOG
2005.05.01 14:15 A C:\Documents and Settings\Michael Casserly\My Documents\Webmaster\mcasserly\fordhamhockey\code\pbrowser_ie.js --> ftp.mcasserly.com /mcasserly/fordhamhockey/code pbrowser_ie.js
2005.05.01 14:15 A C:\Documents and Settings\Michael Casserly\My Documents\Webmaster\mcasserly\fordhamhockey\code\fordhamhockey_menu1.js --> ftp.mcasserly.com /mcasserly/fordhamhockey/code fordhamhockey_menu1.js
2005.05.01 14:15 B C:\Documents and Settings\Michael Casserly\My Documents\Webmaster\mcasserly\fordhamhockey\code\WS_FTP.LOG --> ftp.mcasserly.com /mcasserly/fordhamhockey/code WS_FTP.LOG
2005.05.01 18:12 A C:\Documents and Settings\Michael Casserly\My Documents\Webmaster\mcasserly\fordhamhockey\code\pbrowser_ie.js --> ftp.mcasserly.com /mcasserly/fordhamhockey/code pbrowser_ie.js
2005.05.01 18:12 A C:\Documents and Settings\Michael Casserly\My Documents\Webmaster\mcasserly\fordhamhockey\code\fordhamhockey_menu1.js --> ftp.mcasserly.com /mcasserly/fordhamhockey/code fordhamhockey_menu1.js
2005.05.01 18:12 B C:\Documents and Settings\Michael Casserly\My Documents\Webmaster\mcasserly\fordhamhockey\code\WS_FTP.LOG --> ftp.mcasserly.com /mcasserly/fordhamhockey/code WS_FTP.LOG
2005.07.31 20:41 B C:\Documents and Settings\Michael Casserly\My Documents\Webmaster\fordhamramshockey\code\medium_red_right.gif --> ftp.mcasserly.com /mcasserly/fordhamramshockey/code medium_red_right.gif
2005.07.31 20:41 B C:\Documents and Settings\Michael Casserly\My Documents\Webmaster\fordhamramshockey\code\squares_1.gif --> ftp.mcasserly.com /mcasserly/fordhamramshockey/code squares_1.gif
2005.07.31 20:41 B C:\Documents and Settings\Michael Casserly\My Documents\Webmaster\fordhamramshockey\code\circle_0.gif --> ftp.mcasserly.com /mcasserly/fordhamramshockey/code circle_0.gif
2005.07.31 20:41 B C:\Documents and Settings\Michael Casserly\My Documents\Webmaster\fordhamramshockey\code\circle_3.gif --> ftp.mcasserly.com /mcasserly/fordhamramshockey/code circle_3.gif
2005.07.31 20:41 B C:\Documents and Settings\Michael Casserly\My Documents\Webmaster\fordhamramshockey\code\down_arrow.gif --> ftp.mcasserly.com /mcasserly/fordhamramshockey/code down_arrow.gif
2005.07.31 20:41 A C:\Documents and Settings\Michael Casserly\My Documents\Webmaster\fordhamramshockey\code\pbrowser_dom.js --> ftp.mcasserly.com /mcasserly/fordhamramshockey/code pbrowser_dom.js
2005.07.31 20:41 A C:\Documents and Settings\Michael Casserly\My Documents\Webmaster\fordhamramshockey\code\pbrowser_iemac.js --> ftp.mcasserly.com /mcasserly/fordhamramshockey/code pbrowser_iemac.js
2005.07.31 20:41 A C:\Documents and Settings\Michael Casserly\My Documents\Webmaster\fordhamramshockey\code\pbrowser_opera.js --> ftp.mcasserly.com /mcasserly/fordhamramshockey/code pbrowser_opera.js
2005.07.31 20:41 A C:\Documents and Settings\Michael Casserly\My Documents\Webmaster\fordhamramshockey\code\pbrowser_safari.js --> ftp.mcasserly.com /mcasserly/fordhamramshockey/code pbrowser_safari.js
2005.07.31 20:41 B C:\Documents and Settings\Michael Casserly\My Documents\Webmaster\fordhamramshockey\code\corner_arrow.gif --> ftp.mcasserly.com /mcasserly/fordhamramshockey/code corner_arrow.gif
2005.07.31 20:41 B C:\Documents and Settings\Michael Casserly\My Documents\Webmaster\fordhamramshockey\code\WS_FTP.LOG --> ftp.mcasserly.com /mcasserly/fordhamramshockey/code WS_FTP.LOG
2005.07.31 20:41 A C:\Documents and Settings\Michael Casserly\My Documents\Webmaster\fordhamramshockey\code\fordhamhockey_menu1.js --> ftp.mcasserly.com /mcasserly/fordhamramshockey/code fordhamhockey_menu1.js
2005.07.31 20:41 A C:\Documents and Settings\Michael Casserly\My Documents\Webmaster\fordhamramshockey\code\pbrowser_ie.js --> ftp.mcasserly.com /mcasserly/fordhamramshockey/code pbrowser_ie.js
2005.08.07 19:18 B C:\Documents and Settings\Michael Casserly\My Documents\Webmaster\fordhamramshockey\code\WS_FTP.LOG --> ftp.mcasserly.com /mcasserly/fordhamramshockey/code WS_FTP.LOG
2005.09.18 15:22 A C:\Documents and Settings\Michael Casserly\My Documents\Webmaster\fordhamramshockey\code\pbrowser_ie.js --> ftp.mcasserly.com /mcasserly/fordhamramshockey/code pbrowser_ie.js
2005.09.18 15:22 A C:\Documents and Settings\Michael Casserly\My Documents\Webmaster\fordhamramshockey\code\fordhamhockey_menu1.js --> ftp.mcasserly.com /mcasserly/fordhamramshockey/code fordhamhockey_menu1.js
2005.10.08 16:15 A C:\Documents and Settings\Michael Casserly\My Documents\Webmaster\fordhamramshockey\code\pbrowser_ie.js --> ftp.mcasserly.com /mcasserly/fordhamramshockey/code pbrowser_ie.js
2005.10.08 16:15 A C:\Documents and Settings\Michael Casserly\My Documents\Webmaster\fordhamramshockey\code\fordhamhockey_menu1.js --> ftp.mcasserly.com /mcasserly/fordhamramshockey/code fordhamhockey_menu1.js
2005.10.08 16:15 B C:\Documents and Settings\Michael Casserly\My Documents\Webmaster\fordhamramshockey\code\WS_FTP.LOG --> ftp.mcasserly.com /mcasserly/fordhamramshockey/code WS_FTP.LOG
2005.10.10 21:22 A C:\Documents and Settings\Michael Casserly\My Documents\Webmaster\fordhamramshockey\code\pbrowser_ie.js --> ftp.mcasserly.com /mcasserly/fordhamramshockey/code pbrowser_ie.js
2005.10.10 21:22 A C:\Documents and Settings\Michael Casserly\My Documents\Webmaster\fordhamramshockey\code\fordhamhockey_menu1.js --> ftp.mcasserly.com /mcasserly/fordhamramshockey/code fordhamhockey_menu1.js
2005.10.10 21:22 B C:\Documents and Settings\Michael Casserly\My Documents\Webmaster\fordhamramshockey\code\WS_FTP.LOG --> ftp.mcasserly.com /mcasserly/fordhamramshockey/code WS_FTP.LOG
2005.10.11 23:04 A C:\Documents and Settings\Michael Casserly\My Documents\Webmaster\fordhamramshockey\code\pbrowser_ie.js --> ftp.mcasserly.com /mcasserly/fordhamramshockey/code pbrowser_ie.js
2005.10.11 23:04 A C:\Documents and Settings\Michael Casserly\My Documents\Webmaster\fordhamramshockey\code\fordhamhockey_menu1.js --> ftp.mcasserly.com /mcasserly/fordhamramshockey/code fordhamhockey_menu1.js
2005.10.11 23:05 A C:\Documents and Settings\Michael Casserly\My Documents\Webmaster\fordhamramshockey\code\pbrowser_ie.js --> ftp.mcasserly.com /mcasserly/fordhamramshockey/code pbrowser_ie.js
2005.10.11 23:05 A C:\Documents and Settings\Michael Casserly\My Documents\Webmaster\fordhamramshockey\code\fordhamhockey_menu1.js --> ftp.mcasserly.com /mcasserly/fordhamramshockey/code fordhamhockey_menu1.js
2005.10.13 21:59 A C:\Documents and Settings\Michael Casserly\My Documents\Webmaster\fordhamramshockey\code\pbrowser_ie.js --> ftp.mcasserly.com /mcasserly/fordhamramshockey/code pbrowser_ie.js
2005.10.13 21:59 A C:\Documents and Settings\Michael Casserly\My Documents\Webmaster\fordhamramshockey\code\fordhamhockey_menu1.js --> ftp.mcasserly.com /mcasserly/fordhamramshockey/code fordhamhockey_menu1.js
2005.10.13 21:59 B C:\Documents and Settings\Michael Casserly\My Documents\Webmaster\fordhamramshockey\code\WS_FTP.LOG --> ftp.mcasserly.com /mcasserly/fordhamramshockey/code WS_FTP.LOG
2005.10.13 22:03 A C:\Documents and Settings\Michael Casserly\My Documents\Webmaster\fordhamramshockey\code\pbrowser_ie.js --> ftp.mcasserly.com /mcasserly/fordhamramshockey/code pbrowser_ie.js
2005.10.13 22:03 A C:\Documents and Settings\Michael Casserly\My Documents\Webmaster\fordhamramshockey\code\fordhamhockey_menu1.js --> ftp.mcasserly.com /mcasserly/fordhamramshockey/code fordhamhockey_menu1.js
2005.10.13 22:03 B C:\Documents and Settings\Michael Casserly\My Documents\Webmaster\fordhamramshockey\code\WS_FTP.LOG --> ftp.mcasserly.com /mcasserly/fordhamramshockey/code WS_FTP.LOG
2005.10.13 22:05 A C:\Documents and Settings\Michael Casserly\My Documents\Webmaster\fordhamramshockey\code\pbrowser_ie.js --> ftp.mcasserly.com /mcasserly/fordhamramshockey/code pbrowser_ie.js
2005.10.13 22:05 A C:\Documents and Settings\Michael Casserly\My Documents\Webmaster\fordhamramshockey\code\fordhamhockey_menu1.js --> ftp.mcasserly.com /mcasserly/fordhamramshockey/code fordhamhockey_menu1.js
2005.10.13 22:05 B C:\Documents and Settings\Michael Casserly\My Documents\Webmaster\fordhamramshockey\code\WS_FTP.LOG --> ftp.mcasserly.com /mcasserly/fordhamramshockey/code WS_FTP.LOG
2005.10.13 22:06 A C:\Documents and Settings\Michael Casserly\My Documents\Webmaster\fordhamramshockey\code\pbrowser_ie.js --> ftp.mcasserly.com /mcasserly/fordhamramshockey/code pbrowser_ie.js
2005.10.13 22:06 A C:\Documents and Settings\Michael Casserly\My Documents\Webmaster\fordhamramshockey\code\fordhamhockey_menu1.js --> ftp.mcasserly.com /mcasserly/fordhamramshockey/code fordhamhockey_menu1.js
2005.10.13 22:06 B C:\Documents and Settings\Michael Casserly\My Documents\Webmaster\fordhamramshockey\code\WS_FTP.LOG --> ftp.mcasserly.com /mcasserly/fordhamramshockey/code WS_FTP.LOG
2005.10.13 22:07 A C:\Documents and Settings\Michael Casserly\My Documents\Webmaster\fordhamramshockey\code\pbrowser_ie.js --> ftp.mcasserly.com /mcasserly/fordhamramshockey/code pbrowser_ie.js
2005.10.13 22:07 A C:\Documents and Settings\Michael Casserly\My Documents\Webmaster\fordhamramshockey\code\fordhamhockey_menu1.js --> ftp.mcasserly.com /mcasserly/fordhamramshockey/code fordhamhockey_menu1.js
2005.10.13 22:07 B C:\Documents and Settings\Michael Casserly\My Documents\Webmaster\fordhamramshockey\code\WS_FTP.LOG --> ftp.mcasserly.com /mcasserly/fordhamramshockey/code WS_FTP.LOG
2005.10.13 22:08 A C:\Documents and Settings\Michael Casserly\My Documents\Webmaster\fordhamramshockey\code\pbrowser_ie.js --> ftp.mcasserly.com /mcasserly/fordhamramshockey/code pbrowser_ie.js
2005.10.13 22:08 A C:\Documents and Settings\Michael Casserly\My Documents\Webmaster\fordhamramshockey\code\fordhamhockey_menu1.js --> ftp.mcasserly.com /mcasserly/fordhamramshockey/code fordhamhockey_menu1.js
2005.10.13 22:08 B C:\Documents and Settings\Michael Casserly\My Documents\Webmaster\fordhamramshockey\code\WS_FTP.LOG --> ftp.mcasserly.com /mcasserly/fordhamramshockey/code WS_FTP.LOG
2005.10.17 22:37 B C:\Documents and Settings\Michael Casserly\My Documents\Webmaster\fordhamramshockey\code\WS_FTP.LOG --> ftp.fordhamramshockey.com /mcasserly/code WS_FTP.LOG
2005.10.17 22:37 A C:\Documents and Settings\Michael Casserly\My Documents\Webmaster\fordhamramshockey\code\pbrowser_ie.js --> ftp.fordhamramshockey.com /mcasserly/code pbrowser_ie.js
2005.10.17 22:37 A C:\Documents and Settings\Michael Casserly\My Documents\Webmaster\fordhamramshockey\code\fordhamhockey_menu1.js --> ftp.fordhamramshockey.com /mcasserly/code fordhamhockey_menu1.js
2005.10.17 22:37 B C:\Documents and Settings\Michael Casserly\My Documents\Webmaster\fordhamramshockey\code\corner_arrow.gif --> ftp.fordhamramshockey.com /mcasserly/code corner_arrow.gif
2005.10.17 22:37 A C:\Documents and Settings\Michael Casserly\My Documents\Webmaster\fordhamramshockey\code\pbrowser_safari.js --> ftp.fordhamramshockey.com /mcasserly/code pbrowser_safari.js
2005.10.17 22:37 A C:\Documents and Settings\Michael Casserly\My Documents\Webmaster\fordhamramshockey\code\pbrowser_opera.js --> ftp.fordhamramshockey.com /mcasserly/code pbrowser_opera.js
2005.10.17 22:37 A C:\Documents and Settings\Michael Casserly\My Documents\Webmaster\fordhamramshockey\code\pbrowser_iemac.js --> ftp.fordhamramshockey.com /mcasserly/code pbrowser_iemac.js
2005.10.17 22:37 A C:\Documents and Settings\Michael Casserly\My Documents\Webmaster\fordhamramshockey\code\pbrowser_dom.js --> ftp.fordhamramshockey.com /mcasserly/code pbrowser_dom.js
2005.10.17 22:37 B C:\Documents and Settings\Michael Casserly\My Documents\Webmaster\fordhamramshockey\code\down_arrow.gif --> ftp.fordhamramshockey.com /mcasserly/code down_arrow.gif
2005.10.17 22:37 B C:\Documents and Settings\Michael Casserly\My Documents\Webmaster\fordhamramshockey\code\circle_3.gif --> ftp.fordhamramshockey.com /mcasserly/code circle_3.gif
2005.10.17 22:37 B C:\Documents and Settings\Michael Casserly\My Documents\Webmaster\fordhamramshockey\code\circle_0.gif --> ftp.fordhamramshockey.com /mcasserly/code circle_0.gif
2005.10.17 22:37 B C:\Documents and Settings\Michael Casserly\My Documents\Webmaster\fordhamramshockey\code\squares_1.gif --> ftp.fordhamramshockey.com /mcasserly/code squares_1.gif
2005.10.17 22:37 B C:\Documents and Settings\Michael Casserly\My Documents\Webmaster\fordhamramshockey\code\medium_red_right.gif --> ftp.fordhamramshockey.com /mcasserly/code medium_red_right.gif
2005.10.17 23:51 A C:\Documents and Settings\Michael Casserly\My Documents\Webmaster\fordhamramshockey\code\pbrowser_ie.js --> ftp.fordhamramshockey.com /mcasserly/code pbrowser_ie.js
2005.10.17 23:51 A C:\Documents and Settings\Michael Casserly\My Documents\Webmaster\fordhamramshockey\code\fordhamhockey_menu1.js --> ftp.fordhamramshockey.com /mcasserly/code fordhamhockey_menu1.js
2005.10.17 23:52 B C:\Documents and Settings\Michael Casserly\My Documents\Webmaster\fordhamramshockey\code\WS_FTP.LOG --> ftp.fordhamramshockey.com /mcasserly/code WS_FTP.LOG
2005.10.18 23:01 A C:\Documents and Settings\Michael Casserly\My Documents\Webmaster\fordhamramshockey\code\fordhamhockey_menu1.js --> ftp.fordhamramshockey.com /mcasserly/code fordhamhockey_menu1.js
2005.10.18 23:01 A C:\Documents and Settings\Michael Casserly\My Documents\Webmaster\fordhamramshockey\code\pbrowser_ie.js --> ftp.fordhamramshockey.com /mcasserly/code pbrowser_ie.js
2005.10.18 23:01 B C:\Documents and Settings\Michael Casserly\My Documents\Webmaster\fordhamramshockey\code\WS_FTP.LOG --> ftp.fordhamramshockey.com /mcasserly/code WS_FTP.LOG
2005.10.20 00:38 B C:\Documents and Settings\Michael Casserly\My Documents\Webmaster\fordhamramshockey\code\down_arrow.gif --> ftp.fordhamramshockey.com /mcasserly down_arrow.gif
2005.10.25 23:43 B C:\Documents and Settings\Michael Casserly\My Documents\Webmaster\fordhamramshockey\code\WS_FTP.LOG --> ftp.fordhamramshockey.com /mcasserly/code WS_FTP.LOG
2005.10.25 23:43 A C:\Documents and Settings\Michael Casserly\My Documents\Webmaster\fordhamramshockey\code\fordhamhockey_menu1.js --> ftp.fordhamramshockey.com /mcasserly/code fordhamhockey_menu1.js
2005.10.25 23:43 A C:\Documents and Settings\Michael Casserly\My Documents\Webmaster\fordhamramshockey\code\pbrowser_ie.js --> ftp.fordhamramshockey.com /mcasserly/code pbrowser_ie.js
2005.10.26 23:11 A C:\Documents and Settings\Michael Casserly\My Documents\Webmaster\fordhamramshockey\code\pbrowser_ie.js --> ftp.fordhamramshockey.com /mcasserly/code pbrowser_ie.js
2005.10.26 23:11 A C:\Documents and Settings\Michael Casserly\My Documents\Webmaster\fordhamramshockey\code\fordhamhockey_menu1.js --> ftp.fordhamramshockey.com /mcasserly/code fordhamhockey_menu1.js
2005.10.26 23:11 B C:\Documents and Settings\Michael Casserly\My Documents\Webmaster\fordhamramshockey\code\WS_FTP.LOG --> ftp.fordhamramshockey.com /mcasserly/code WS_FTP.LOG
2005.11.16 22:09 A C:\Documents and Settings\Michael Casserly\My Documents\Webmaster\fordhamramshockey\code\fordhamhockey_menu1.js --> ftp.fordhamramshockey.com /mcasserly/code fordhamhockey_menu1.js
2005.11.16 22:09 A C:\Documents and Settings\Michael Casserly\My Documents\Webmaster\fordhamramshockey\code\pbrowser_ie.js --> ftp.fordhamramshockey.com /mcasserly/code pbrowser_ie.js
2005.11.16 22:09 B C:\Documents and Settings\Michael Casserly\My Documents\Webmaster\fordhamramshockey\code\WS_FTP.LOG --> ftp.fordhamramshockey.com /mcasserly/code WS_FTP.LOG
2005.12.06 23:22 B C:\Documents and Settings\Michael Casserly\My Documents\Webmaster\fordhamramshockey\code\WS_FTP.LOG --> ftp.mcasserly.com /mcasserly/fordhamramshockey/code WS_FTP.LOG
2005.12.06 23:22 A C:\Documents and Settings\Michael Casserly\My Documents\Webmaster\fordhamramshockey\code\fordhamhockey_menu1.js --> ftp.mcasserly.com /mcasserly/fordhamramshockey/code fordhamhockey_menu1.js
2005.12.06 23:22 A C:\Documents and Settings\Michael Casserly\My Documents\Webmaster\fordhamramshockey\code\pbrowser_ie.js --> ftp.mcasserly.com /mcasserly/fordhamramshockey/code pbrowser_ie.js
2005.12.06 23:59 B C:\Documents and Settings\Michael Casserly\My Documents\Webmaster\fordhamramshockey\code\WS_FTP.LOG --> ftp.mcasserly.com /mcasserly/fordhamramshockey/code WS_FTP.LOG
2005.12.07 00:28 A C:\Documents and Settings\Michael Casserly\My Documents\Webmaster\fordhamramshockey\code\pbrowser_ie.js --> ftp.mcasserly.com /mcasserly/fordhamramshockey/code pbrowser_ie.js
2005.12.07 00:28 A C:\Documents and Settings\Michael Casserly\My Documents\Webmaster\fordhamramshockey\code\fordhamhockey_menu1.js --> ftp.mcasserly.com /mcasserly/fordhamramshockey/code fordhamhockey_menu1.js
2005.12.07 00:28 B C:\Documents and Settings\Michael Casserly\My Documents\Webmaster\fordhamramshockey\code\WS_FTP.LOG --> ftp.mcasserly.com /mcasserly/fordhamramshockey/code WS_FTP.LOG
2005.12.07 00:30 A C:\Documents and Settings\Michael Casserly\My Documents\Webmaster\fordhamramshockey\code\pbrowser_ie.js --> ftp.mcasserly.com /mcasserly/fordhamramshockey/code pbrowser_ie.js
2005.12.07 00:31 A C:\Documents and Settings\Michael Casserly\My Documents\Webmaster\fordhamramshockey\code\fordhamhockey_menu1.js --> ftp.mcasserly.com /mcasserly/fordhamramshockey/code fordhamhockey_menu1.js
2005.12.07 00:31 B C:\Documents and Settings\Michael Casserly\My Documents\Webmaster\fordhamramshockey\code\WS_FTP.LOG --> ftp.mcasserly.com /mcasserly/fordhamramshockey/code WS_FTP.LOG
2005.12.07 00:32 A C:\Documents and Settings\Michael Casserly\My Documents\Webmaster\fordhamramshockey\code\pbrowser_ie.js --> ftp.mcasserly.com /mcasserly/fordhamramshockey/code pbrowser_ie.js
2005.12.07 00:32 A C:\Documents and Settings\Michael Casserly\My Documents\Webmaster\fordhamramshockey\code\fordhamhockey_menu1.js --> ftp.mcasserly.com /mcasserly/fordhamramshockey/code fordhamhockey_menu1.js
2005.12.07 00:32 B C:\Documents and Settings\Michael Casserly\My Documents\Webmaster\fordhamramshockey\code\WS_FTP.LOG --> ftp.mcasserly.com /mcasserly/fordhamramshockey/code WS_FTP.LOG
2005.12.07 00:37 A C:\Documents and Settings\Michael Casserly\My Documents\Webmaster\fordhamramshockey\code\pbrowser_ie.js --> ftp.mcasserly.com /mcasserly/fordhamramshockey/code pbrowser_ie.js
2005.12.07 00:37 A C:\Documents and Settings\Michael Casserly\My Documents\Webmaster\fordhamramshockey\code\fordhamhockey_menu1.js --> ftp.mcasserly.com /mcasserly/fordhamramshockey/code fordhamhockey_menu1.js
2005.12.07 00:37 B C:\Documents and Settings\Michael Casserly\My Documents\Webmaster\fordhamramshockey\code\WS_FTP.LOG --> ftp.mcasserly.com /mcasserly/fordhamramshockey/code WS_FTP.LOG
2005.12.12 23:27 B C:\Documents and Settings\Michael Casserly\My Documents\Webmaster\fordhamramshockey\code\WS_FTP.LOG --> ftp.fordhamramshockey.com /mcasserly/code WS_FTP.LOG
2005.12.12 23:27 A C:\Documents and Settings\Michael Casserly\My Documents\Webmaster\fordhamramshockey\code\pbrowser_ie.js --> ftp.fordhamramshockey.com /mcasserly/code pbrowser_ie.js
2005.12.12 23:27 A C:\Documents and Settings\Michael Casserly\My Documents\Webmaster\fordhamramshockey\code\fordhamhockey_menu1.js --> ftp.fordhamramshockey.com /mcasserly/code fordhamhockey_menu1.js
2005.12.13 01:01 B C:\Documents and Settings\Michael Casserly\My Documents\Webmaster\fordhamramshockey\code\WS_FTP.LOG --> ftp.fordhamramshockey.com /mcasserly/code WS_FTP.LOG
2005.12.14 23:13 A C:\Documents and Settings\Michael Casserly\My Documents\Webmaster\fordhamramshockey\code\pbrowser_ie.js --> ftp.mcasserly.com /mcasserly/fordhamramshockey/code pbrowser_ie.js
2005.12.14 23:13 A C:\Documents and Settings\Michael Casserly\My Documents\Webmaster\fordhamramshockey\code\fordhamhockey_menu1.js --> ftp.mcasserly.com /mcasserly/fordhamramshockey/code fordhamhockey_menu1.js
2005.12.14 23:13 B C:\Documents and Settings\Michael Casserly\My Documents\Webmaster\fordhamramshockey\code\WS_FTP.LOG --> ftp.mcasserly.com /mcasserly/fordhamramshockey/code WS_FTP.LOG
2005.12.14 23:14 A C:\Documents and Settings\Michael Casserly\My Documents\Webmaster\fordhamramshockey\code\pbrowser_ie.js --> ftp.mcasserly.com /mcasserly/fordhamramshockey/code pbrowser_ie.js
2005.12.14 23:14 A C:\Documents and Settings\Michael Casserly\My Documents\Webmaster\fordhamramshockey\code\fordhamhockey_menu1.js --> ftp.mcasserly.com /mcasserly/fordhamramshockey/code fordhamhockey_menu1.js
2005.12.14 23:14 B C:\Documents and Settings\Michael Casserly\My Documents\Webmaster\fordhamramshockey\code\WS_FTP.LOG --> ftp.mcasserly.com /mcasserly/fordhamramshockey/code WS_FTP.LOG
2005.12.14 23:16 A C:\Documents and Settings\Michael Casserly\My Documents\Webmaster\fordhamramshockey\code\pbrowser_ie.js --> ftp.mcasserly.com /mcasserly/fordhamramshockey/code pbrowser_ie.js
2005.12.14 23:16 A C:\Documents and Settings\Michael Casserly\My Documents\Webmaster\fordhamramshockey\code\fordhamhockey_menu1.js --> ftp.mcasserly.com /mcasserly/fordhamramshockey/code fordhamhockey_menu1.js
2005.12.14 23:16 B C:\Documents and Settings\Michael Casserly\My Documents\Webmaster\fordhamramshockey\code\WS_FTP.LOG --> ftp.mcasserly.com /mcasserly/fordhamramshockey/code WS_FTP.LOG
2005.12.15 02:18 B C:\Documents and Settings\Michael Casserly\My Documents\Webmaster\fordhamramshockey\code\WS_FTP.LOG --> ftp.fordhamramshockey.com /mcasserly/code WS_FTP.LOG
2005.12.15 02:18 A C:\Documents and Settings\Michael Casserly\My Documents\Webmaster\fordhamramshockey\code\pbrowser_ie.js --> ftp.fordhamramshockey.com /mcasserly/code pbrowser_ie.js
2005.12.15 02:18 A C:\Documents and Settings\Michael Casserly\My Documents\Webmaster\fordhamramshockey\code\fordhamhockey_menu1.js --> ftp.fordhamramshockey.com /mcasserly/code fordhamhockey_menu1.js
2006.01.14 19:17 B C:\Documents and Settings\Michael Casserly\My Documents\Webmaster\fordhamramshockey\code\WS_FTP.LOG --> ftp.mcasserly.com /mcasserly/fordhamramshockey/code WS_FTP.LOG
2006.01.14 19:17 A C:\Documents and Settings\Michael Casserly\My Documents\Webmaster\fordhamramshockey\code\pbrowser_ie.js --> ftp.mcasserly.com /mcasserly/fordhamramshockey/code pbrowser_ie.js
2006.01.14 19:18 A C:\Documents and Settings\Michael Casserly\My Documents\Webmaster\fordhamramshockey\code\fordhamhockey_menu1.js --> ftp.mcasserly.com /mcasserly/fordhamramshockey/code fordhamhockey_menu1.js
2006.01.14 20:07 B C:\Documents and Settings\Michael Casserly\My Documents\Webmaster\fordhamramshockey\code\WS_FTP.LOG --> ftp.mcasserly.com /mcasserly/fordhamramshockey/code WS_FTP.LOG
2006.01.14 20:09 B C:\Documents and Settings\Michael Casserly\My Documents\Webmaster\fordhamramshockey\code\WS_FTP.LOG --> ftp.mcasserly.com /mcasserly/fordhamramshockey/code WS_FTP.LOG
2006.01.14 22:08 B C:\Documents and Settings\Michael Casserly\My Documents\Webmaster\fordhamramshockey\code\WS_FTP.LOG --> ftp.fordhamramshockey.com /mcasserly/code WS_FTP.LOG
2006.02.12 15:45 A C:\Documents and Settings\Michael Casserly\My Documents\Webmaster\fordhamramshockey\code\pbrowser_ie.js --> ftp.mcasserly.com /mcasserly/fordhamramshockey/code pbrowser_ie.js
2006.02.12 15:45 A C:\Documents and Settings\Michael Casserly\My Documents\Webmaster\fordhamramshockey\code\fordhamhockey_menu1.js --> ftp.mcasserly.com /mcasserly/fordhamramshockey/code fordhamhockey_menu1.js
2006.02.12 15:45 B C:\Documents and Settings\Michael Casserly\My Documents\Webmaster\fordhamramshockey\code\WS_FTP.LOG --> ftp.mcasserly.com /mcasserly/fordhamramshockey/code WS_FTP.LOG
2006.02.12 15:46 A C:\Documents and Settings\Michael Casserly\My Documents\Webmaster\fordhamramshockey\code\pbrowser_ie.js --> ftp.mcasserly.com /mcasserly/fordhamramshockey/code pbrowser_ie.js
2006.02.12 15:46 A C:\Documents and Settings\Michael Casserly\My Documents\Webmaster\fordhamramshockey\code\fordhamhockey_menu1.js --> ftp.mcasserly.com /mcasserly/fordhamramshockey/code fordhamhockey_menu1.js
2006.02.12 15:46 B C:\Documents and Settings\Michael Casserly\My Documents\Webmaster\fordhamramshockey\code\WS_FTP.LOG --> ftp.mcasserly.com /mcasserly/fordhamramshockey/code WS_FTP.LOG
2006.02.12 15:47 A C:\Documents and Settings\Michael Casserly\My Documents\Webmaster\fordhamramshockey\code\pbrowser_ie.js --> ftp.mcasserly.com /mcasserly/fordhamramshockey/code pbrowser_ie.js
2006.02.12 15:47 A C:\Documents and Settings\Michael Casserly\My Documents\Webmaster\fordhamramshockey\code\fordhamhockey_menu1.js --> ftp.mcasserly.com /mcasserly/fordhamramshockey/code fordhamhockey_menu1.js
2006.02.12 15:47 B C:\Documents and Settings\Michael Casserly\My Documents\Webmaster\fordhamramshockey\code\WS_FTP.LOG --> ftp.mcasserly.com /mcasserly/fordhamramshockey/code WS_FTP.LOG
2006.02.12 15:49 A C:\Documents and Settings\Michael Casserly\My Documents\Webmaster\fordhamramshockey\code\pbrowser_ie.js --> ftp.mcasserly.com /mcasserly/fordhamramshockey/code pbrowser_ie.js
2006.02.12 15:49 A C:\Documents and Settings\Michael Casserly\My Documents\Webmaster\fordhamramshockey\code\fordhamhockey_menu1.js --> ftp.mcasserly.com /mcasserly/fordhamramshockey/code fordhamhockey_menu1.js
2006.02.12 15:49 B C:\Documents and Settings\Michael Casserly\My Documents\Webmaster\fordhamramshockey\code\WS_FTP.LOG --> ftp.mcasserly.com /mcasserly/fordhamramshockey/code WS_FTP.LOG
2006.02.12 15:55 B C:\Documents and Settings\Michael Casserly\My Documents\Webmaster\fordhamramshockey\code\fordhamhockey_menu1.js.LCK --> ftp.fordhamramshockey.com /mcasserly/code fordhamhockey_menu1.js.LCK
2006.02.12 15:55 B C:\Documents and Settings\Michael Casserly\My Documents\Webmaster\fordhamramshockey\code\WS_FTP.LOG --> ftp.fordhamramshockey.com /mcasserly/code WS_FTP.LOG
2006.02.12 15:55 A C:\Documents and Settings\Michael Casserly\My Documents\Webmaster\fordhamramshockey\code\pbrowser_ie.js --> ftp.fordhamramshockey.com /mcasserly/code pbrowser_ie.js
2006.02.12 15:55 A C:\Documents and Settings\Michael Casserly\My Documents\Webmaster\fordhamramshockey\code\fordhamhockey_menu1.js --> ftp.fordhamramshockey.com /mcasserly/code fordhamhockey_menu1.js
2006.02.13 23:34 B C:\Documents and Settings\Michael Casserly\My Documents\Webmaster\fordhamramshockey\code\WS_FTP.LOG.LCK --> ftp.fordhamramshockey.com /mcasserly/test/code WS_FTP.LOG.LCK
2006.02.13 23:34 B C:\Documents and Settings\Michael Casserly\My Documents\Webmaster\fordhamramshockey\code\squares_1.gif.LCK --> ftp.fordhamramshockey.com /mcasserly/test/code squares_1.gif.LCK
2006.02.13 23:34 B C:\Documents and Settings\Michael Casserly\My Documents\Webmaster\fordhamramshockey\code\pbrowser_safari.js.LCK --> ftp.fordhamramshockey.com /mcasserly/test/code pbrowser_safari.js.LCK
2006.02.13 23:34 B C:\Documents and Settings\Michael Casserly\My Documents\Webmaster\fordhamramshockey\code\pbrowser_opera.js.LCK --> ftp.fordhamramshockey.com /mcasserly/test/code pbrowser_opera.js.LCK
2006.02.13 23:34 B C:\Documents and Settings\Michael Casserly\My Documents\Webmaster\fordhamramshockey\code\pbrowser_iemac.js.LCK --> ftp.fordhamramshockey.com /mcasserly/test/code pbrowser_iemac.js.LCK
2006.02.13 23:34 B C:\Documents and Settings\Michael Casserly\My Documents\Webmaster\fordhamramshockey\code\pbrowser_ie.js.LCK --> ftp.fordhamramshockey.com /mcasserly/test/code pbrowser_ie.js.LCK
2006.02.13 23:34 B C:\Documents and Settings\Michael Casserly\My Documents\Webmaster\fordhamramshockey\code\pbrowser_dom.js.LCK --> ftp.fordhamramshockey.com /mcasserly/test/code pbrowser_dom.js.LCK
2006.02.13 23:34 B C:\Documents and Settings\Michael Casserly\My Documents\Webmaster\fordhamramshockey\code\medium_red_right.gif.LCK --> ftp.fordhamramshockey.com /mcasserly/test/code medium_red_right.gif.LCK
2006.02.13 23:34 B C:\Documents and Settings\Michael Casserly\My Documents\Webmaster\fordhamramshockey\code\down_arrow.gif.LCK --> ftp.fordhamramshockey.com /mcasserly/test/code down_arrow.gif.LCK
2006.02.13 23:34 B C:\Documents and Settings\Michael Casserly\My Documents\Webmaster\fordhamramshockey\code\corner_arrow.gif.LCK --> ftp.fordhamramshockey.com /mcasserly/test/code corner_arrow.gif.LCK
2006.02.13 23:34 B C:\Documents and Settings\Michael Casserly\My Documents\Webmaster\fordhamramshockey\code\circle_3.gif.LCK --> ftp.fordhamramshockey.com /mcasserly/test/code circle_3.gif.LCK
2006.02.13 23:34 B C:\Documents and Settings\Michael Casserly\My Documents\Webmaster\fordhamramshockey\code\circle_0.gif.LCK --> ftp.fordhamramshockey.com /mcasserly/test/code circle_0.gif.LCK
2006.02.13 23:34 B C:\Documents and Settings\Michael Casserly\My Documents\Webmaster\fordhamramshockey\code\WS_FTP.LOG --> ftp.fordhamramshockey.com /mcasserly/test/code WS_FTP.LOG
2006.02.13 23:34 A C:\Documents and Settings\Michael Casserly\My Documents\Webmaster\fordhamramshockey\code\pbrowser_ie.js --> ftp.fordhamramshockey.com /mcasserly/test/code pbrowser_ie.js
2006.02.13 23:34 A C:\Documents and Settings\Michael Casserly\My Documents\Webmaster\fordhamramshockey\code\fordhamhockey_menu1.js --> ftp.fordhamramshockey.com /mcasserly/test/code fordhamhockey_menu1.js
2006.02.13 23:34 B C:\Documents and Settings\Michael Casserly\My Documents\Webmaster\fordhamramshockey\code\corner_arrow.gif --> ftp.fordhamramshockey.com /mcasserly/test/code corner_arrow.gif
2006.02.13 23:34 A C:\Documents and Settings\Michael Casserly\My Documents\Webmaster\fordhamramshockey\code\pbrowser_safari.js --> ftp.fordhamramshockey.com /mcasserly/test/code pbrowser_safari.js
2006.02.13 23:34 A C:\Documents and Settings\Michael Casserly\My Documents\Webmaster\fordhamramshockey\code\pbrowser_opera.js --> ftp.fordhamramshockey.com /mcasserly/test/code pbrowser_opera.js
2006.02.13 23:34 A C:\Documents and Settings\Michael Casserly\My Documents\Webmaster\fordhamramshockey\code\pbrowser_iemac.js --> ftp.fordhamramshockey.com /mcasserly/test/code pbrowser_iemac.js
2006.02.13 23:34 A C:\Documents and Settings\Michael Casserly\My Documents\Webmaster\fordhamramshockey\code\pbrowser_dom.js --> ftp.fordhamramshockey.com /mcasserly/test/code pbrowser_dom.js
2006.02.13 23:34 B C:\Documents and Settings\Michael Casserly\My Documents\Webmaster\fordhamramshockey\code\down_arrow.gif --> ftp.fordhamramshockey.com /mcasserly/test/code down_arrow.gif
2006.02.13 23:34 B C:\Documents and Settings\Michael Casserly\My Documents\Webmaster\fordhamramshockey\code\circle_3.gif --> ftp.fordhamramshockey.com /mcasserly/test/code circle_3.gif
2006.02.13 23:34 B C:\Documents and Settings\Michael Casserly\My Documents\Webmaster\fordhamramshockey\code\circle_0.gif --> ftp.fordhamramshockey.com /mcasserly/test/code circle_0.gif
2006.02.13 23:34 B C:\Documents and Settings\Michael Casserly\My Documents\Webmaster\fordhamramshockey\code\squares_1.gif --> ftp.fordhamramshockey.com /mcasserly/test/code squares_1.gif
2006.02.13 23:34 B C:\Documents and Settings\Michael Casserly\My Documents\Webmaster\fordhamramshockey\code\medium_red_right.gif --> ftp.fordhamramshockey.com /mcasserly/test/code medium_red_right.gif
2006.02.15 23:24 A C:\Documents and Settings\Michael Casserly\My Documents\Webmaster\fordhamramshockey\code\pbrowser_ie.js --> ftp.fordhamramshockey.com /mcasserly/code pbrowser_ie.js
2006.02.15 23:24 A C:\Documents and Settings\Michael Casserly\My Documents\Webmaster\fordhamramshockey\code\fordhamhockey_menu1.js --> ftp.fordhamramshockey.com /mcasserly/code fordhamhockey_menu1.js
2006.02.15 23:24 B C:\Documents and Settings\Michael Casserly\My Documents\Webmaster\fordhamramshockey\code\fordhamhockey_menu1.js.LCK --> ftp.fordhamramshockey.com /mcasserly/code fordhamhockey_menu1.js.LCK
2006.02.15 23:25 B C:\Documents and Settings\Michael Casserly\My Documents\Webmaster\fordhamramshockey\code\WS_FTP.LOG --> ftp.fordhamramshockey.com /mcasserly/code WS_FTP.LOG
