2001.02.05 14:04 B D:\blackwateroldhead\javascript\homepagegreeting.js --> ftp.geocities.com /blackwateroldhead/javascript homepagegreeting.js
2001.02.05 14:05 B D:\blackwateroldhead\javascript\homepagegreeting.js --> ftp.geocities.com /blackwateroldhead/javascript homepagegreeting.js
2001.02.06 10:06 B D:\blackwateroldhead\javascript\beginseasoncountdown.js --> ftp.geocities.com /blackwateroldhead/javascript beginseasoncountdown.js
2001.02.06 10:08 B D:\blackwateroldhead\javascript\homepagegreeting.js --> ftp.geocities.com /blackwateroldhead/javascript homepagegreeting.js
2001.02.12 09:25 B D:\blackwateroldhead\javascript\beginseasoncountdown.js --> ftp.geocities.com /blackwateroldhead/javascript beginseasoncountdown.js
2001.02.12 09:25 B D:\blackwateroldhead\javascript\homepagegreeting.js --> ftp.geocities.com /blackwateroldhead/javascript homepagegreeting.js
2001.05.17 19:29 B D:\blackwateroldhead\javascript\beginseasoncountdown.js --> ftp.geocities.com /blackwateroldhead/javascript beginseasoncountdown.js
2001.10.16 21:24 B D:\blackwateroldhead\javascript\beginseasoncountdown.js <-- blackwateroldhead /blackwateroldhead/javascript beginseasoncountdown.js
2001.10.16 21:24 B D:\blackwateroldhead\javascript\homepagegreeting.js <-- blackwateroldhead /blackwateroldhead/javascript homepagegreeting.js
2001.10.16 21:24 A D:\blackwateroldhead\javascript\beginseasoncountdown.js <-- blackwateroldhead /blackwateroldhead/javascript beginseasoncountdown.js
2001.10.16 21:24 A D:\blackwateroldhead\javascript\homepagegreeting.js <-- blackwateroldhead /blackwateroldhead/javascript homepagegreeting.js
2001.10.18 09:42 A D:\blackwateroldhead\javascript\beginseasoncountdown.js --> ftp.geocities.com /blackwateroldhead/javascript beginseasoncountdown.js
2001.10.18 09:42 A D:\blackwateroldhead\javascript\homepagegreeting.js --> ftp.geocities.com /blackwateroldhead/javascript homepagegreeting.js
2001.10.18 16:51 A D:\blackwateroldhead\javascript\footer.js --> ftp.geocities.com /blackwateroldhead/javascript footer.js
2001.10.18 17:03 A D:\blackwateroldhead\javascript\homepagegreeting.js --> ftp.geocities.com /blackwateroldhead/javascript homepagegreeting.js
2001.10.19 11:21 A D:\blackwateroldhead\javascript\LevelOneTopNav.js --> ftp.geocities.com /blackwateroldhead/javascript LevelOneTopNav.js
2001.10.19 11:56 A D:\blackwateroldhead\javascript\LevelOneBottomNav.js --> ftp.geocities.com /blackwateroldhead/javascript LevelOneBottomNav.js
2001.10.21 19:06 B D:\blackwateroldhead\javascript\LevelTwoTopNav.js --> ftp.geocities.com /blackwateroldhead/javascript LevelTwoTopNav.js
2001.10.21 19:06 B D:\blackwateroldhead\javascript\FOOTER.JS --> ftp.geocities.com /blackwateroldhead/javascript FOOTER.JS
2001.10.21 19:11 B D:\blackwateroldhead\javascript\LevelTwoBottomNav.js --> ftp.geocities.com /blackwateroldhead/javascript LevelTwoBottomNav.js
2001.10.30 19:34 A D:\blackwateroldhead\javascript\beginseasoncountdown.js --> ftp.geocities.com /blackwateroldhead/javascript beginseasoncountdown.js
2001.10.30 19:34 A D:\blackwateroldhead\javascript\classtest_leftnavmenu.js --> ftp.geocities.com /blackwateroldhead/javascript classtest_leftnavmenu.js
2001.10.30 19:34 A D:\blackwateroldhead\javascript\classtest_maincontent.js --> ftp.geocities.com /blackwateroldhead/javascript classtest_maincontent.js
2001.10.30 19:34 A D:\blackwateroldhead\javascript\classtest_rightnavmenu.js --> ftp.geocities.com /blackwateroldhead/javascript classtest_rightnavmenu.js
2001.10.30 19:34 A D:\blackwateroldhead\javascript\footer.js --> ftp.geocities.com /blackwateroldhead/javascript footer.js
2001.10.30 19:34 A D:\blackwateroldhead\javascript\homepagegreeting.js --> ftp.geocities.com /blackwateroldhead/javascript homepagegreeting.js
2001.10.30 19:34 A D:\blackwateroldhead\javascript\whatsnew.js --> ftp.geocities.com /blackwateroldhead/javascript whatsnew.js
2004.03.17 18:15 A C:\Documents and Settings\Michael Casserly\My Documents\Webmaster\axafordhamhockey\javascript\beginseasoncountdown.js --> ftp.mcasserly.com /mcasserly/fordhamhockey/javascript beginseasoncountdown.js
2004.03.17 18:15 A C:\Documents and Settings\Michael Casserly\My Documents\Webmaster\axafordhamhockey\javascript\classtest_leftnavmenu.js --> ftp.mcasserly.com /mcasserly/fordhamhockey/javascript classtest_leftnavmenu.js
2004.03.17 18:15 A C:\Documents and Settings\Michael Casserly\My Documents\Webmaster\axafordhamhockey\javascript\classtest_maincontent.js --> ftp.mcasserly.com /mcasserly/fordhamhockey/javascript classtest_maincontent.js
2004.03.17 18:15 A C:\Documents and Settings\Michael Casserly\My Documents\Webmaster\axafordhamhockey\javascript\classtest_rightnavmenu.js --> ftp.mcasserly.com /mcasserly/fordhamhockey/javascript classtest_rightnavmenu.js
2004.03.17 18:15 A C:\Documents and Settings\Michael Casserly\My Documents\Webmaster\axafordhamhockey\javascript\footer.js --> ftp.mcasserly.com /mcasserly/fordhamhockey/javascript footer.js
2004.03.17 18:15 A C:\Documents and Settings\Michael Casserly\My Documents\Webmaster\axafordhamhockey\javascript\leftnavmenu.js --> ftp.mcasserly.com /mcasserly/fordhamhockey/javascript leftnavmenu.js
2004.03.17 18:15 A C:\Documents and Settings\Michael Casserly\My Documents\Webmaster\axafordhamhockey\javascript\newwindows.js --> ftp.mcasserly.com /mcasserly/fordhamhockey/javascript newwindows.js
2004.03.17 18:15 A C:\Documents and Settings\Michael Casserly\My Documents\Webmaster\axafordhamhockey\javascript\selectandgonavigation.js --> ftp.mcasserly.com /mcasserly/fordhamhockey/javascript selectandgonavigation.js
2004.03.17 18:15 A C:\Documents and Settings\Michael Casserly\My Documents\Webmaster\axafordhamhockey\javascript\todaysdate.js --> ftp.mcasserly.com /mcasserly/fordhamhockey/javascript todaysdate.js
2004.03.17 18:15 B C:\Documents and Settings\Michael Casserly\My Documents\Webmaster\axafordhamhockey\javascript\WS_FTP.LOG --> ftp.mcasserly.com /mcasserly/fordhamhockey/javascript WS_FTP.LOG
2004.03.17 18:27 A C:\Documents and Settings\Michael Casserly\My Documents\Webmaster\axafordhamhockey\javascript\leftnavmenu.js --> ftp.mcasserly.com /mcasserly/fordhamhockey/javascript leftnavmenu.js
2004.04.27 00:45 A C:\Documents and Settings\Michael Casserly\My Documents\Webmaster\mcasserly\fordhamhockey\javascript\leftnavmenu.js --> ftp.mcasserly.com /mcasserly/fordhamhockey/javascript leftnavmenu.js
2004.04.27 00:45 A C:\Documents and Settings\Michael Casserly\My Documents\Webmaster\mcasserly\fordhamhockey\javascript\footer.js --> ftp.mcasserly.com /mcasserly/fordhamhockey/javascript footer.js
2004.04.27 00:45 B C:\Documents and Settings\Michael Casserly\My Documents\Webmaster\mcasserly\fordhamhockey\javascript\WS_FTP.LOG --> ftp.mcasserly.com /mcasserly/fordhamhockey/javascript WS_FTP.LOG
2004.05.03 17:12 B C:\Documents and Settings\Michael Casserly\My Documents\Webmaster\mcasserly\fordhamhockey\javascript\WS_FTP.LOG --> ftp.mcasserly.com /mcasserly/fordhamhockey/javascript WS_FTP.LOG
2004.05.03 17:12 A C:\Documents and Settings\Michael Casserly\My Documents\Webmaster\mcasserly\fordhamhockey\javascript\leftnavmenu.js --> ftp.mcasserly.com /mcasserly/fordhamhockey/javascript leftnavmenu.js
2004.05.03 17:12 A C:\Documents and Settings\Michael Casserly\My Documents\Webmaster\mcasserly\fordhamhockey\javascript\footer.js --> ftp.mcasserly.com /mcasserly/fordhamhockey/javascript footer.js
2004.05.06 21:38 A C:\Documents and Settings\Michael Casserly\My Documents\Webmaster\mcasserly\fordhamhockey\javascript\leftnavmenu.js --> ftp.mcasserly.com /mcasserly/fordhamhockey/javascript leftnavmenu.js
2004.05.06 21:38 B C:\Documents and Settings\Michael Casserly\My Documents\Webmaster\mcasserly\fordhamhockey\javascript\WS_FTP.LOG --> ftp.mcasserly.com /mcasserly/fordhamhockey/javascript WS_FTP.LOG
2004.05.12 00:56 B C:\Documents and Settings\Michael Casserly\My Documents\Webmaster\mcasserly\fordhamhockey\javascript\WS_FTP.LOG --> ftp.mcasserly.com /mcasserly/fordhamhockey/javascript WS_FTP.LOG
2004.05.12 00:56 A C:\Documents and Settings\Michael Casserly\My Documents\Webmaster\mcasserly\fordhamhockey\javascript\leftnavmenu.js --> ftp.mcasserly.com /mcasserly/fordhamhockey/javascript leftnavmenu.js
2004.05.13 16:56 A C:\Documents and Settings\Michael Casserly\My Documents\Webmaster\mcasserly\fordhamhockey\javascript\leftnavmenu.js --> ftp.mcasserly.com /mcasserly/fordhamhockey/javascript leftnavmenu.js
2004.05.15 00:38 A C:\Documents and Settings\Michael Casserly\My Documents\Webmaster\mcasserly\fordhamhockey\javascript\leftnavmenu.js --> ftp.mcasserly.com /mcasserly/fordhamhockey/javascript leftnavmenu.js
2004.05.15 00:38 B C:\Documents and Settings\Michael Casserly\My Documents\Webmaster\mcasserly\fordhamhockey\javascript\WS_FTP.LOG --> ftp.mcasserly.com /mcasserly/fordhamhockey/javascript WS_FTP.LOG
2004.05.19 01:04 A C:\Documents and Settings\Michael Casserly\My Documents\Webmaster\mcasserly\fordhamhockey\javascript\leftnavmenu.js --> ftp.mcasserly.com /mcasserly/fordhamhockey leftnavmenu.js
2004.05.19 01:05 A C:\Documents and Settings\Michael Casserly\My Documents\Webmaster\mcasserly\fordhamhockey\javascript\leftnavmenu.js --> ftp.mcasserly.com /mcasserly/fordhamhockey/javascript leftnavmenu.js
2004.09.10 15:39 B C:\Documents and Settings\Michael Casserly\My Documents\Webmaster\mcasserly\fordhamhockey\javascript\WS_FTP.LOG --> ftp.mcasserly.com /mcasserly/fordhamhockey/javascript WS_FTP.LOG
2004.09.10 15:39 A C:\Documents and Settings\Michael Casserly\My Documents\Webmaster\mcasserly\fordhamhockey\javascript\leftnavmenu.js --> ftp.mcasserly.com /mcasserly/fordhamhockey/javascript leftnavmenu.js
2004.09.27 19:08 A C:\Documents and Settings\Michael Casserly\My Documents\Webmaster\mcasserly\fordhamhockey\javascript\leftnavmenu.js --> ftp.mcasserly.com /mcasserly/fordhamhockey/javascript leftnavmenu.js
2004.09.28 20:44 A C:\Documents and Settings\Michael Casserly\My Documents\Webmaster\mcasserly\fordhamhockey\javascript\leftnavmenu.js --> ftp.mcasserly.com /mcasserly/fordhamhockey/javascript leftnavmenu.js
2005.04.19 21:00 B C:\Documents and Settings\Michael Casserly\My Documents\Webmaster\mcasserly\fordhamhockey\javascript\footer.js --> ftp.mcasserly.com /mcasserly/fordhamhockey/javascript footer.js
2005.04.19 21:01 B C:\Documents and Settings\Michael Casserly\My Documents\Webmaster\mcasserly\fordhamhockey\javascript\footer.js --> ftp.mcasserly.com /mcasserly/fordhamhockey/javascript footer.js
2005.06.05 16:32 A C:\Documents and Settings\Michael Casserly\My Documents\Webmaster\mcasserly\fordhamhockey\javascript\printfordhamhockeynest.js --> ftp.mcasserly.com /mcasserly/fordhamhockey/javascript printfordhamhockeynest.js
2005.07.31 20:41 A C:\Documents and Settings\Michael Casserly\My Documents\Webmaster\fordhamramshockey\javascript\beginseasoncountdown.js --> ftp.mcasserly.com /mcasserly/fordhamramshockey/javascript beginseasoncountdown.js
2005.07.31 20:41 A C:\Documents and Settings\Michael Casserly\My Documents\Webmaster\fordhamramshockey\javascript\classtest_maincontent.js --> ftp.mcasserly.com /mcasserly/fordhamramshockey/javascript classtest_maincontent.js
2005.07.31 20:41 A C:\Documents and Settings\Michael Casserly\My Documents\Webmaster\fordhamramshockey\javascript\classtest_leftnavmenu.js --> ftp.mcasserly.com /mcasserly/fordhamramshockey/javascript classtest_leftnavmenu.js
2005.07.31 20:41 A C:\Documents and Settings\Michael Casserly\My Documents\Webmaster\fordhamramshockey\javascript\classtest_rightnavmenu.js --> ftp.mcasserly.com /mcasserly/fordhamramshockey/javascript classtest_rightnavmenu.js
2005.07.31 20:41 A C:\Documents and Settings\Michael Casserly\My Documents\Webmaster\fordhamramshockey\javascript\todaysdate.js --> ftp.mcasserly.com /mcasserly/fordhamramshockey/javascript todaysdate.js
2005.07.31 20:41 A C:\Documents and Settings\Michael Casserly\My Documents\Webmaster\fordhamramshockey\javascript\selectandgonavigation.js --> ftp.mcasserly.com /mcasserly/fordhamramshockey/javascript selectandgonavigation.js
2005.07.31 20:41 A C:\Documents and Settings\Michael Casserly\My Documents\Webmaster\fordhamramshockey\javascript\footer.js --> ftp.mcasserly.com /mcasserly/fordhamramshockey/javascript footer.js
2005.07.31 20:41 B C:\Documents and Settings\Michael Casserly\My Documents\Webmaster\fordhamramshockey\javascript\WS_FTP.LOG --> ftp.mcasserly.com /mcasserly/fordhamramshockey/javascript WS_FTP.LOG
2005.07.31 20:41 A C:\Documents and Settings\Michael Casserly\My Documents\Webmaster\fordhamramshockey\javascript\newwindows.js --> ftp.mcasserly.com /mcasserly/fordhamramshockey/javascript newwindows.js
2005.07.31 20:41 A C:\Documents and Settings\Michael Casserly\My Documents\Webmaster\fordhamramshockey\javascript\printfalconsnest.js --> ftp.mcasserly.com /mcasserly/fordhamramshockey/javascript printfalconsnest.js
2005.07.31 20:41 A C:\Documents and Settings\Michael Casserly\My Documents\Webmaster\fordhamramshockey\javascript\leftnavmenu.js --> ftp.mcasserly.com /mcasserly/fordhamramshockey/javascript leftnavmenu.js
2005.08.07 19:18 B C:\Documents and Settings\Michael Casserly\My Documents\Webmaster\fordhamramshockey\javascript\WS_FTP.LOG --> ftp.mcasserly.com /mcasserly/fordhamramshockey/javascript WS_FTP.LOG
2005.09.18 15:18 A C:\Documents and Settings\Michael Casserly\My Documents\Webmaster\fordhamramshockey\javascript\leftnavmenu.js --> ftp.mcasserly.com /mcasserly/fordhamramshockey/javascript leftnavmenu.js
2005.10.08 16:14 B C:\Documents and Settings\Michael Casserly\My Documents\Webmaster\fordhamramshockey\javascript\WS_FTP.LOG --> ftp.mcasserly.com /mcasserly/fordhamramshockey/javascript WS_FTP.LOG
2005.10.08 16:14 A C:\Documents and Settings\Michael Casserly\My Documents\Webmaster\fordhamramshockey\javascript\leftnavmenu.js --> ftp.mcasserly.com /mcasserly/fordhamramshockey/javascript leftnavmenu.js
2005.10.08 22:26 A C:\Documents and Settings\Michael Casserly\My Documents\Webmaster\fordhamramshockey\javascript\leftnavmenu.js --> ftp.mcasserly.com /mcasserly/fordhamramshockey/javascript leftnavmenu.js
2005.10.11 21:59 A C:\Documents and Settings\Michael Casserly\My Documents\Webmaster\fordhamramshockey\javascript\printer-friendly.js --> ftp.mcasserly.com /mcasserly/fordhamramshockey/javascript printer-friendly.js
2005.10.11 22:21 A C:\Documents and Settings\Michael Casserly\My Documents\Webmaster\fordhamramshockey\javascript\printer-friendly.js --> ftp.mcasserly.com /mcasserly/fordhamramshockey/javascript printer-friendly.js
2005.10.12 22:53 A C:\Documents and Settings\Michael Casserly\My Documents\Webmaster\fordhamramshockey\javascript\leftnavmenu.js --> ftp.mcasserly.com /mcasserly/fordhamramshockey/javascript leftnavmenu.js
2005.10.13 22:33 A C:\Documents and Settings\Michael Casserly\My Documents\Webmaster\fordhamramshockey\javascript\leftnavmenu.js --> ftp.mcasserly.com /mcasserly/fordhamramshockey/javascript leftnavmenu.js
2005.10.17 22:36 B C:\Documents and Settings\Michael Casserly\My Documents\Webmaster\fordhamramshockey\javascript\WS_FTP.LOG --> ftp.fordhamramshockey.com /mcasserly/javascript WS_FTP.LOG
2005.10.17 22:36 A C:\Documents and Settings\Michael Casserly\My Documents\Webmaster\fordhamramshockey\javascript\leftnavmenu.js --> ftp.fordhamramshockey.com /mcasserly/javascript leftnavmenu.js
2005.10.17 22:36 A C:\Documents and Settings\Michael Casserly\My Documents\Webmaster\fordhamramshockey\javascript\printer-friendly.js --> ftp.fordhamramshockey.com /mcasserly/javascript printer-friendly.js
2005.10.17 22:36 A C:\Documents and Settings\Michael Casserly\My Documents\Webmaster\fordhamramshockey\javascript\printfalconsnest.js --> ftp.fordhamramshockey.com /mcasserly/javascript printfalconsnest.js
2005.10.17 22:36 A C:\Documents and Settings\Michael Casserly\My Documents\Webmaster\fordhamramshockey\javascript\newwindows.js --> ftp.fordhamramshockey.com /mcasserly/javascript newwindows.js
2005.10.17 22:36 A C:\Documents and Settings\Michael Casserly\My Documents\Webmaster\fordhamramshockey\javascript\footer.js --> ftp.fordhamramshockey.com /mcasserly/javascript footer.js
2005.10.17 22:36 A C:\Documents and Settings\Michael Casserly\My Documents\Webmaster\fordhamramshockey\javascript\selectandgonavigation.js --> ftp.fordhamramshockey.com /mcasserly/javascript selectandgonavigation.js
2005.10.17 22:36 A C:\Documents and Settings\Michael Casserly\My Documents\Webmaster\fordhamramshockey\javascript\todaysdate.js --> ftp.fordhamramshockey.com /mcasserly/javascript todaysdate.js
2005.10.17 22:36 A C:\Documents and Settings\Michael Casserly\My Documents\Webmaster\fordhamramshockey\javascript\classtest_rightnavmenu.js --> ftp.fordhamramshockey.com /mcasserly/javascript classtest_rightnavmenu.js
2005.10.17 22:36 A C:\Documents and Settings\Michael Casserly\My Documents\Webmaster\fordhamramshockey\javascript\classtest_leftnavmenu.js --> ftp.fordhamramshockey.com /mcasserly/javascript classtest_leftnavmenu.js
2005.10.17 22:36 A C:\Documents and Settings\Michael Casserly\My Documents\Webmaster\fordhamramshockey\javascript\classtest_maincontent.js --> ftp.fordhamramshockey.com /mcasserly/javascript classtest_maincontent.js
2005.10.17 22:36 A C:\Documents and Settings\Michael Casserly\My Documents\Webmaster\fordhamramshockey\javascript\beginseasoncountdown.js --> ftp.fordhamramshockey.com /mcasserly/javascript beginseasoncountdown.js
2005.10.18 20:37 A C:\Documents and Settings\Michael Casserly\My Documents\Webmaster\fordhamramshockey\javascript\leftnavmenu.js --> ftp.fordhamramshockey.com /mcasserly/javascript leftnavmenu.js
2005.10.19 20:05 A C:\Documents and Settings\Michael Casserly\My Documents\Webmaster\fordhamramshockey\javascript\printer-friendly.js <-- fordhamramshockey /mcasserly/javascript printer-friendly.js
2005.10.19 22:34 A C:\Documents and Settings\Michael Casserly\My Documents\Webmaster\fordhamramshockey\javascript\printer-friendly.js --> ftp.fordhamramshockey.com /mcasserly/javascript printer-friendly.js
2005.10.19 23:00 A C:\Documents and Settings\Michael Casserly\My Documents\Webmaster\fordhamramshockey\javascript\printer-friendly.js --> ftp.fordhamramshockey.com /mcasserly/javascript printer-friendly.js
2005.10.25 23:43 A C:\Documents and Settings\Michael Casserly\My Documents\Webmaster\fordhamramshockey\javascript\printer-friendly.js --> ftp.fordhamramshockey.com /mcasserly/javascript printer-friendly.js
2005.10.25 23:43 B C:\Documents and Settings\Michael Casserly\My Documents\Webmaster\fordhamramshockey\javascript\WS_FTP.LOG --> ftp.fordhamramshockey.com /mcasserly/javascript WS_FTP.LOG
2005.10.25 23:43 A C:\Documents and Settings\Michael Casserly\My Documents\Webmaster\fordhamramshockey\javascript\leftnavmenu.js --> ftp.fordhamramshockey.com /mcasserly/javascript leftnavmenu.js
2005.10.26 23:11 A C:\Documents and Settings\Michael Casserly\My Documents\Webmaster\fordhamramshockey\javascript\leftnavmenu.js --> ftp.fordhamramshockey.com /mcasserly/javascript leftnavmenu.js
2005.10.26 23:11 B C:\Documents and Settings\Michael Casserly\My Documents\Webmaster\fordhamramshockey\javascript\WS_FTP.LOG --> ftp.fordhamramshockey.com /mcasserly/javascript WS_FTP.LOG
2005.11.14 20:09 A C:\Documents and Settings\Michael Casserly\My Documents\Webmaster\fordhamramshockey\javascript\search.js <-- fordhamramshockey /mcasserly/javascript search.js
2005.11.14 20:35 A C:\Documents and Settings\Michael Casserly\My Documents\Webmaster\fordhamramshockey\javascript\leftnavmenu.js --> ftp.fordhamramshockey.com /mcasserly/javascript leftnavmenu.js
2005.11.16 22:05 A C:\Documents and Settings\Michael Casserly\My Documents\Webmaster\fordhamramshockey\javascript\statsnavmenu.js --> ftp.fordhamramshockey.com /mcasserly/javascript statsnavmenu.js
2005.12.06 23:20 B C:\Documents and Settings\Michael Casserly\My Documents\Webmaster\fordhamramshockey\javascript\WS_FTP.LOG --> ftp.mcasserly.com /mcasserly/fordhamramshockey/javascript WS_FTP.LOG
2005.12.06 23:20 A C:\Documents and Settings\Michael Casserly\My Documents\Webmaster\fordhamramshockey\javascript\statsnavmenu.js --> ftp.mcasserly.com /mcasserly/fordhamramshockey/javascript statsnavmenu.js
2005.12.06 23:20 A C:\Documents and Settings\Michael Casserly\My Documents\Webmaster\fordhamramshockey\javascript\leftnavmenu.js --> ftp.mcasserly.com /mcasserly/fordhamramshockey/javascript leftnavmenu.js
2005.12.06 23:20 A C:\Documents and Settings\Michael Casserly\My Documents\Webmaster\fordhamramshockey\javascript\search.js --> ftp.mcasserly.com /mcasserly/fordhamramshockey/javascript search.js
2005.12.06 23:20 A C:\Documents and Settings\Michael Casserly\My Documents\Webmaster\fordhamramshockey\javascript\printer-friendly.js --> ftp.mcasserly.com /mcasserly/fordhamramshockey/javascript printer-friendly.js
2005.12.13 00:02 A C:\Documents and Settings\Michael Casserly\My Documents\Webmaster\fordhamramshockey\javascript\beginseasoncountdown.js <-- mcasserly /mcasserly/fordhamramshockey/javascript beginseasoncountdown.js
2006.01.14 19:16 B C:\Documents and Settings\Michael Casserly\My Documents\Webmaster\fordhamramshockey\javascript\WS_FTP.LOG --> ftp.mcasserly.com /mcasserly/fordhamramshockey/javascript WS_FTP.LOG
2006.01.14 19:16 A C:\Documents and Settings\Michael Casserly\My Documents\Webmaster\fordhamramshockey\javascript\beginseasoncountdown.js --> ftp.mcasserly.com /mcasserly/fordhamramshockey/javascript beginseasoncountdown.js
2006.01.14 20:07 B C:\Documents and Settings\Michael Casserly\My Documents\Webmaster\fordhamramshockey\javascript\WS_FTP.LOG --> ftp.mcasserly.com /mcasserly/fordhamramshockey/javascript WS_FTP.LOG
2006.01.14 22:07 B C:\Documents and Settings\Michael Casserly\My Documents\Webmaster\fordhamramshockey\javascript\WS_FTP.LOG --> ftp.fordhamramshockey.com /mcasserly/javascript WS_FTP.LOG
2006.02.13 23:29 B C:\Documents and Settings\Michael Casserly\My Documents\Webmaster\fordhamramshockey\javascript\WS_FTP.LOG.LCK --> ftp.fordhamramshockey.com /mcasserly/test/javascript WS_FTP.LOG.LCK
2006.02.13 23:29 B C:\Documents and Settings\Michael Casserly\My Documents\Webmaster\fordhamramshockey\javascript\selectandgonavigation.js.LCK --> ftp.fordhamramshockey.com /mcasserly/test/javascript selectandgonavigation.js.LCK
2006.02.13 23:29 B C:\Documents and Settings\Michael Casserly\My Documents\Webmaster\fordhamramshockey\javascript\search.js.LCK --> ftp.fordhamramshockey.com /mcasserly/test/javascript search.js.LCK
2006.02.13 23:29 B C:\Documents and Settings\Michael Casserly\My Documents\Webmaster\fordhamramshockey\javascript\printfalconsnest.js.LCK --> ftp.fordhamramshockey.com /mcasserly/test/javascript printfalconsnest.js.LCK
2006.02.13 23:29 B C:\Documents and Settings\Michael Casserly\My Documents\Webmaster\fordhamramshockey\javascript\classtest_rightnavmenu.js.LCK --> ftp.fordhamramshockey.com /mcasserly/test/javascript classtest_rightnavmenu.js.LCK
2006.02.13 23:30 B C:\Documents and Settings\Michael Casserly\My Documents\Webmaster\fordhamramshockey\javascript\classtest_maincontent.js.LCK --> ftp.fordhamramshockey.com /mcasserly/test/javascript classtest_maincontent.js.LCK
2006.02.13 23:30 B C:\Documents and Settings\Michael Casserly\My Documents\Webmaster\fordhamramshockey\javascript\classtest_leftnavmenu.js.LCK --> ftp.fordhamramshockey.com /mcasserly/test/javascript classtest_leftnavmenu.js.LCK
2006.02.13 23:30 B C:\Documents and Settings\Michael Casserly\My Documents\Webmaster\fordhamramshockey\javascript\beginseasoncountdown.js.LCK --> ftp.fordhamramshockey.com /mcasserly/test/javascript beginseasoncountdown.js.LCK
2006.02.13 23:30 B C:\Documents and Settings\Michael Casserly\My Documents\Webmaster\fordhamramshockey\javascript\todaysdate.js.LCK --> ftp.fordhamramshockey.com /mcasserly/test/javascript todaysdate.js.LCK
2006.02.13 23:30 B C:\Documents and Settings\Michael Casserly\My Documents\Webmaster\fordhamramshockey\javascript\printer-friendly.js.LCK --> ftp.fordhamramshockey.com /mcasserly/test/javascript printer-friendly.js.LCK
2006.02.13 23:30 B C:\Documents and Settings\Michael Casserly\My Documents\Webmaster\fordhamramshockey\javascript\newwindows.js.LCK --> ftp.fordhamramshockey.com /mcasserly/test/javascript newwindows.js.LCK
2006.02.13 23:30 B C:\Documents and Settings\Michael Casserly\My Documents\Webmaster\fordhamramshockey\javascript\WS_FTP.LOG --> ftp.fordhamramshockey.com /mcasserly/test/javascript WS_FTP.LOG
2006.02.13 23:30 A C:\Documents and Settings\Michael Casserly\My Documents\Webmaster\fordhamramshockey\javascript\search.js --> ftp.fordhamramshockey.com /mcasserly/test/javascript search.js
2006.02.13 23:30 A C:\Documents and Settings\Michael Casserly\My Documents\Webmaster\fordhamramshockey\javascript\printer-friendly.js --> ftp.fordhamramshockey.com /mcasserly/test/javascript printer-friendly.js
2006.02.13 23:30 A C:\Documents and Settings\Michael Casserly\My Documents\Webmaster\fordhamramshockey\javascript\beginseasoncountdown.js --> ftp.fordhamramshockey.com /mcasserly/test/javascript beginseasoncountdown.js
2006.02.13 23:30 A C:\Documents and Settings\Michael Casserly\My Documents\Webmaster\fordhamramshockey\javascript\printfalconsnest.js --> ftp.fordhamramshockey.com /mcasserly/test/javascript printfalconsnest.js
2006.02.13 23:30 A C:\Documents and Settings\Michael Casserly\My Documents\Webmaster\fordhamramshockey\javascript\newwindows.js --> ftp.fordhamramshockey.com /mcasserly/test/javascript newwindows.js
2006.02.13 23:30 A C:\Documents and Settings\Michael Casserly\My Documents\Webmaster\fordhamramshockey\javascript\selectandgonavigation.js --> ftp.fordhamramshockey.com /mcasserly/test/javascript selectandgonavigation.js
2006.02.13 23:30 A C:\Documents and Settings\Michael Casserly\My Documents\Webmaster\fordhamramshockey\javascript\todaysdate.js --> ftp.fordhamramshockey.com /mcasserly/test/javascript todaysdate.js
2006.02.13 23:30 A C:\Documents and Settings\Michael Casserly\My Documents\Webmaster\fordhamramshockey\javascript\classtest_rightnavmenu.js --> ftp.fordhamramshockey.com /mcasserly/test/javascript classtest_rightnavmenu.js
2006.02.13 23:30 A C:\Documents and Settings\Michael Casserly\My Documents\Webmaster\fordhamramshockey\javascript\classtest_leftnavmenu.js --> ftp.fordhamramshockey.com /mcasserly/test/javascript classtest_leftnavmenu.js
2006.02.13 23:30 A C:\Documents and Settings\Michael Casserly\My Documents\Webmaster\fordhamramshockey\javascript\classtest_maincontent.js --> ftp.fordhamramshockey.com /mcasserly/test/javascript classtest_maincontent.js
