2005.12.11 21:16 A C:\Documents and Settings\Michael Casserly\My Documents\Webmaster\fordhamramshockey\menus\leftnav_alumni.html --> ftp.mcasserly.com /mcasserly/fordhamramshockey/menus leftnav_alumni.html
2005.12.11 21:44 A C:\Documents and Settings\Michael Casserly\My Documents\Webmaster\fordhamramshockey\menus\leftnav_fordhamhockey.html --> ftp.mcasserly.com /mcasserly/fordhamramshockey/menus leftnav_fordhamhockey.html
2005.12.11 21:55 A C:\Documents and Settings\Michael Casserly\My Documents\Webmaster\fordhamramshockey\menus\leftnav_roster.html --> ftp.mcasserly.com /mcasserly/fordhamramshockey/menus leftnav_roster.html
2005.12.11 22:00 A C:\Documents and Settings\Michael Casserly\My Documents\Webmaster\fordhamramshockey\menus\leftnav_stats.html --> ftp.mcasserly.com /mcasserly/fordhamramshockey/menus leftnav_stats.html
2005.12.11 22:06 A C:\Documents and Settings\Michael Casserly\My Documents\Webmaster\fordhamramshockey\menus\leftnav_stats.html --> ftp.mcasserly.com /mcasserly/fordhamramshockey/menus leftnav_stats.html
2005.12.12 22:55 A C:\Documents and Settings\Michael Casserly\My Documents\Webmaster\fordhamramshockey\menus\leftnav_alumni.html --> ftp.mcasserly.com /mcasserly/fordhamramshockey/menus leftnav_alumni.html
2005.12.12 22:55 A C:\Documents and Settings\Michael Casserly\My Documents\Webmaster\fordhamramshockey\menus\leftnav_roster.html --> ftp.mcasserly.com /mcasserly/fordhamramshockey/menus leftnav_roster.html
2005.12.12 22:55 A C:\Documents and Settings\Michael Casserly\My Documents\Webmaster\fordhamramshockey\menus\leftnav_fordhamhockey.html --> ftp.mcasserly.com /mcasserly/fordhamramshockey/menus leftnav_fordhamhockey.html
2005.12.12 22:55 A C:\Documents and Settings\Michael Casserly\My Documents\Webmaster\fordhamramshockey\menus\leftnav_stats.html --> ftp.mcasserly.com /mcasserly/fordhamramshockey/menus leftnav_stats.html
2005.12.12 22:55 B C:\Documents and Settings\Michael Casserly\My Documents\Webmaster\fordhamramshockey\menus\WS_FTP.LOG --> ftp.mcasserly.com /mcasserly/fordhamramshockey/menus WS_FTP.LOG
2005.12.12 23:24 B C:\Documents and Settings\Michael Casserly\My Documents\Webmaster\fordhamramshockey\menus\WS_FTP.LOG --> ftp.fordhamramshockey.com /mcasserly/menus WS_FTP.LOG
2005.12.12 23:24 A C:\Documents and Settings\Michael Casserly\My Documents\Webmaster\fordhamramshockey\menus\leftnav_alumni.html --> ftp.fordhamramshockey.com /mcasserly/menus leftnav_alumni.html
2005.12.12 23:24 A C:\Documents and Settings\Michael Casserly\My Documents\Webmaster\fordhamramshockey\menus\leftnav_roster.html --> ftp.fordhamramshockey.com /mcasserly/menus leftnav_roster.html
2005.12.12 23:24 A C:\Documents and Settings\Michael Casserly\My Documents\Webmaster\fordhamramshockey\menus\leftnav_fordhamhockey.html --> ftp.fordhamramshockey.com /mcasserly/menus leftnav_fordhamhockey.html
2005.12.12 23:24 A C:\Documents and Settings\Michael Casserly\My Documents\Webmaster\fordhamramshockey\menus\leftnav_stats.html --> ftp.fordhamramshockey.com /mcasserly/menus leftnav_stats.html
2005.12.12 23:50 A C:\Documents and Settings\Michael Casserly\My Documents\Webmaster\fordhamramshockey\menus\subnav_stats_recordbook.html --> ftp.mcasserly.com /mcasserly/fordhamramshockey/menus subnav_stats_recordbook.html
2005.12.13 00:13 B C:\Documents and Settings\Michael Casserly\My Documents\Webmaster\fordhamramshockey\menus\WS_FTP.LOG --> ftp.mcasserly.com /mcasserly/fordhamramshockey/menus WS_FTP.LOG
2005.12.13 00:13 A C:\Documents and Settings\Michael Casserly\My Documents\Webmaster\fordhamramshockey\menus\subnav_stats_recordbook.html --> ftp.mcasserly.com /mcasserly/fordhamramshockey/menus subnav_stats_recordbook.html
2005.12.13 00:13 A C:\Documents and Settings\Michael Casserly\My Documents\Webmaster\fordhamramshockey\menus\leftnav_alumni.html --> ftp.mcasserly.com /mcasserly/fordhamramshockey/menus leftnav_alumni.html
2005.12.13 00:13 A C:\Documents and Settings\Michael Casserly\My Documents\Webmaster\fordhamramshockey\menus\leftnav_roster.html --> ftp.mcasserly.com /mcasserly/fordhamramshockey/menus leftnav_roster.html
2005.12.13 00:13 A C:\Documents and Settings\Michael Casserly\My Documents\Webmaster\fordhamramshockey\menus\leftnav_fordhamhockey.html --> ftp.mcasserly.com /mcasserly/fordhamramshockey/menus leftnav_fordhamhockey.html
2005.12.13 00:13 A C:\Documents and Settings\Michael Casserly\My Documents\Webmaster\fordhamramshockey\menus\leftnav_stats.html --> ftp.mcasserly.com /mcasserly/fordhamramshockey/menus leftnav_stats.html
2005.12.13 00:58 B C:\Documents and Settings\Michael Casserly\My Documents\Webmaster\fordhamramshockey\menus\WS_FTP.LOG --> ftp.fordhamramshockey.com /mcasserly/menus WS_FTP.LOG
2005.12.13 00:58 A C:\Documents and Settings\Michael Casserly\My Documents\Webmaster\fordhamramshockey\menus\subnav_stats_recordbook.html --> ftp.fordhamramshockey.com /mcasserly/menus subnav_stats_recordbook.html
2005.12.13 00:58 A C:\Documents and Settings\Michael Casserly\My Documents\Webmaster\fordhamramshockey\menus\leftnav_alumni.html --> ftp.fordhamramshockey.com /mcasserly/menus leftnav_alumni.html
2005.12.13 00:58 A C:\Documents and Settings\Michael Casserly\My Documents\Webmaster\fordhamramshockey\menus\leftnav_roster.html --> ftp.fordhamramshockey.com /mcasserly/menus leftnav_roster.html
2005.12.13 00:58 A C:\Documents and Settings\Michael Casserly\My Documents\Webmaster\fordhamramshockey\menus\leftnav_fordhamhockey.html --> ftp.fordhamramshockey.com /mcasserly/menus leftnav_fordhamhockey.html
2005.12.13 00:58 A C:\Documents and Settings\Michael Casserly\My Documents\Webmaster\fordhamramshockey\menus\leftnav_stats.html --> ftp.fordhamramshockey.com /mcasserly/menus leftnav_stats.html
2005.12.14 23:57 A C:\Documents and Settings\Michael Casserly\My Documents\Webmaster\fordhamramshockey\menus\leftnav_alumni.html --> ftp.mcasserly.com /mcasserly/fordhamramshockey/menus leftnav_alumni.html
2005.12.15 00:30 A C:\Documents and Settings\Michael Casserly\My Documents\Webmaster\fordhamramshockey\menus\leftnav_stats.html --> ftp.mcasserly.com /mcasserly/fordhamramshockey/menus leftnav_stats.html
2005.12.15 00:30 A C:\Documents and Settings\Michael Casserly\My Documents\Webmaster\fordhamramshockey\menus\leftnav_roster.html --> ftp.mcasserly.com /mcasserly/fordhamramshockey/menus leftnav_roster.html
2005.12.15 00:30 A C:\Documents and Settings\Michael Casserly\My Documents\Webmaster\fordhamramshockey\menus\leftnav_fordhamhockey.html --> ftp.mcasserly.com /mcasserly/fordhamramshockey/menus leftnav_fordhamhockey.html
2005.12.15 00:30 A C:\Documents and Settings\Michael Casserly\My Documents\Webmaster\fordhamramshockey\menus\leftnav_alumni.html --> ftp.mcasserly.com /mcasserly/fordhamramshockey/menus leftnav_alumni.html
2005.12.15 02:17 B C:\Documents and Settings\Michael Casserly\My Documents\Webmaster\fordhamramshockey\menus\WS_FTP.LOG --> ftp.fordhamramshockey.com /mcasserly/menus WS_FTP.LOG
2005.12.15 02:17 A C:\Documents and Settings\Michael Casserly\My Documents\Webmaster\fordhamramshockey\menus\leftnav_stats.html --> ftp.fordhamramshockey.com /mcasserly/menus leftnav_stats.html
2005.12.15 02:17 A C:\Documents and Settings\Michael Casserly\My Documents\Webmaster\fordhamramshockey\menus\leftnav_roster.html --> ftp.fordhamramshockey.com /mcasserly/menus leftnav_roster.html
2005.12.15 02:17 A C:\Documents and Settings\Michael Casserly\My Documents\Webmaster\fordhamramshockey\menus\leftnav_fordhamhockey.html --> ftp.fordhamramshockey.com /mcasserly/menus leftnav_fordhamhockey.html
2005.12.15 02:17 A C:\Documents and Settings\Michael Casserly\My Documents\Webmaster\fordhamramshockey\menus\leftnav_alumni.html --> ftp.fordhamramshockey.com /mcasserly/menus leftnav_alumni.html
2005.12.15 02:17 A C:\Documents and Settings\Michael Casserly\My Documents\Webmaster\fordhamramshockey\menus\subnav_stats_recordbook.html --> ftp.fordhamramshockey.com /mcasserly/menus subnav_stats_recordbook.html
2006.01.14 19:16 B C:\Documents and Settings\Michael Casserly\My Documents\Webmaster\fordhamramshockey\menus\WS_FTP.LOG --> ftp.mcasserly.com /mcasserly/fordhamramshockey/menus WS_FTP.LOG
2006.01.14 19:16 A C:\Documents and Settings\Michael Casserly\My Documents\Webmaster\fordhamramshockey\menus\leftnav_stats.html --> ftp.mcasserly.com /mcasserly/fordhamramshockey/menus leftnav_stats.html
2006.01.14 19:16 A C:\Documents and Settings\Michael Casserly\My Documents\Webmaster\fordhamramshockey\menus\leftnav_roster.html --> ftp.mcasserly.com /mcasserly/fordhamramshockey/menus leftnav_roster.html
2006.01.14 19:16 A C:\Documents and Settings\Michael Casserly\My Documents\Webmaster\fordhamramshockey\menus\leftnav_fordhamhockey.html --> ftp.mcasserly.com /mcasserly/fordhamramshockey/menus leftnav_fordhamhockey.html
2006.01.14 19:16 A C:\Documents and Settings\Michael Casserly\My Documents\Webmaster\fordhamramshockey\menus\leftnav_alumni.html --> ftp.mcasserly.com /mcasserly/fordhamramshockey/menus leftnav_alumni.html
2006.01.14 19:16 A C:\Documents and Settings\Michael Casserly\My Documents\Webmaster\fordhamramshockey\menus\subnav_stats_recordbook.html --> ftp.mcasserly.com /mcasserly/fordhamramshockey/menus subnav_stats_recordbook.html
2006.01.14 20:07 B C:\Documents and Settings\Michael Casserly\My Documents\Webmaster\fordhamramshockey\menus\WS_FTP.LOG --> ftp.mcasserly.com /mcasserly/fordhamramshockey/menus WS_FTP.LOG
2006.01.14 21:48 A C:\Documents and Settings\Michael Casserly\My Documents\Webmaster\fordhamramshockey\menus\leftnav_stats.html --> ftp.mcasserly.com /mcasserly/fordhamramshockey/menus leftnav_stats.html
2006.01.14 22:01 A C:\Documents and Settings\Michael Casserly\My Documents\Webmaster\fordhamramshockey\menus\subnav_stats_recordbook.html --> ftp.mcasserly.com /mcasserly/fordhamramshockey/menus subnav_stats_recordbook.html
2006.01.14 22:01 B C:\Documents and Settings\Michael Casserly\My Documents\Webmaster\fordhamramshockey\menus\WS_FTP.LOG --> ftp.mcasserly.com /mcasserly/fordhamramshockey/menus WS_FTP.LOG
2006.01.14 22:01 A C:\Documents and Settings\Michael Casserly\My Documents\Webmaster\fordhamramshockey\menus\leftnav_stats.html --> ftp.mcasserly.com /mcasserly/fordhamramshockey/menus leftnav_stats.html
2006.01.14 22:06 B C:\Documents and Settings\Michael Casserly\My Documents\Webmaster\fordhamramshockey\menus\WS_FTP.LOG --> ftp.fordhamramshockey.com /mcasserly/menus WS_FTP.LOG
2006.01.14 22:06 A C:\Documents and Settings\Michael Casserly\My Documents\Webmaster\fordhamramshockey\menus\subnav_stats_recordbook.html --> ftp.fordhamramshockey.com /mcasserly/menus subnav_stats_recordbook.html
2006.01.14 22:06 A C:\Documents and Settings\Michael Casserly\My Documents\Webmaster\fordhamramshockey\menus\leftnav_stats.html --> ftp.fordhamramshockey.com /mcasserly/menus leftnav_stats.html
2006.01.14 22:06 A C:\Documents and Settings\Michael Casserly\My Documents\Webmaster\fordhamramshockey\menus\leftnav_roster.html --> ftp.fordhamramshockey.com /mcasserly/menus leftnav_roster.html
2006.01.14 22:06 A C:\Documents and Settings\Michael Casserly\My Documents\Webmaster\fordhamramshockey\menus\leftnav_fordhamhockey.html --> ftp.fordhamramshockey.com /mcasserly/menus leftnav_fordhamhockey.html
2006.01.14 22:06 A C:\Documents and Settings\Michael Casserly\My Documents\Webmaster\fordhamramshockey\menus\leftnav_alumni.html --> ftp.fordhamramshockey.com /mcasserly/menus leftnav_alumni.html
2006.02.13 23:29 B C:\Documents and Settings\Michael Casserly\My Documents\Webmaster\fordhamramshockey\menus\WS_FTP.LOG.LCK --> ftp.fordhamramshockey.com /mcasserly/test/menus WS_FTP.LOG.LCK
2006.02.13 23:29 B C:\Documents and Settings\Michael Casserly\My Documents\Webmaster\fordhamramshockey\menus\subnav_stats_recordbook.html.LCK --> ftp.fordhamramshockey.com /mcasserly/test/menus subnav_stats_recordbook.html.LCK
2006.02.13 23:29 B C:\Documents and Settings\Michael Casserly\My Documents\Webmaster\fordhamramshockey\menus\leftnav_stats.html.LCK --> ftp.fordhamramshockey.com /mcasserly/test/menus leftnav_stats.html.LCK
2006.02.13 23:29 B C:\Documents and Settings\Michael Casserly\My Documents\Webmaster\fordhamramshockey\menus\leftnav_roster.html.LCK --> ftp.fordhamramshockey.com /mcasserly/test/menus leftnav_roster.html.LCK
2006.02.13 23:29 B C:\Documents and Settings\Michael Casserly\My Documents\Webmaster\fordhamramshockey\menus\leftnav_fordhamhockey.html.LCK --> ftp.fordhamramshockey.com /mcasserly/test/menus leftnav_fordhamhockey.html.LCK
2006.02.13 23:29 B C:\Documents and Settings\Michael Casserly\My Documents\Webmaster\fordhamramshockey\menus\leftnav_alumni.html.LCK --> ftp.fordhamramshockey.com /mcasserly/test/menus leftnav_alumni.html.LCK
2006.02.13 23:29 B C:\Documents and Settings\Michael Casserly\My Documents\Webmaster\fordhamramshockey\menus\WS_FTP.LOG --> ftp.fordhamramshockey.com /mcasserly/test/menus WS_FTP.LOG
2006.02.13 23:29 A C:\Documents and Settings\Michael Casserly\My Documents\Webmaster\fordhamramshockey\menus\subnav_stats_recordbook.html --> ftp.fordhamramshockey.com /mcasserly/test/menus subnav_stats_recordbook.html
2006.02.13 23:29 A C:\Documents and Settings\Michael Casserly\My Documents\Webmaster\fordhamramshockey\menus\leftnav_stats.html --> ftp.fordhamramshockey.com /mcasserly/test/menus leftnav_stats.html
2006.02.13 23:29 A C:\Documents and Settings\Michael Casserly\My Documents\Webmaster\fordhamramshockey\menus\leftnav_roster.html --> ftp.fordhamramshockey.com /mcasserly/test/menus leftnav_roster.html
2006.02.13 23:29 A C:\Documents and Settings\Michael Casserly\My Documents\Webmaster\fordhamramshockey\menus\leftnav_fordhamhockey.html --> ftp.fordhamramshockey.com /mcasserly/test/menus leftnav_fordhamhockey.html
2006.02.13 23:29 A C:\Documents and Settings\Michael Casserly\My Documents\Webmaster\fordhamramshockey\menus\leftnav_alumni.html --> ftp.fordhamramshockey.com /mcasserly/test/menus leftnav_alumni.html
