2005.10.25 23:37 B C:\Documents and Settings\Michael Casserly\My Documents\Webmaster\fordhamramshockey\images\gallery\Thumbs.db --> ftp.fordhamramshockey.com /mcasserly/images/gallery Thumbs.db
2005.10.25 23:37 B C:\Documents and Settings\Michael Casserly\My Documents\Webmaster\fordhamramshockey\images\gallery\gallery0013_thumb.jpg --> ftp.fordhamramshockey.com /mcasserly/images/gallery gallery0013_thumb.jpg
2005.10.25 23:37 B C:\Documents and Settings\Michael Casserly\My Documents\Webmaster\fordhamramshockey\images\gallery\gallery0013.jpg --> ftp.fordhamramshockey.com /mcasserly/images/gallery gallery0013.jpg
2005.10.25 23:37 B C:\Documents and Settings\Michael Casserly\My Documents\Webmaster\fordhamramshockey\images\gallery\gallery0008_thumb.jpg --> ftp.fordhamramshockey.com /mcasserly/images/gallery gallery0008_thumb.jpg
2005.10.25 23:37 B C:\Documents and Settings\Michael Casserly\My Documents\Webmaster\fordhamramshockey\images\gallery\gallery0008.jpg --> ftp.fordhamramshockey.com /mcasserly/images/gallery gallery0008.jpg
2005.10.25 23:37 B C:\Documents and Settings\Michael Casserly\My Documents\Webmaster\fordhamramshockey\images\gallery\gallery0007_thumb.jpg --> ftp.fordhamramshockey.com /mcasserly/images/gallery gallery0007_thumb.jpg
2005.10.25 23:37 B C:\Documents and Settings\Michael Casserly\My Documents\Webmaster\fordhamramshockey\images\gallery\gallery0007.jpg --> ftp.fordhamramshockey.com /mcasserly/images/gallery gallery0007.jpg
2005.10.25 23:37 B C:\Documents and Settings\Michael Casserly\My Documents\Webmaster\fordhamramshockey\images\gallery\gallery0006_thumb.jpg --> ftp.fordhamramshockey.com /mcasserly/images/gallery gallery0006_thumb.jpg
2005.10.25 23:37 B C:\Documents and Settings\Michael Casserly\My Documents\Webmaster\fordhamramshockey\images\gallery\gallery0006.jpg --> ftp.fordhamramshockey.com /mcasserly/images/gallery gallery0006.jpg
2005.10.25 23:37 B C:\Documents and Settings\Michael Casserly\My Documents\Webmaster\fordhamramshockey\images\gallery\gallery0005_thumb.jpg --> ftp.fordhamramshockey.com /mcasserly/images/gallery gallery0005_thumb.jpg
2005.10.25 23:37 B C:\Documents and Settings\Michael Casserly\My Documents\Webmaster\fordhamramshockey\images\gallery\gallery0005.jpg --> ftp.fordhamramshockey.com /mcasserly/images/gallery gallery0005.jpg
2005.10.25 23:37 B C:\Documents and Settings\Michael Casserly\My Documents\Webmaster\fordhamramshockey\images\gallery\gallery_blank_wide_large.psd --> ftp.fordhamramshockey.com /mcasserly/images/gallery gallery_blank_wide_large.psd
2005.10.25 23:37 B C:\Documents and Settings\Michael Casserly\My Documents\Webmaster\fordhamramshockey\images\gallery\gallery_blank_long_large.psd --> ftp.fordhamramshockey.com /mcasserly/images/gallery gallery_blank_long_large.psd
2005.10.25 23:37 B C:\Documents and Settings\Michael Casserly\My Documents\Webmaster\fordhamramshockey\images\gallery\gallery_blank_long_large.gif --> ftp.fordhamramshockey.com /mcasserly/images/gallery gallery_blank_long_large.gif
2005.10.25 23:37 B C:\Documents and Settings\Michael Casserly\My Documents\Webmaster\fordhamramshockey\images\gallery\gallery_blank_wide_large.gif --> ftp.fordhamramshockey.com /mcasserly/images/gallery gallery_blank_wide_large.gif
2005.10.25 23:37 B C:\Documents and Settings\Michael Casserly\My Documents\Webmaster\fordhamramshockey\images\gallery\gallery_blank_wide.psd --> ftp.fordhamramshockey.com /mcasserly/images/gallery gallery_blank_wide.psd
2005.10.25 23:37 B C:\Documents and Settings\Michael Casserly\My Documents\Webmaster\fordhamramshockey\images\gallery\gallery_blank_wide.gif --> ftp.fordhamramshockey.com /mcasserly/images/gallery gallery_blank_wide.gif
2005.10.25 23:37 B C:\Documents and Settings\Michael Casserly\My Documents\Webmaster\fordhamramshockey\images\gallery\gallery_blank_long.psd --> ftp.fordhamramshockey.com /mcasserly/images/gallery gallery_blank_long.psd
2005.10.25 23:37 B C:\Documents and Settings\Michael Casserly\My Documents\Webmaster\fordhamramshockey\images\gallery\gallery_blank_long.gif --> ftp.fordhamramshockey.com /mcasserly/images/gallery gallery_blank_long.gif
2005.10.25 23:37 B C:\Documents and Settings\Michael Casserly\My Documents\Webmaster\fordhamramshockey\images\gallery\gallery0016_thumb.jpg --> ftp.fordhamramshockey.com /mcasserly/images/gallery gallery0016_thumb.jpg
2005.10.25 23:37 B C:\Documents and Settings\Michael Casserly\My Documents\Webmaster\fordhamramshockey\images\gallery\gallery0016.jpg --> ftp.fordhamramshockey.com /mcasserly/images/gallery gallery0016.jpg
2005.10.25 23:37 B C:\Documents and Settings\Michael Casserly\My Documents\Webmaster\fordhamramshockey\images\gallery\gallery0017_thumb.jpg --> ftp.fordhamramshockey.com /mcasserly/images/gallery gallery0017_thumb.jpg
2005.10.25 23:37 B C:\Documents and Settings\Michael Casserly\My Documents\Webmaster\fordhamramshockey\images\gallery\gallery0017.jpg --> ftp.fordhamramshockey.com /mcasserly/images/gallery gallery0017.jpg
2005.10.25 23:37 B C:\Documents and Settings\Michael Casserly\My Documents\Webmaster\fordhamramshockey\images\gallery\gallery0012_thumb.jpg --> ftp.fordhamramshockey.com /mcasserly/images/gallery gallery0012_thumb.jpg
2005.10.25 23:37 B C:\Documents and Settings\Michael Casserly\My Documents\Webmaster\fordhamramshockey\images\gallery\gallery0015_thumb.jpg --> ftp.fordhamramshockey.com /mcasserly/images/gallery gallery0015_thumb.jpg
2005.10.25 23:37 B C:\Documents and Settings\Michael Casserly\My Documents\Webmaster\fordhamramshockey\images\gallery\gallery0015.jpg --> ftp.fordhamramshockey.com /mcasserly/images/gallery gallery0015.jpg
2005.10.25 23:37 B C:\Documents and Settings\Michael Casserly\My Documents\Webmaster\fordhamramshockey\images\gallery\gallery0012.jpg --> ftp.fordhamramshockey.com /mcasserly/images/gallery gallery0012.jpg
2005.10.25 23:37 B C:\Documents and Settings\Michael Casserly\My Documents\Webmaster\fordhamramshockey\images\gallery\gallery0002_thumb.jpg --> ftp.fordhamramshockey.com /mcasserly/images/gallery gallery0002_thumb.jpg
2005.10.25 23:37 B C:\Documents and Settings\Michael Casserly\My Documents\Webmaster\fordhamramshockey\images\gallery\gallery0001_thumb.gif --> ftp.fordhamramshockey.com /mcasserly/images/gallery gallery0001_thumb.gif
2005.10.25 23:37 B C:\Documents and Settings\Michael Casserly\My Documents\Webmaster\fordhamramshockey\images\gallery\org_gallery0008_thumb.jpg --> ftp.fordhamramshockey.com /mcasserly/images/gallery org_gallery0008_thumb.jpg
2005.10.25 23:37 B C:\Documents and Settings\Michael Casserly\My Documents\Webmaster\fordhamramshockey\images\gallery\org_gallery0006_thumb.jpg --> ftp.fordhamramshockey.com /mcasserly/images/gallery org_gallery0006_thumb.jpg
2005.10.25 23:37 B C:\Documents and Settings\Michael Casserly\My Documents\Webmaster\fordhamramshockey\images\gallery\org_gallery0013_thumb.jpg --> ftp.fordhamramshockey.com /mcasserly/images/gallery org_gallery0013_thumb.jpg
2005.10.25 23:37 B C:\Documents and Settings\Michael Casserly\My Documents\Webmaster\fordhamramshockey\images\gallery\gallery0014_thumb.jpg --> ftp.fordhamramshockey.com /mcasserly/images/gallery gallery0014_thumb.jpg
2005.10.25 23:37 B C:\Documents and Settings\Michael Casserly\My Documents\Webmaster\fordhamramshockey\images\gallery\org_gallery0005_thumb.jpg --> ftp.fordhamramshockey.com /mcasserly/images/gallery org_gallery0005_thumb.jpg
2005.10.25 23:37 B C:\Documents and Settings\Michael Casserly\My Documents\Webmaster\fordhamramshockey\images\gallery\gallery0003_thumb.jpg --> ftp.fordhamramshockey.com /mcasserly/images/gallery gallery0003_thumb.jpg
2005.10.25 23:37 B C:\Documents and Settings\Michael Casserly\My Documents\Webmaster\fordhamramshockey\images\gallery\gallery0009_thumb.jpg --> ftp.fordhamramshockey.com /mcasserly/images/gallery gallery0009_thumb.jpg
2005.10.25 23:37 B C:\Documents and Settings\Michael Casserly\My Documents\Webmaster\fordhamramshockey\images\gallery\gallery0004_thumb.jpg --> ftp.fordhamramshockey.com /mcasserly/images/gallery gallery0004_thumb.jpg
2005.10.25 23:37 B C:\Documents and Settings\Michael Casserly\My Documents\Webmaster\fordhamramshockey\images\gallery\gallery0011_thumb.jpg --> ftp.fordhamramshockey.com /mcasserly/images/gallery gallery0011_thumb.jpg
2005.10.25 23:37 B C:\Documents and Settings\Michael Casserly\My Documents\Webmaster\fordhamramshockey\images\gallery\gallery0010_thumb.jpg --> ftp.fordhamramshockey.com /mcasserly/images/gallery gallery0010_thumb.jpg
2005.10.25 23:37 B C:\Documents and Settings\Michael Casserly\My Documents\Webmaster\fordhamramshockey\images\gallery\org_gallery0007_thumb.jpg --> ftp.fordhamramshockey.com /mcasserly/images/gallery org_gallery0007_thumb.jpg
2005.10.25 23:37 B C:\Documents and Settings\Michael Casserly\My Documents\Webmaster\fordhamramshockey\images\gallery\org_gallery0006.jpg --> ftp.fordhamramshockey.com /mcasserly/images/gallery org_gallery0006.jpg
2005.10.25 23:38 B C:\Documents and Settings\Michael Casserly\My Documents\Webmaster\fordhamramshockey\images\gallery\gallery0002.jpg --> ftp.fordhamramshockey.com /mcasserly/images/gallery gallery0002.jpg
2005.10.25 23:38 B C:\Documents and Settings\Michael Casserly\My Documents\Webmaster\fordhamramshockey\images\gallery\org_gallery0013.jpg --> ftp.fordhamramshockey.com /mcasserly/images/gallery org_gallery0013.jpg
2005.10.25 23:38 B C:\Documents and Settings\Michael Casserly\My Documents\Webmaster\fordhamramshockey\images\gallery\org_gallery0008.jpg --> ftp.fordhamramshockey.com /mcasserly/images/gallery org_gallery0008.jpg
2005.10.25 23:38 B C:\Documents and Settings\Michael Casserly\My Documents\Webmaster\fordhamramshockey\images\gallery\gallery0014.jpg --> ftp.fordhamramshockey.com /mcasserly/images/gallery gallery0014.jpg
2005.10.25 23:38 B C:\Documents and Settings\Michael Casserly\My Documents\Webmaster\fordhamramshockey\images\gallery\org_gallery0005.jpg --> ftp.fordhamramshockey.com /mcasserly/images/gallery org_gallery0005.jpg
2005.10.25 23:38 B C:\Documents and Settings\Michael Casserly\My Documents\Webmaster\fordhamramshockey\images\gallery\gallery0003.jpg --> ftp.fordhamramshockey.com /mcasserly/images/gallery gallery0003.jpg
2005.10.25 23:38 B C:\Documents and Settings\Michael Casserly\My Documents\Webmaster\fordhamramshockey\images\gallery\gallery0004.jpg --> ftp.fordhamramshockey.com /mcasserly/images/gallery gallery0004.jpg
2005.10.25 23:38 B C:\Documents and Settings\Michael Casserly\My Documents\Webmaster\fordhamramshockey\images\gallery\gallery0009.jpg --> ftp.fordhamramshockey.com /mcasserly/images/gallery gallery0009.jpg
2005.10.25 23:38 B C:\Documents and Settings\Michael Casserly\My Documents\Webmaster\fordhamramshockey\images\gallery\gallery0010.jpg --> ftp.fordhamramshockey.com /mcasserly/images/gallery gallery0010.jpg
2005.10.25 23:38 B C:\Documents and Settings\Michael Casserly\My Documents\Webmaster\fordhamramshockey\images\gallery\gallery0011.jpg --> ftp.fordhamramshockey.com /mcasserly/images/gallery gallery0011.jpg
2005.10.25 23:38 B C:\Documents and Settings\Michael Casserly\My Documents\Webmaster\fordhamramshockey\images\gallery\org_gallery0007.jpg --> ftp.fordhamramshockey.com /mcasserly/images/gallery org_gallery0007.jpg
2005.10.25 23:38 B C:\Documents and Settings\Michael Casserly\My Documents\Webmaster\fordhamramshockey\images\gallery\gallery0001.jpg --> ftp.fordhamramshockey.com /mcasserly/images/gallery gallery0001.jpg
2005.12.06 23:37 B C:\Documents and Settings\Michael Casserly\My Documents\Webmaster\fordhamramshockey\images\gallery\WS_FTP.LOG --> ftp.mcasserly.com /mcasserly/fordhamramshockey/images/gallery WS_FTP.LOG
2005.12.06 23:37 B C:\Documents and Settings\Michael Casserly\My Documents\Webmaster\fordhamramshockey\images\gallery\Thumbs.db --> ftp.mcasserly.com /mcasserly/fordhamramshockey/images/gallery Thumbs.db
2005.12.06 23:38 B C:\Documents and Settings\Michael Casserly\My Documents\Webmaster\fordhamramshockey\images\gallery\gallery0013_thumb.jpg --> ftp.mcasserly.com /mcasserly/fordhamramshockey/images/gallery gallery0013_thumb.jpg
2005.12.06 23:38 B C:\Documents and Settings\Michael Casserly\My Documents\Webmaster\fordhamramshockey\images\gallery\gallery0013.jpg --> ftp.mcasserly.com /mcasserly/fordhamramshockey/images/gallery gallery0013.jpg
2005.12.06 23:38 B C:\Documents and Settings\Michael Casserly\My Documents\Webmaster\fordhamramshockey\images\gallery\gallery0008_thumb.jpg --> ftp.mcasserly.com /mcasserly/fordhamramshockey/images/gallery gallery0008_thumb.jpg
2005.12.06 23:38 B C:\Documents and Settings\Michael Casserly\My Documents\Webmaster\fordhamramshockey\images\gallery\gallery0008.jpg --> ftp.mcasserly.com /mcasserly/fordhamramshockey/images/gallery gallery0008.jpg
2005.12.06 23:38 B C:\Documents and Settings\Michael Casserly\My Documents\Webmaster\fordhamramshockey\images\gallery\gallery0007_thumb.jpg --> ftp.mcasserly.com /mcasserly/fordhamramshockey/images/gallery gallery0007_thumb.jpg
2005.12.06 23:38 B C:\Documents and Settings\Michael Casserly\My Documents\Webmaster\fordhamramshockey\images\gallery\gallery0007.jpg --> ftp.mcasserly.com /mcasserly/fordhamramshockey/images/gallery gallery0007.jpg
2005.12.06 23:38 B C:\Documents and Settings\Michael Casserly\My Documents\Webmaster\fordhamramshockey\images\gallery\gallery0006_thumb.jpg --> ftp.mcasserly.com /mcasserly/fordhamramshockey/images/gallery gallery0006_thumb.jpg
2005.12.06 23:38 B C:\Documents and Settings\Michael Casserly\My Documents\Webmaster\fordhamramshockey\images\gallery\gallery0006.jpg --> ftp.mcasserly.com /mcasserly/fordhamramshockey/images/gallery gallery0006.jpg
2005.12.06 23:38 B C:\Documents and Settings\Michael Casserly\My Documents\Webmaster\fordhamramshockey\images\gallery\gallery0005_thumb.jpg --> ftp.mcasserly.com /mcasserly/fordhamramshockey/images/gallery gallery0005_thumb.jpg
2005.12.06 23:38 B C:\Documents and Settings\Michael Casserly\My Documents\Webmaster\fordhamramshockey\images\gallery\gallery0005.jpg --> ftp.mcasserly.com /mcasserly/fordhamramshockey/images/gallery gallery0005.jpg
2005.12.06 23:38 B C:\Documents and Settings\Michael Casserly\My Documents\Webmaster\fordhamramshockey\images\gallery\gallery_blank_wide_large.psd --> ftp.mcasserly.com /mcasserly/fordhamramshockey/images/gallery gallery_blank_wide_large.psd
2005.12.06 23:38 B C:\Documents and Settings\Michael Casserly\My Documents\Webmaster\fordhamramshockey\images\gallery\gallery_blank_long_large.psd --> ftp.mcasserly.com /mcasserly/fordhamramshockey/images/gallery gallery_blank_long_large.psd
2005.12.06 23:38 B C:\Documents and Settings\Michael Casserly\My Documents\Webmaster\fordhamramshockey\images\gallery\gallery_blank_long_large.gif --> ftp.mcasserly.com /mcasserly/fordhamramshockey/images/gallery gallery_blank_long_large.gif
2005.12.06 23:38 B C:\Documents and Settings\Michael Casserly\My Documents\Webmaster\fordhamramshockey\images\gallery\gallery_blank_wide_large.gif --> ftp.mcasserly.com /mcasserly/fordhamramshockey/images/gallery gallery_blank_wide_large.gif
2005.12.06 23:38 B C:\Documents and Settings\Michael Casserly\My Documents\Webmaster\fordhamramshockey\images\gallery\gallery_blank_wide.psd --> ftp.mcasserly.com /mcasserly/fordhamramshockey/images/gallery gallery_blank_wide.psd
2005.12.06 23:38 B C:\Documents and Settings\Michael Casserly\My Documents\Webmaster\fordhamramshockey\images\gallery\gallery_blank_wide.gif --> ftp.mcasserly.com /mcasserly/fordhamramshockey/images/gallery gallery_blank_wide.gif
2005.12.06 23:38 B C:\Documents and Settings\Michael Casserly\My Documents\Webmaster\fordhamramshockey\images\gallery\gallery_blank_long.psd --> ftp.mcasserly.com /mcasserly/fordhamramshockey/images/gallery gallery_blank_long.psd
2005.12.06 23:38 B C:\Documents and Settings\Michael Casserly\My Documents\Webmaster\fordhamramshockey\images\gallery\gallery_blank_long.gif --> ftp.mcasserly.com /mcasserly/fordhamramshockey/images/gallery gallery_blank_long.gif
2005.12.06 23:38 B C:\Documents and Settings\Michael Casserly\My Documents\Webmaster\fordhamramshockey\images\gallery\gallery0016_thumb.jpg --> ftp.mcasserly.com /mcasserly/fordhamramshockey/images/gallery gallery0016_thumb.jpg
2005.12.06 23:39 B C:\Documents and Settings\Michael Casserly\My Documents\Webmaster\fordhamramshockey\images\gallery\gallery0016.jpg --> ftp.mcasserly.com /mcasserly/fordhamramshockey/images/gallery gallery0016.jpg
2005.12.06 23:39 B C:\Documents and Settings\Michael Casserly\My Documents\Webmaster\fordhamramshockey\images\gallery\gallery0017_thumb.jpg --> ftp.mcasserly.com /mcasserly/fordhamramshockey/images/gallery gallery0017_thumb.jpg
2005.12.06 23:39 B C:\Documents and Settings\Michael Casserly\My Documents\Webmaster\fordhamramshockey\images\gallery\gallery0017.jpg --> ftp.mcasserly.com /mcasserly/fordhamramshockey/images/gallery gallery0017.jpg
2005.12.06 23:39 B C:\Documents and Settings\Michael Casserly\My Documents\Webmaster\fordhamramshockey\images\gallery\gallery0012_thumb.jpg --> ftp.mcasserly.com /mcasserly/fordhamramshockey/images/gallery gallery0012_thumb.jpg
2005.12.06 23:39 B C:\Documents and Settings\Michael Casserly\My Documents\Webmaster\fordhamramshockey\images\gallery\gallery0015_thumb.jpg --> ftp.mcasserly.com /mcasserly/fordhamramshockey/images/gallery gallery0015_thumb.jpg
2005.12.06 23:39 B C:\Documents and Settings\Michael Casserly\My Documents\Webmaster\fordhamramshockey\images\gallery\gallery0015.jpg --> ftp.mcasserly.com /mcasserly/fordhamramshockey/images/gallery gallery0015.jpg
2005.12.06 23:39 B C:\Documents and Settings\Michael Casserly\My Documents\Webmaster\fordhamramshockey\images\gallery\gallery0012.jpg --> ftp.mcasserly.com /mcasserly/fordhamramshockey/images/gallery gallery0012.jpg
2005.12.06 23:39 B C:\Documents and Settings\Michael Casserly\My Documents\Webmaster\fordhamramshockey\images\gallery\gallery0002_thumb.jpg --> ftp.mcasserly.com /mcasserly/fordhamramshockey/images/gallery gallery0002_thumb.jpg
2005.12.06 23:39 B C:\Documents and Settings\Michael Casserly\My Documents\Webmaster\fordhamramshockey\images\gallery\gallery0001_thumb.gif --> ftp.mcasserly.com /mcasserly/fordhamramshockey/images/gallery gallery0001_thumb.gif
2005.12.06 23:39 B C:\Documents and Settings\Michael Casserly\My Documents\Webmaster\fordhamramshockey\images\gallery\org_gallery0008_thumb.jpg --> ftp.mcasserly.com /mcasserly/fordhamramshockey/images/gallery org_gallery0008_thumb.jpg
2005.12.06 23:39 B C:\Documents and Settings\Michael Casserly\My Documents\Webmaster\fordhamramshockey\images\gallery\org_gallery0006_thumb.jpg --> ftp.mcasserly.com /mcasserly/fordhamramshockey/images/gallery org_gallery0006_thumb.jpg
2005.12.06 23:39 B C:\Documents and Settings\Michael Casserly\My Documents\Webmaster\fordhamramshockey\images\gallery\org_gallery0013_thumb.jpg --> ftp.mcasserly.com /mcasserly/fordhamramshockey/images/gallery org_gallery0013_thumb.jpg
2005.12.06 23:39 B C:\Documents and Settings\Michael Casserly\My Documents\Webmaster\fordhamramshockey\images\gallery\gallery0014_thumb.jpg --> ftp.mcasserly.com /mcasserly/fordhamramshockey/images/gallery gallery0014_thumb.jpg
2005.12.06 23:39 B C:\Documents and Settings\Michael Casserly\My Documents\Webmaster\fordhamramshockey\images\gallery\org_gallery0005_thumb.jpg --> ftp.mcasserly.com /mcasserly/fordhamramshockey/images/gallery org_gallery0005_thumb.jpg
2005.12.06 23:39 B C:\Documents and Settings\Michael Casserly\My Documents\Webmaster\fordhamramshockey\images\gallery\gallery0003_thumb.jpg --> ftp.mcasserly.com /mcasserly/fordhamramshockey/images/gallery gallery0003_thumb.jpg
2005.12.06 23:39 B C:\Documents and Settings\Michael Casserly\My Documents\Webmaster\fordhamramshockey\images\gallery\gallery0009_thumb.jpg --> ftp.mcasserly.com /mcasserly/fordhamramshockey/images/gallery gallery0009_thumb.jpg
2005.12.06 23:39 B C:\Documents and Settings\Michael Casserly\My Documents\Webmaster\fordhamramshockey\images\gallery\gallery0004_thumb.jpg --> ftp.mcasserly.com /mcasserly/fordhamramshockey/images/gallery gallery0004_thumb.jpg
2005.12.06 23:39 B C:\Documents and Settings\Michael Casserly\My Documents\Webmaster\fordhamramshockey\images\gallery\gallery0011_thumb.jpg --> ftp.mcasserly.com /mcasserly/fordhamramshockey/images/gallery gallery0011_thumb.jpg
2005.12.06 23:39 B C:\Documents and Settings\Michael Casserly\My Documents\Webmaster\fordhamramshockey\images\gallery\gallery0010_thumb.jpg --> ftp.mcasserly.com /mcasserly/fordhamramshockey/images/gallery gallery0010_thumb.jpg
2005.12.06 23:39 B C:\Documents and Settings\Michael Casserly\My Documents\Webmaster\fordhamramshockey\images\gallery\org_gallery0007_thumb.jpg --> ftp.mcasserly.com /mcasserly/fordhamramshockey/images/gallery org_gallery0007_thumb.jpg
2005.12.06 23:40 B C:\Documents and Settings\Michael Casserly\My Documents\Webmaster\fordhamramshockey\images\gallery\org_gallery0006.jpg --> ftp.mcasserly.com /mcasserly/fordhamramshockey/images/gallery org_gallery0006.jpg
2005.12.06 23:40 B C:\Documents and Settings\Michael Casserly\My Documents\Webmaster\fordhamramshockey\images\gallery\gallery0002.jpg --> ftp.mcasserly.com /mcasserly/fordhamramshockey/images/gallery gallery0002.jpg
2005.12.06 23:40 B C:\Documents and Settings\Michael Casserly\My Documents\Webmaster\fordhamramshockey\images\gallery\org_gallery0013.jpg --> ftp.mcasserly.com /mcasserly/fordhamramshockey/images/gallery org_gallery0013.jpg
2005.12.06 23:40 B C:\Documents and Settings\Michael Casserly\My Documents\Webmaster\fordhamramshockey\images\gallery\org_gallery0008.jpg --> ftp.mcasserly.com /mcasserly/fordhamramshockey/images/gallery org_gallery0008.jpg
2005.12.06 23:40 B C:\Documents and Settings\Michael Casserly\My Documents\Webmaster\fordhamramshockey\images\gallery\gallery0014.jpg --> ftp.mcasserly.com /mcasserly/fordhamramshockey/images/gallery gallery0014.jpg
2005.12.06 23:40 B C:\Documents and Settings\Michael Casserly\My Documents\Webmaster\fordhamramshockey\images\gallery\org_gallery0005.jpg --> ftp.mcasserly.com /mcasserly/fordhamramshockey/images/gallery org_gallery0005.jpg
2005.12.06 23:40 B C:\Documents and Settings\Michael Casserly\My Documents\Webmaster\fordhamramshockey\images\gallery\gallery0003.jpg --> ftp.mcasserly.com /mcasserly/fordhamramshockey/images/gallery gallery0003.jpg
2005.12.06 23:40 B C:\Documents and Settings\Michael Casserly\My Documents\Webmaster\fordhamramshockey\images\gallery\gallery0004.jpg --> ftp.mcasserly.com /mcasserly/fordhamramshockey/images/gallery gallery0004.jpg
2005.12.06 23:40 B C:\Documents and Settings\Michael Casserly\My Documents\Webmaster\fordhamramshockey\images\gallery\gallery0009.jpg --> ftp.mcasserly.com /mcasserly/fordhamramshockey/images/gallery gallery0009.jpg
2005.12.06 23:41 B C:\Documents and Settings\Michael Casserly\My Documents\Webmaster\fordhamramshockey\images\gallery\gallery0010.jpg --> ftp.mcasserly.com /mcasserly/fordhamramshockey/images/gallery gallery0010.jpg
2005.12.06 23:41 B C:\Documents and Settings\Michael Casserly\My Documents\Webmaster\fordhamramshockey\images\gallery\gallery0011.jpg --> ftp.mcasserly.com /mcasserly/fordhamramshockey/images/gallery gallery0011.jpg
2005.12.06 23:47 B C:\Documents and Settings\Michael Casserly\My Documents\Webmaster\fordhamramshockey\images\gallery\WS_FTP.LOG --> ftp.mcasserly.com /mcasserly/fordhamramshockey/images/gallery WS_FTP.LOG
2005.12.06 23:47 B C:\Documents and Settings\Michael Casserly\My Documents\Webmaster\fordhamramshockey\images\gallery\gallery0001.jpg --> ftp.mcasserly.com /mcasserly/fordhamramshockey/images/gallery gallery0001.jpg
2006.01.14 19:17 B C:\Documents and Settings\Michael Casserly\My Documents\Webmaster\fordhamramshockey\images\gallery\WS_FTP.LOG --> ftp.mcasserly.com /mcasserly/fordhamramshockey/images/gallery WS_FTP.LOG
2006.01.14 20:07 B C:\Documents and Settings\Michael Casserly\My Documents\Webmaster\fordhamramshockey\images\gallery\WS_FTP.LOG --> ftp.mcasserly.com /mcasserly/fordhamramshockey/images/gallery WS_FTP.LOG
2006.01.14 22:07 B C:\Documents and Settings\Michael Casserly\My Documents\Webmaster\fordhamramshockey\images\gallery\WS_FTP.LOG --> ftp.fordhamramshockey.com /mcasserly/images/gallery WS_FTP.LOG
2006.02.13 23:31 B C:\Documents and Settings\Michael Casserly\My Documents\Webmaster\fordhamramshockey\images\gallery\WS_FTP.LOG.LCK --> ftp.fordhamramshockey.com /mcasserly/test/images/gallery WS_FTP.LOG.LCK
2006.02.13 23:31 B C:\Documents and Settings\Michael Casserly\My Documents\Webmaster\fordhamramshockey\images\gallery\org_gallery0013_thumb.jpg.LCK --> ftp.fordhamramshockey.com /mcasserly/test/images/gallery org_gallery0013_thumb.jpg.LCK
2006.02.13 23:31 B C:\Documents and Settings\Michael Casserly\My Documents\Webmaster\fordhamramshockey\images\gallery\org_gallery0013.jpg.LCK --> ftp.fordhamramshockey.com /mcasserly/test/images/gallery org_gallery0013.jpg.LCK
2006.02.13 23:31 B C:\Documents and Settings\Michael Casserly\My Documents\Webmaster\fordhamramshockey\images\gallery\org_gallery0008_thumb.jpg.LCK --> ftp.fordhamramshockey.com /mcasserly/test/images/gallery org_gallery0008_thumb.jpg.LCK
2006.02.13 23:31 B C:\Documents and Settings\Michael Casserly\My Documents\Webmaster\fordhamramshockey\images\gallery\org_gallery0008.jpg.LCK --> ftp.fordhamramshockey.com /mcasserly/test/images/gallery org_gallery0008.jpg.LCK
2006.02.13 23:31 B C:\Documents and Settings\Michael Casserly\My Documents\Webmaster\fordhamramshockey\images\gallery\org_gallery0007_thumb.jpg.LCK --> ftp.fordhamramshockey.com /mcasserly/test/images/gallery org_gallery0007_thumb.jpg.LCK
2006.02.13 23:31 B C:\Documents and Settings\Michael Casserly\My Documents\Webmaster\fordhamramshockey\images\gallery\org_gallery0007.jpg.LCK --> ftp.fordhamramshockey.com /mcasserly/test/images/gallery org_gallery0007.jpg.LCK
2006.02.13 23:31 B C:\Documents and Settings\Michael Casserly\My Documents\Webmaster\fordhamramshockey\images\gallery\org_gallery0006_thumb.jpg.LCK --> ftp.fordhamramshockey.com /mcasserly/test/images/gallery org_gallery0006_thumb.jpg.LCK
2006.02.13 23:31 B C:\Documents and Settings\Michael Casserly\My Documents\Webmaster\fordhamramshockey\images\gallery\org_gallery0006.jpg.LCK --> ftp.fordhamramshockey.com /mcasserly/test/images/gallery org_gallery0006.jpg.LCK
2006.02.13 23:31 B C:\Documents and Settings\Michael Casserly\My Documents\Webmaster\fordhamramshockey\images\gallery\org_gallery0005_thumb.jpg.LCK --> ftp.fordhamramshockey.com /mcasserly/test/images/gallery org_gallery0005_thumb.jpg.LCK
2006.02.13 23:31 B C:\Documents and Settings\Michael Casserly\My Documents\Webmaster\fordhamramshockey\images\gallery\org_gallery0005.jpg.LCK --> ftp.fordhamramshockey.com /mcasserly/test/images/gallery org_gallery0005.jpg.LCK
2006.02.13 23:31 B C:\Documents and Settings\Michael Casserly\My Documents\Webmaster\fordhamramshockey\images\gallery\gallery_blank_wide_large.psd.LCK --> ftp.fordhamramshockey.com /mcasserly/test/images/gallery gallery_blank_wide_large.psd.LCK
2006.02.13 23:31 B C:\Documents and Settings\Michael Casserly\My Documents\Webmaster\fordhamramshockey\images\gallery\gallery_blank_wide_large.gif.LCK --> ftp.fordhamramshockey.com /mcasserly/test/images/gallery gallery_blank_wide_large.gif.LCK
2006.02.13 23:31 B C:\Documents and Settings\Michael Casserly\My Documents\Webmaster\fordhamramshockey\images\gallery\gallery_blank_wide.psd.LCK --> ftp.fordhamramshockey.com /mcasserly/test/images/gallery gallery_blank_wide.psd.LCK
2006.02.13 23:31 B C:\Documents and Settings\Michael Casserly\My Documents\Webmaster\fordhamramshockey\images\gallery\gallery_blank_wide.gif.LCK --> ftp.fordhamramshockey.com /mcasserly/test/images/gallery gallery_blank_wide.gif.LCK
2006.02.13 23:31 B C:\Documents and Settings\Michael Casserly\My Documents\Webmaster\fordhamramshockey\images\gallery\gallery_blank_long_large.psd.LCK --> ftp.fordhamramshockey.com /mcasserly/test/images/gallery gallery_blank_long_large.psd.LCK
2006.02.13 23:31 B C:\Documents and Settings\Michael Casserly\My Documents\Webmaster\fordhamramshockey\images\gallery\gallery_blank_long_large.gif.LCK --> ftp.fordhamramshockey.com /mcasserly/test/images/gallery gallery_blank_long_large.gif.LCK
2006.02.13 23:31 B C:\Documents and Settings\Michael Casserly\My Documents\Webmaster\fordhamramshockey\images\gallery\gallery_blank_long.psd.LCK --> ftp.fordhamramshockey.com /mcasserly/test/images/gallery gallery_blank_long.psd.LCK
2006.02.13 23:31 B C:\Documents and Settings\Michael Casserly\My Documents\Webmaster\fordhamramshockey\images\gallery\gallery_blank_long.gif.LCK --> ftp.fordhamramshockey.com /mcasserly/test/images/gallery gallery_blank_long.gif.LCK
2006.02.13 23:31 B C:\Documents and Settings\Michael Casserly\My Documents\Webmaster\fordhamramshockey\images\gallery\gallery0017_thumb.jpg.LCK --> ftp.fordhamramshockey.com /mcasserly/test/images/gallery gallery0017_thumb.jpg.LCK
2006.02.13 23:31 B C:\Documents and Settings\Michael Casserly\My Documents\Webmaster\fordhamramshockey\images\gallery\gallery0017.jpg.LCK --> ftp.fordhamramshockey.com /mcasserly/test/images/gallery gallery0017.jpg.LCK
2006.02.13 23:31 B C:\Documents and Settings\Michael Casserly\My Documents\Webmaster\fordhamramshockey\images\gallery\gallery0016_thumb.jpg.LCK --> ftp.fordhamramshockey.com /mcasserly/test/images/gallery gallery0016_thumb.jpg.LCK
2006.02.13 23:31 B C:\Documents and Settings\Michael Casserly\My Documents\Webmaster\fordhamramshockey\images\gallery\gallery0016.jpg.LCK --> ftp.fordhamramshockey.com /mcasserly/test/images/gallery gallery0016.jpg.LCK
2006.02.13 23:31 B C:\Documents and Settings\Michael Casserly\My Documents\Webmaster\fordhamramshockey\images\gallery\gallery0015_thumb.jpg.LCK --> ftp.fordhamramshockey.com /mcasserly/test/images/gallery gallery0015_thumb.jpg.LCK
2006.02.13 23:31 B C:\Documents and Settings\Michael Casserly\My Documents\Webmaster\fordhamramshockey\images\gallery\gallery0015.jpg.LCK --> ftp.fordhamramshockey.com /mcasserly/test/images/gallery gallery0015.jpg.LCK
2006.02.13 23:31 B C:\Documents and Settings\Michael Casserly\My Documents\Webmaster\fordhamramshockey\images\gallery\gallery0014_thumb.jpg.LCK --> ftp.fordhamramshockey.com /mcasserly/test/images/gallery gallery0014_thumb.jpg.LCK
2006.02.13 23:31 B C:\Documents and Settings\Michael Casserly\My Documents\Webmaster\fordhamramshockey\images\gallery\gallery0014.jpg.LCK --> ftp.fordhamramshockey.com /mcasserly/test/images/gallery gallery0014.jpg.LCK
2006.02.13 23:31 B C:\Documents and Settings\Michael Casserly\My Documents\Webmaster\fordhamramshockey\images\gallery\gallery0013_thumb.jpg.LCK --> ftp.fordhamramshockey.com /mcasserly/test/images/gallery gallery0013_thumb.jpg.LCK
2006.02.13 23:31 B C:\Documents and Settings\Michael Casserly\My Documents\Webmaster\fordhamramshockey\images\gallery\gallery0013.jpg.LCK --> ftp.fordhamramshockey.com /mcasserly/test/images/gallery gallery0013.jpg.LCK
2006.02.13 23:31 B C:\Documents and Settings\Michael Casserly\My Documents\Webmaster\fordhamramshockey\images\gallery\gallery0012_thumb.jpg.LCK --> ftp.fordhamramshockey.com /mcasserly/test/images/gallery gallery0012_thumb.jpg.LCK
2006.02.13 23:31 B C:\Documents and Settings\Michael Casserly\My Documents\Webmaster\fordhamramshockey\images\gallery\gallery0012.jpg.LCK --> ftp.fordhamramshockey.com /mcasserly/test/images/gallery gallery0012.jpg.LCK
2006.02.13 23:31 B C:\Documents and Settings\Michael Casserly\My Documents\Webmaster\fordhamramshockey\images\gallery\gallery0011_thumb.jpg.LCK --> ftp.fordhamramshockey.com /mcasserly/test/images/gallery gallery0011_thumb.jpg.LCK
2006.02.13 23:31 B C:\Documents and Settings\Michael Casserly\My Documents\Webmaster\fordhamramshockey\images\gallery\gallery0011.jpg.LCK --> ftp.fordhamramshockey.com /mcasserly/test/images/gallery gallery0011.jpg.LCK
2006.02.13 23:31 B C:\Documents and Settings\Michael Casserly\My Documents\Webmaster\fordhamramshockey\images\gallery\gallery0010_thumb.jpg.LCK --> ftp.fordhamramshockey.com /mcasserly/test/images/gallery gallery0010_thumb.jpg.LCK
2006.02.13 23:31 B C:\Documents and Settings\Michael Casserly\My Documents\Webmaster\fordhamramshockey\images\gallery\gallery0010.jpg.LCK --> ftp.fordhamramshockey.com /mcasserly/test/images/gallery gallery0010.jpg.LCK
2006.02.13 23:31 B C:\Documents and Settings\Michael Casserly\My Documents\Webmaster\fordhamramshockey\images\gallery\gallery0009_thumb.jpg.LCK --> ftp.fordhamramshockey.com /mcasserly/test/images/gallery gallery0009_thumb.jpg.LCK
2006.02.13 23:31 B C:\Documents and Settings\Michael Casserly\My Documents\Webmaster\fordhamramshockey\images\gallery\gallery0009.jpg.LCK --> ftp.fordhamramshockey.com /mcasserly/test/images/gallery gallery0009.jpg.LCK
2006.02.13 23:31 B C:\Documents and Settings\Michael Casserly\My Documents\Webmaster\fordhamramshockey\images\gallery\gallery0008_thumb.jpg.LCK --> ftp.fordhamramshockey.com /mcasserly/test/images/gallery gallery0008_thumb.jpg.LCK
2006.02.13 23:31 B C:\Documents and Settings\Michael Casserly\My Documents\Webmaster\fordhamramshockey\images\gallery\gallery0008.jpg.LCK --> ftp.fordhamramshockey.com /mcasserly/test/images/gallery gallery0008.jpg.LCK
2006.02.13 23:31 B C:\Documents and Settings\Michael Casserly\My Documents\Webmaster\fordhamramshockey\images\gallery\gallery0007_thumb.jpg.LCK --> ftp.fordhamramshockey.com /mcasserly/test/images/gallery gallery0007_thumb.jpg.LCK
2006.02.13 23:31 B C:\Documents and Settings\Michael Casserly\My Documents\Webmaster\fordhamramshockey\images\gallery\gallery0007.jpg.LCK --> ftp.fordhamramshockey.com /mcasserly/test/images/gallery gallery0007.jpg.LCK
2006.02.13 23:31 B C:\Documents and Settings\Michael Casserly\My Documents\Webmaster\fordhamramshockey\images\gallery\gallery0006_thumb.jpg.LCK --> ftp.fordhamramshockey.com /mcasserly/test/images/gallery gallery0006_thumb.jpg.LCK
2006.02.13 23:31 B C:\Documents and Settings\Michael Casserly\My Documents\Webmaster\fordhamramshockey\images\gallery\gallery0006.jpg.LCK --> ftp.fordhamramshockey.com /mcasserly/test/images/gallery gallery0006.jpg.LCK
2006.02.13 23:31 B C:\Documents and Settings\Michael Casserly\My Documents\Webmaster\fordhamramshockey\images\gallery\gallery0005_thumb.jpg.LCK --> ftp.fordhamramshockey.com /mcasserly/test/images/gallery gallery0005_thumb.jpg.LCK
2006.02.13 23:31 B C:\Documents and Settings\Michael Casserly\My Documents\Webmaster\fordhamramshockey\images\gallery\gallery0005.jpg.LCK --> ftp.fordhamramshockey.com /mcasserly/test/images/gallery gallery0005.jpg.LCK
2006.02.13 23:31 B C:\Documents and Settings\Michael Casserly\My Documents\Webmaster\fordhamramshockey\images\gallery\gallery0004_thumb.jpg.LCK --> ftp.fordhamramshockey.com /mcasserly/test/images/gallery gallery0004_thumb.jpg.LCK
2006.02.13 23:31 B C:\Documents and Settings\Michael Casserly\My Documents\Webmaster\fordhamramshockey\images\gallery\gallery0004.jpg.LCK --> ftp.fordhamramshockey.com /mcasserly/test/images/gallery gallery0004.jpg.LCK
2006.02.13 23:32 B C:\Documents and Settings\Michael Casserly\My Documents\Webmaster\fordhamramshockey\images\gallery\gallery0003_thumb.jpg.LCK --> ftp.fordhamramshockey.com /mcasserly/test/images/gallery gallery0003_thumb.jpg.LCK
2006.02.13 23:32 B C:\Documents and Settings\Michael Casserly\My Documents\Webmaster\fordhamramshockey\images\gallery\gallery0003.jpg.LCK --> ftp.fordhamramshockey.com /mcasserly/test/images/gallery gallery0003.jpg.LCK
2006.02.13 23:32 B C:\Documents and Settings\Michael Casserly\My Documents\Webmaster\fordhamramshockey\images\gallery\gallery0002_thumb.jpg.LCK --> ftp.fordhamramshockey.com /mcasserly/test/images/gallery gallery0002_thumb.jpg.LCK
2006.02.13 23:32 B C:\Documents and Settings\Michael Casserly\My Documents\Webmaster\fordhamramshockey\images\gallery\gallery0002.jpg.LCK --> ftp.fordhamramshockey.com /mcasserly/test/images/gallery gallery0002.jpg.LCK
2006.02.13 23:32 B C:\Documents and Settings\Michael Casserly\My Documents\Webmaster\fordhamramshockey\images\gallery\gallery0001_thumb.gif.LCK --> ftp.fordhamramshockey.com /mcasserly/test/images/gallery gallery0001_thumb.gif.LCK
2006.02.13 23:32 B C:\Documents and Settings\Michael Casserly\My Documents\Webmaster\fordhamramshockey\images\gallery\gallery0001.jpg.LCK --> ftp.fordhamramshockey.com /mcasserly/test/images/gallery gallery0001.jpg.LCK
2006.02.13 23:32 B C:\Documents and Settings\Michael Casserly\My Documents\Webmaster\fordhamramshockey\images\gallery\WS_FTP.LOG --> ftp.fordhamramshockey.com /mcasserly/test/images/gallery WS_FTP.LOG
2006.02.13 23:32 B C:\Documents and Settings\Michael Casserly\My Documents\Webmaster\fordhamramshockey\images\gallery\Thumbs.db --> ftp.fordhamramshockey.com /mcasserly/test/images/gallery Thumbs.db
2006.02.13 23:32 B C:\Documents and Settings\Michael Casserly\My Documents\Webmaster\fordhamramshockey\images\gallery\gallery0013_thumb.jpg --> ftp.fordhamramshockey.com /mcasserly/test/images/gallery gallery0013_thumb.jpg
2006.02.13 23:32 B C:\Documents and Settings\Michael Casserly\My Documents\Webmaster\fordhamramshockey\images\gallery\gallery0013.jpg --> ftp.fordhamramshockey.com /mcasserly/test/images/gallery gallery0013.jpg
2006.02.13 23:32 B C:\Documents and Settings\Michael Casserly\My Documents\Webmaster\fordhamramshockey\images\gallery\gallery0008_thumb.jpg --> ftp.fordhamramshockey.com /mcasserly/test/images/gallery gallery0008_thumb.jpg
2006.02.13 23:32 B C:\Documents and Settings\Michael Casserly\My Documents\Webmaster\fordhamramshockey\images\gallery\gallery0008.jpg --> ftp.fordhamramshockey.com /mcasserly/test/images/gallery gallery0008.jpg
2006.02.13 23:32 B C:\Documents and Settings\Michael Casserly\My Documents\Webmaster\fordhamramshockey\images\gallery\gallery0007_thumb.jpg --> ftp.fordhamramshockey.com /mcasserly/test/images/gallery gallery0007_thumb.jpg
2006.02.13 23:32 B C:\Documents and Settings\Michael Casserly\My Documents\Webmaster\fordhamramshockey\images\gallery\gallery0007.jpg --> ftp.fordhamramshockey.com /mcasserly/test/images/gallery gallery0007.jpg
2006.02.13 23:32 B C:\Documents and Settings\Michael Casserly\My Documents\Webmaster\fordhamramshockey\images\gallery\gallery0006_thumb.jpg --> ftp.fordhamramshockey.com /mcasserly/test/images/gallery gallery0006_thumb.jpg
2006.02.13 23:32 B C:\Documents and Settings\Michael Casserly\My Documents\Webmaster\fordhamramshockey\images\gallery\gallery0006.jpg --> ftp.fordhamramshockey.com /mcasserly/test/images/gallery gallery0006.jpg
2006.02.13 23:32 B C:\Documents and Settings\Michael Casserly\My Documents\Webmaster\fordhamramshockey\images\gallery\gallery0005_thumb.jpg --> ftp.fordhamramshockey.com /mcasserly/test/images/gallery gallery0005_thumb.jpg
2006.02.13 23:32 B C:\Documents and Settings\Michael Casserly\My Documents\Webmaster\fordhamramshockey\images\gallery\gallery0005.jpg --> ftp.fordhamramshockey.com /mcasserly/test/images/gallery gallery0005.jpg
2006.02.13 23:32 B C:\Documents and Settings\Michael Casserly\My Documents\Webmaster\fordhamramshockey\images\gallery\gallery_blank_wide_large.psd --> ftp.fordhamramshockey.com /mcasserly/test/images/gallery gallery_blank_wide_large.psd
2006.02.13 23:32 B C:\Documents and Settings\Michael Casserly\My Documents\Webmaster\fordhamramshockey\images\gallery\gallery_blank_long_large.psd --> ftp.fordhamramshockey.com /mcasserly/test/images/gallery gallery_blank_long_large.psd
2006.02.13 23:32 B C:\Documents and Settings\Michael Casserly\My Documents\Webmaster\fordhamramshockey\images\gallery\gallery_blank_long_large.gif --> ftp.fordhamramshockey.com /mcasserly/test/images/gallery gallery_blank_long_large.gif
2006.02.13 23:32 B C:\Documents and Settings\Michael Casserly\My Documents\Webmaster\fordhamramshockey\images\gallery\gallery_blank_wide_large.gif --> ftp.fordhamramshockey.com /mcasserly/test/images/gallery gallery_blank_wide_large.gif
2006.02.13 23:32 B C:\Documents and Settings\Michael Casserly\My Documents\Webmaster\fordhamramshockey\images\gallery\gallery_blank_wide.psd --> ftp.fordhamramshockey.com /mcasserly/test/images/gallery gallery_blank_wide.psd
2006.02.13 23:32 B C:\Documents and Settings\Michael Casserly\My Documents\Webmaster\fordhamramshockey\images\gallery\gallery_blank_wide.gif --> ftp.fordhamramshockey.com /mcasserly/test/images/gallery gallery_blank_wide.gif
2006.02.13 23:32 B C:\Documents and Settings\Michael Casserly\My Documents\Webmaster\fordhamramshockey\images\gallery\gallery_blank_long.psd --> ftp.fordhamramshockey.com /mcasserly/test/images/gallery gallery_blank_long.psd
2006.02.13 23:32 B C:\Documents and Settings\Michael Casserly\My Documents\Webmaster\fordhamramshockey\images\gallery\gallery_blank_long.gif --> ftp.fordhamramshockey.com /mcasserly/test/images/gallery gallery_blank_long.gif
2006.02.13 23:32 B C:\Documents and Settings\Michael Casserly\My Documents\Webmaster\fordhamramshockey\images\gallery\gallery0016_thumb.jpg --> ftp.fordhamramshockey.com /mcasserly/test/images/gallery gallery0016_thumb.jpg
2006.02.13 23:32 B C:\Documents and Settings\Michael Casserly\My Documents\Webmaster\fordhamramshockey\images\gallery\gallery0016.jpg --> ftp.fordhamramshockey.com /mcasserly/test/images/gallery gallery0016.jpg
2006.02.13 23:32 B C:\Documents and Settings\Michael Casserly\My Documents\Webmaster\fordhamramshockey\images\gallery\gallery0017_thumb.jpg --> ftp.fordhamramshockey.com /mcasserly/test/images/gallery gallery0017_thumb.jpg
2006.02.13 23:32 B C:\Documents and Settings\Michael Casserly\My Documents\Webmaster\fordhamramshockey\images\gallery\gallery0017.jpg --> ftp.fordhamramshockey.com /mcasserly/test/images/gallery gallery0017.jpg
2006.02.13 23:32 B C:\Documents and Settings\Michael Casserly\My Documents\Webmaster\fordhamramshockey\images\gallery\gallery0012_thumb.jpg --> ftp.fordhamramshockey.com /mcasserly/test/images/gallery gallery0012_thumb.jpg
2006.02.13 23:32 B C:\Documents and Settings\Michael Casserly\My Documents\Webmaster\fordhamramshockey\images\gallery\gallery0015_thumb.jpg --> ftp.fordhamramshockey.com /mcasserly/test/images/gallery gallery0015_thumb.jpg
2006.02.13 23:32 B C:\Documents and Settings\Michael Casserly\My Documents\Webmaster\fordhamramshockey\images\gallery\gallery0015.jpg --> ftp.fordhamramshockey.com /mcasserly/test/images/gallery gallery0015.jpg
2006.02.13 23:32 B C:\Documents and Settings\Michael Casserly\My Documents\Webmaster\fordhamramshockey\images\gallery\gallery0012.jpg --> ftp.fordhamramshockey.com /mcasserly/test/images/gallery gallery0012.jpg
2006.02.13 23:32 B C:\Documents and Settings\Michael Casserly\My Documents\Webmaster\fordhamramshockey\images\gallery\gallery0002_thumb.jpg --> ftp.fordhamramshockey.com /mcasserly/test/images/gallery gallery0002_thumb.jpg
2006.02.13 23:32 B C:\Documents and Settings\Michael Casserly\My Documents\Webmaster\fordhamramshockey\images\gallery\gallery0001_thumb.gif --> ftp.fordhamramshockey.com /mcasserly/test/images/gallery gallery0001_thumb.gif
2006.02.13 23:32 B C:\Documents and Settings\Michael Casserly\My Documents\Webmaster\fordhamramshockey\images\gallery\org_gallery0008_thumb.jpg --> ftp.fordhamramshockey.com /mcasserly/test/images/gallery org_gallery0008_thumb.jpg
2006.02.13 23:32 B C:\Documents and Settings\Michael Casserly\My Documents\Webmaster\fordhamramshockey\images\gallery\org_gallery0006_thumb.jpg --> ftp.fordhamramshockey.com /mcasserly/test/images/gallery org_gallery0006_thumb.jpg
2006.02.13 23:32 B C:\Documents and Settings\Michael Casserly\My Documents\Webmaster\fordhamramshockey\images\gallery\org_gallery0013_thumb.jpg --> ftp.fordhamramshockey.com /mcasserly/test/images/gallery org_gallery0013_thumb.jpg
2006.02.13 23:32 B C:\Documents and Settings\Michael Casserly\My Documents\Webmaster\fordhamramshockey\images\gallery\gallery0014_thumb.jpg --> ftp.fordhamramshockey.com /mcasserly/test/images/gallery gallery0014_thumb.jpg
2006.02.13 23:32 B C:\Documents and Settings\Michael Casserly\My Documents\Webmaster\fordhamramshockey\images\gallery\org_gallery0005_thumb.jpg --> ftp.fordhamramshockey.com /mcasserly/test/images/gallery org_gallery0005_thumb.jpg
2006.02.13 23:32 B C:\Documents and Settings\Michael Casserly\My Documents\Webmaster\fordhamramshockey\images\gallery\gallery0003_thumb.jpg --> ftp.fordhamramshockey.com /mcasserly/test/images/gallery gallery0003_thumb.jpg
2006.02.13 23:32 B C:\Documents and Settings\Michael Casserly\My Documents\Webmaster\fordhamramshockey\images\gallery\gallery0009_thumb.jpg --> ftp.fordhamramshockey.com /mcasserly/test/images/gallery gallery0009_thumb.jpg
2006.02.13 23:32 B C:\Documents and Settings\Michael Casserly\My Documents\Webmaster\fordhamramshockey\images\gallery\gallery0004_thumb.jpg --> ftp.fordhamramshockey.com /mcasserly/test/images/gallery gallery0004_thumb.jpg
2006.02.13 23:32 B C:\Documents and Settings\Michael Casserly\My Documents\Webmaster\fordhamramshockey\images\gallery\gallery0011_thumb.jpg --> ftp.fordhamramshockey.com /mcasserly/test/images/gallery gallery0011_thumb.jpg
2006.02.13 23:32 B C:\Documents and Settings\Michael Casserly\My Documents\Webmaster\fordhamramshockey\images\gallery\gallery0010_thumb.jpg --> ftp.fordhamramshockey.com /mcasserly/test/images/gallery gallery0010_thumb.jpg
2006.02.13 23:32 B C:\Documents and Settings\Michael Casserly\My Documents\Webmaster\fordhamramshockey\images\gallery\org_gallery0007_thumb.jpg --> ftp.fordhamramshockey.com /mcasserly/test/images/gallery org_gallery0007_thumb.jpg
2006.02.13 23:32 B C:\Documents and Settings\Michael Casserly\My Documents\Webmaster\fordhamramshockey\images\gallery\org_gallery0006.jpg --> ftp.fordhamramshockey.com /mcasserly/test/images/gallery org_gallery0006.jpg
2006.02.13 23:32 B C:\Documents and Settings\Michael Casserly\My Documents\Webmaster\fordhamramshockey\images\gallery\gallery0002.jpg --> ftp.fordhamramshockey.com /mcasserly/test/images/gallery gallery0002.jpg
2006.02.13 23:32 B C:\Documents and Settings\Michael Casserly\My Documents\Webmaster\fordhamramshockey\images\gallery\org_gallery0013.jpg --> ftp.fordhamramshockey.com /mcasserly/test/images/gallery org_gallery0013.jpg
2006.02.13 23:32 B C:\Documents and Settings\Michael Casserly\My Documents\Webmaster\fordhamramshockey\images\gallery\org_gallery0008.jpg --> ftp.fordhamramshockey.com /mcasserly/test/images/gallery org_gallery0008.jpg
2006.02.13 23:32 B C:\Documents and Settings\Michael Casserly\My Documents\Webmaster\fordhamramshockey\images\gallery\gallery0014.jpg --> ftp.fordhamramshockey.com /mcasserly/test/images/gallery gallery0014.jpg
2006.02.13 23:32 B C:\Documents and Settings\Michael Casserly\My Documents\Webmaster\fordhamramshockey\images\gallery\org_gallery0005.jpg --> ftp.fordhamramshockey.com /mcasserly/test/images/gallery org_gallery0005.jpg
2006.02.13 23:32 B C:\Documents and Settings\Michael Casserly\My Documents\Webmaster\fordhamramshockey\images\gallery\gallery0003.jpg --> ftp.fordhamramshockey.com /mcasserly/test/images/gallery gallery0003.jpg
2006.02.13 23:32 B C:\Documents and Settings\Michael Casserly\My Documents\Webmaster\fordhamramshockey\images\gallery\gallery0004.jpg --> ftp.fordhamramshockey.com /mcasserly/test/images/gallery gallery0004.jpg
2006.02.13 23:32 B C:\Documents and Settings\Michael Casserly\My Documents\Webmaster\fordhamramshockey\images\gallery\gallery0009.jpg --> ftp.fordhamramshockey.com /mcasserly/test/images/gallery gallery0009.jpg
2006.02.13 23:32 B C:\Documents and Settings\Michael Casserly\My Documents\Webmaster\fordhamramshockey\images\gallery\gallery0010.jpg --> ftp.fordhamramshockey.com /mcasserly/test/images/gallery gallery0010.jpg
2006.02.13 23:32 B C:\Documents and Settings\Michael Casserly\My Documents\Webmaster\fordhamramshockey\images\gallery\gallery0011.jpg --> ftp.fordhamramshockey.com /mcasserly/test/images/gallery gallery0011.jpg
2006.02.13 23:32 B C:\Documents and Settings\Michael Casserly\My Documents\Webmaster\fordhamramshockey\images\gallery\org_gallery0007.jpg --> ftp.fordhamramshockey.com /mcasserly/test/images/gallery org_gallery0007.jpg
2006.02.13 23:32 B C:\Documents and Settings\Michael Casserly\My Documents\Webmaster\fordhamramshockey\images\gallery\gallery0001.jpg --> ftp.fordhamramshockey.com /mcasserly/test/images/gallery gallery0001.jpg
