2005.10.25 23:36 B C:\Documents and Settings\Michael Casserly\My Documents\Webmaster\fordhamramshockey\images\team\Thumbs.db --> ftp.fordhamramshockey.com /mcasserly/images/team Thumbs.db
2005.10.25 23:36 B C:\Documents and Settings\Michael Casserly\My Documents\Webmaster\fordhamramshockey\images\team\2005FordhamHockeyTeamPicture_1600x1200.jpg --> ftp.fordhamramshockey.com /mcasserly/images/team 2005FordhamHockeyTeamPicture_1600x1200.jpg
2005.10.25 23:36 B C:\Documents and Settings\Michael Casserly\My Documents\Webmaster\fordhamramshockey\images\team\2005FordhamHockeyTeamPicture_800x600.jpg --> ftp.fordhamramshockey.com /mcasserly/images/team 2005FordhamHockeyTeamPicture_800x600.jpg
2005.10.25 23:36 B C:\Documents and Settings\Michael Casserly\My Documents\Webmaster\fordhamramshockey\images\team\1999FordhamHockeyTeamPicture_800x600.jpg --> ftp.fordhamramshockey.com /mcasserly/images/team 1999FordhamHockeyTeamPicture_800x600.jpg
2005.10.25 23:36 B C:\Documents and Settings\Michael Casserly\My Documents\Webmaster\fordhamramshockey\images\team\1999FordhamHockeyTeamPicture_1600x1200.jpg --> ftp.fordhamramshockey.com /mcasserly/images/team 1999FordhamHockeyTeamPicture_1600x1200.jpg
2005.10.25 23:36 B C:\Documents and Settings\Michael Casserly\My Documents\Webmaster\fordhamramshockey\images\team\2004FordhamHockeyTeamPicture_800x600.jpg --> ftp.fordhamramshockey.com /mcasserly/images/team 2004FordhamHockeyTeamPicture_800x600.jpg
2005.10.25 23:37 B C:\Documents and Settings\Michael Casserly\My Documents\Webmaster\fordhamramshockey\images\team\2004FordhamHockeyTeamPicture_1600x1200.jpg --> ftp.fordhamramshockey.com /mcasserly/images/team 2004FordhamHockeyTeamPicture_1600x1200.jpg
2005.10.25 23:37 B C:\Documents and Settings\Michael Casserly\My Documents\Webmaster\fordhamramshockey\images\team\2004FordhamHockeyTeamPicture_thumb.jpg --> ftp.fordhamramshockey.com /mcasserly/images/team 2004FordhamHockeyTeamPicture_thumb.jpg
2005.10.25 23:37 B C:\Documents and Settings\Michael Casserly\My Documents\Webmaster\fordhamramshockey\images\team\2004FordhamHockeyTeamPicture.jpg --> ftp.fordhamramshockey.com /mcasserly/images/team 2004FordhamHockeyTeamPicture.jpg
2005.10.25 23:37 B C:\Documents and Settings\Michael Casserly\My Documents\Webmaster\fordhamramshockey\images\team\2003FordhamHockeyTeamPicture_thumb.jpg --> ftp.fordhamramshockey.com /mcasserly/images/team 2003FordhamHockeyTeamPicture_thumb.jpg
2005.10.25 23:37 B C:\Documents and Settings\Michael Casserly\My Documents\Webmaster\fordhamramshockey\images\team\1999FordhamHockeyTeamPicture_thumb.jpg --> ftp.fordhamramshockey.com /mcasserly/images/team 1999FordhamHockeyTeamPicture_thumb.jpg
2005.10.25 23:37 B C:\Documents and Settings\Michael Casserly\My Documents\Webmaster\fordhamramshockey\images\team\1999FordhamHockeyTeamPicture.jpg --> ftp.fordhamramshockey.com /mcasserly/images/team 1999FordhamHockeyTeamPicture.jpg
2005.10.25 23:37 B C:\Documents and Settings\Michael Casserly\My Documents\Webmaster\fordhamramshockey\images\team\2003FordhamHockeyTeamPicture_800x600.jpg --> ftp.fordhamramshockey.com /mcasserly/images/team 2003FordhamHockeyTeamPicture_800x600.jpg
2005.10.25 23:37 B C:\Documents and Settings\Michael Casserly\My Documents\Webmaster\fordhamramshockey\images\team\2003FordhamHockeyTeamPicture_1600x1200.jpg --> ftp.fordhamramshockey.com /mcasserly/images/team 2003FordhamHockeyTeamPicture_1600x1200.jpg
2005.10.25 23:37 B C:\Documents and Settings\Michael Casserly\My Documents\Webmaster\fordhamramshockey\images\team\2003FordhamHockeyTeamPicture.jpg --> ftp.fordhamramshockey.com /mcasserly/images/team 2003FordhamHockeyTeamPicture.jpg
2005.10.25 23:37 B C:\Documents and Settings\Michael Casserly\My Documents\Webmaster\fordhamramshockey\images\team\2005FordhamHockeyTeamPicture_thumb.jpg --> ftp.fordhamramshockey.com /mcasserly/images/team 2005FordhamHockeyTeamPicture_thumb.jpg
2005.10.25 23:37 B C:\Documents and Settings\Michael Casserly\My Documents\Webmaster\fordhamramshockey\images\team\2005FordhamHockeyTeamPicture.jpg --> ftp.fordhamramshockey.com /mcasserly/images/team 2005FordhamHockeyTeamPicture.jpg
2005.10.26 21:29 B C:\Documents and Settings\Michael Casserly\My Documents\Webmaster\fordhamramshockey\images\team\2006FordhamHockeyTeamPicture_1600x1200.jpg --> ftp.fordhamramshockey.com /mcasserly/images/team 2006FordhamHockeyTeamPicture_1600x1200.jpg
2005.10.26 21:29 B C:\Documents and Settings\Michael Casserly\My Documents\Webmaster\fordhamramshockey\images\team\2006FordhamHockeyTeamPicture_thumb.jpg --> ftp.fordhamramshockey.com /mcasserly/images/team 2006FordhamHockeyTeamPicture_thumb.jpg
2005.10.26 21:29 B C:\Documents and Settings\Michael Casserly\My Documents\Webmaster\fordhamramshockey\images\team\2006FordhamHockeyTeamPicture_800x600.jpg --> ftp.fordhamramshockey.com /mcasserly/images/team 2006FordhamHockeyTeamPicture_800x600.jpg
2005.10.26 21:29 B C:\Documents and Settings\Michael Casserly\My Documents\Webmaster\fordhamramshockey\images\team\2006FordhamHockeyTeamPicture.jpg --> ftp.fordhamramshockey.com /mcasserly/images/team 2006FordhamHockeyTeamPicture.jpg
2005.10.26 21:29 B C:\Documents and Settings\Michael Casserly\My Documents\Webmaster\fordhamramshockey\images\team\Thumbs.db --> ftp.fordhamramshockey.com /mcasserly/images/team Thumbs.db
2005.10.26 21:29 B C:\Documents and Settings\Michael Casserly\My Documents\Webmaster\fordhamramshockey\images\team\WS_FTP.LOG --> ftp.fordhamramshockey.com /mcasserly/images/team WS_FTP.LOG
2005.11.29 22:46 B C:\Documents and Settings\Michael Casserly\My Documents\Webmaster\fordhamramshockey\images\team\2006FordhamHockeyTeamPicture_home.jpg --> ftp.fordhamramshockey.com /mcasserly/images/team 2006FordhamHockeyTeamPicture_home.jpg
2005.11.29 22:49 B C:\Documents and Settings\Michael Casserly\My Documents\Webmaster\fordhamramshockey\images\team\2006FordhamHockeyTeamPicture_home.jpg --> ftp.fordhamramshockey.com /mcasserly/images/team 2006FordhamHockeyTeamPicture_home.jpg
2005.12.06 23:35 B C:\Documents and Settings\Michael Casserly\My Documents\Webmaster\fordhamramshockey\images\team\WS_FTP.LOG --> ftp.mcasserly.com /mcasserly/fordhamramshockey/images/team WS_FTP.LOG
2005.12.06 23:35 B C:\Documents and Settings\Michael Casserly\My Documents\Webmaster\fordhamramshockey\images\team\2006FordhamHockeyTeamPicture_home.jpg --> ftp.mcasserly.com /mcasserly/fordhamramshockey/images/team 2006FordhamHockeyTeamPicture_home.jpg
2005.12.06 23:35 B C:\Documents and Settings\Michael Casserly\My Documents\Webmaster\fordhamramshockey\images\team\2006FordhamHockeyTeamPicture_1600x1200.jpg --> ftp.mcasserly.com /mcasserly/fordhamramshockey/images/team 2006FordhamHockeyTeamPicture_1600x1200.jpg
2005.12.06 23:36 B C:\Documents and Settings\Michael Casserly\My Documents\Webmaster\fordhamramshockey\images\team\2006FordhamHockeyTeamPicture_thumb.jpg --> ftp.mcasserly.com /mcasserly/fordhamramshockey/images/team 2006FordhamHockeyTeamPicture_thumb.jpg
2005.12.06 23:36 B C:\Documents and Settings\Michael Casserly\My Documents\Webmaster\fordhamramshockey\images\team\2006FordhamHockeyTeamPicture_800x600.jpg --> ftp.mcasserly.com /mcasserly/fordhamramshockey/images/team 2006FordhamHockeyTeamPicture_800x600.jpg
2005.12.06 23:36 B C:\Documents and Settings\Michael Casserly\My Documents\Webmaster\fordhamramshockey\images\team\2006FordhamHockeyTeamPicture.jpg --> ftp.mcasserly.com /mcasserly/fordhamramshockey/images/team 2006FordhamHockeyTeamPicture.jpg
2005.12.06 23:36 B C:\Documents and Settings\Michael Casserly\My Documents\Webmaster\fordhamramshockey\images\team\Thumbs.db --> ftp.mcasserly.com /mcasserly/fordhamramshockey/images/team Thumbs.db
2005.12.06 23:36 B C:\Documents and Settings\Michael Casserly\My Documents\Webmaster\fordhamramshockey\images\team\2005FordhamHockeyTeamPicture_1600x1200.jpg --> ftp.mcasserly.com /mcasserly/fordhamramshockey/images/team 2005FordhamHockeyTeamPicture_1600x1200.jpg
2005.12.06 23:36 B C:\Documents and Settings\Michael Casserly\My Documents\Webmaster\fordhamramshockey\images\team\2005FordhamHockeyTeamPicture_800x600.jpg --> ftp.mcasserly.com /mcasserly/fordhamramshockey/images/team 2005FordhamHockeyTeamPicture_800x600.jpg
2005.12.06 23:36 B C:\Documents and Settings\Michael Casserly\My Documents\Webmaster\fordhamramshockey\images\team\1999FordhamHockeyTeamPicture_800x600.jpg --> ftp.mcasserly.com /mcasserly/fordhamramshockey/images/team 1999FordhamHockeyTeamPicture_800x600.jpg
2005.12.06 23:36 B C:\Documents and Settings\Michael Casserly\My Documents\Webmaster\fordhamramshockey\images\team\1999FordhamHockeyTeamPicture_1600x1200.jpg --> ftp.mcasserly.com /mcasserly/fordhamramshockey/images/team 1999FordhamHockeyTeamPicture_1600x1200.jpg
2005.12.06 23:36 B C:\Documents and Settings\Michael Casserly\My Documents\Webmaster\fordhamramshockey\images\team\2004FordhamHockeyTeamPicture_800x600.jpg --> ftp.mcasserly.com /mcasserly/fordhamramshockey/images/team 2004FordhamHockeyTeamPicture_800x600.jpg
2005.12.06 23:37 B C:\Documents and Settings\Michael Casserly\My Documents\Webmaster\fordhamramshockey\images\team\2004FordhamHockeyTeamPicture_1600x1200.jpg --> ftp.mcasserly.com /mcasserly/fordhamramshockey/images/team 2004FordhamHockeyTeamPicture_1600x1200.jpg
2005.12.06 23:37 B C:\Documents and Settings\Michael Casserly\My Documents\Webmaster\fordhamramshockey\images\team\2004FordhamHockeyTeamPicture_thumb.jpg --> ftp.mcasserly.com /mcasserly/fordhamramshockey/images/team 2004FordhamHockeyTeamPicture_thumb.jpg
2005.12.06 23:37 B C:\Documents and Settings\Michael Casserly\My Documents\Webmaster\fordhamramshockey\images\team\2004FordhamHockeyTeamPicture.jpg --> ftp.mcasserly.com /mcasserly/fordhamramshockey/images/team 2004FordhamHockeyTeamPicture.jpg
2005.12.06 23:37 B C:\Documents and Settings\Michael Casserly\My Documents\Webmaster\fordhamramshockey\images\team\2003FordhamHockeyTeamPicture_thumb.jpg --> ftp.mcasserly.com /mcasserly/fordhamramshockey/images/team 2003FordhamHockeyTeamPicture_thumb.jpg
2005.12.06 23:37 B C:\Documents and Settings\Michael Casserly\My Documents\Webmaster\fordhamramshockey\images\team\1999FordhamHockeyTeamPicture_thumb.jpg --> ftp.mcasserly.com /mcasserly/fordhamramshockey/images/team 1999FordhamHockeyTeamPicture_thumb.jpg
2005.12.06 23:37 B C:\Documents and Settings\Michael Casserly\My Documents\Webmaster\fordhamramshockey\images\team\1999FordhamHockeyTeamPicture.jpg --> ftp.mcasserly.com /mcasserly/fordhamramshockey/images/team 1999FordhamHockeyTeamPicture.jpg
2005.12.06 23:37 B C:\Documents and Settings\Michael Casserly\My Documents\Webmaster\fordhamramshockey\images\team\2003FordhamHockeyTeamPicture_800x600.jpg --> ftp.mcasserly.com /mcasserly/fordhamramshockey/images/team 2003FordhamHockeyTeamPicture_800x600.jpg
2005.12.06 23:37 B C:\Documents and Settings\Michael Casserly\My Documents\Webmaster\fordhamramshockey\images\team\2003FordhamHockeyTeamPicture_1600x1200.jpg --> ftp.mcasserly.com /mcasserly/fordhamramshockey/images/team 2003FordhamHockeyTeamPicture_1600x1200.jpg
2005.12.06 23:37 B C:\Documents and Settings\Michael Casserly\My Documents\Webmaster\fordhamramshockey\images\team\2003FordhamHockeyTeamPicture.jpg --> ftp.mcasserly.com /mcasserly/fordhamramshockey/images/team 2003FordhamHockeyTeamPicture.jpg
2005.12.06 23:37 B C:\Documents and Settings\Michael Casserly\My Documents\Webmaster\fordhamramshockey\images\team\2005FordhamHockeyTeamPicture_thumb.jpg --> ftp.mcasserly.com /mcasserly/fordhamramshockey/images/team 2005FordhamHockeyTeamPicture_thumb.jpg
2005.12.06 23:37 B C:\Documents and Settings\Michael Casserly\My Documents\Webmaster\fordhamramshockey\images\team\2005FordhamHockeyTeamPicture.jpg --> ftp.mcasserly.com /mcasserly/fordhamramshockey/images/team 2005FordhamHockeyTeamPicture.jpg
2005.12.06 23:47 B C:\Documents and Settings\Michael Casserly\My Documents\Webmaster\fordhamramshockey\images\team\WS_FTP.LOG --> ftp.mcasserly.com /mcasserly/fordhamramshockey/images/team WS_FTP.LOG
2006.01.14 19:17 B C:\Documents and Settings\Michael Casserly\My Documents\Webmaster\fordhamramshockey\images\team\WS_FTP.LOG --> ftp.mcasserly.com /mcasserly/fordhamramshockey/images/team WS_FTP.LOG
2006.01.14 20:07 B C:\Documents and Settings\Michael Casserly\My Documents\Webmaster\fordhamramshockey\images\team\WS_FTP.LOG --> ftp.mcasserly.com /mcasserly/fordhamramshockey/images/team WS_FTP.LOG
2006.01.14 22:07 B C:\Documents and Settings\Michael Casserly\My Documents\Webmaster\fordhamramshockey\images\team\WS_FTP.LOG --> ftp.fordhamramshockey.com /mcasserly/images/team WS_FTP.LOG
2006.01.14 22:07 B C:\Documents and Settings\Michael Casserly\My Documents\Webmaster\fordhamramshockey\images\team\2006FordhamHockeyTeamPicture_home.jpg --> ftp.fordhamramshockey.com /mcasserly/images/team 2006FordhamHockeyTeamPicture_home.jpg
2006.01.14 22:07 B C:\Documents and Settings\Michael Casserly\My Documents\Webmaster\fordhamramshockey\images\team\2006FordhamHockeyTeamPicture_1600x1200.jpg --> ftp.fordhamramshockey.com /mcasserly/images/team 2006FordhamHockeyTeamPicture_1600x1200.jpg
2006.01.14 22:07 B C:\Documents and Settings\Michael Casserly\My Documents\Webmaster\fordhamramshockey\images\team\2006FordhamHockeyTeamPicture_thumb.jpg --> ftp.fordhamramshockey.com /mcasserly/images/team 2006FordhamHockeyTeamPicture_thumb.jpg
2006.01.14 22:07 B C:\Documents and Settings\Michael Casserly\My Documents\Webmaster\fordhamramshockey\images\team\2006FordhamHockeyTeamPicture_800x600.jpg --> ftp.fordhamramshockey.com /mcasserly/images/team 2006FordhamHockeyTeamPicture_800x600.jpg
2006.01.14 22:07 B C:\Documents and Settings\Michael Casserly\My Documents\Webmaster\fordhamramshockey\images\team\2006FordhamHockeyTeamPicture.jpg --> ftp.fordhamramshockey.com /mcasserly/images/team 2006FordhamHockeyTeamPicture.jpg
2006.01.14 22:07 B C:\Documents and Settings\Michael Casserly\My Documents\Webmaster\fordhamramshockey\images\team\Thumbs.db --> ftp.fordhamramshockey.com /mcasserly/images/team Thumbs.db
2006.02.13 23:30 B C:\Documents and Settings\Michael Casserly\My Documents\Webmaster\fordhamramshockey\images\team\WS_FTP.LOG.LCK --> ftp.fordhamramshockey.com /mcasserly/test/images/team WS_FTP.LOG.LCK
2006.02.13 23:30 B C:\Documents and Settings\Michael Casserly\My Documents\Webmaster\fordhamramshockey\images\team\2006FordhamHockeyTeamPicture_thumb.jpg.LCK --> ftp.fordhamramshockey.com /mcasserly/test/images/team 2006FordhamHockeyTeamPicture_thumb.jpg.LCK
2006.02.13 23:30 B C:\Documents and Settings\Michael Casserly\My Documents\Webmaster\fordhamramshockey\images\team\2006FordhamHockeyTeamPicture_800x600.jpg.LCK --> ftp.fordhamramshockey.com /mcasserly/test/images/team 2006FordhamHockeyTeamPicture_800x600.jpg.LCK
2006.02.13 23:30 B C:\Documents and Settings\Michael Casserly\My Documents\Webmaster\fordhamramshockey\images\team\2006FordhamHockeyTeamPicture_1600x1200.jpg.LCK --> ftp.fordhamramshockey.com /mcasserly/test/images/team 2006FordhamHockeyTeamPicture_1600x1200.jpg.LCK
2006.02.13 23:30 B C:\Documents and Settings\Michael Casserly\My Documents\Webmaster\fordhamramshockey\images\team\2006FordhamHockeyTeamPicture.jpg.LCK --> ftp.fordhamramshockey.com /mcasserly/test/images/team 2006FordhamHockeyTeamPicture.jpg.LCK
2006.02.13 23:30 B C:\Documents and Settings\Michael Casserly\My Documents\Webmaster\fordhamramshockey\images\team\2005FordhamHockeyTeamPicture_thumb.jpg.LCK --> ftp.fordhamramshockey.com /mcasserly/test/images/team 2005FordhamHockeyTeamPicture_thumb.jpg.LCK
2006.02.13 23:30 B C:\Documents and Settings\Michael Casserly\My Documents\Webmaster\fordhamramshockey\images\team\2005FordhamHockeyTeamPicture_800x600.jpg.LCK --> ftp.fordhamramshockey.com /mcasserly/test/images/team 2005FordhamHockeyTeamPicture_800x600.jpg.LCK
2006.02.13 23:30 B C:\Documents and Settings\Michael Casserly\My Documents\Webmaster\fordhamramshockey\images\team\2005FordhamHockeyTeamPicture_1600x1200.jpg.LCK --> ftp.fordhamramshockey.com /mcasserly/test/images/team 2005FordhamHockeyTeamPicture_1600x1200.jpg.LCK
2006.02.13 23:30 B C:\Documents and Settings\Michael Casserly\My Documents\Webmaster\fordhamramshockey\images\team\2005FordhamHockeyTeamPicture.jpg.LCK --> ftp.fordhamramshockey.com /mcasserly/test/images/team 2005FordhamHockeyTeamPicture.jpg.LCK
2006.02.13 23:30 B C:\Documents and Settings\Michael Casserly\My Documents\Webmaster\fordhamramshockey\images\team\2004FordhamHockeyTeamPicture_thumb.jpg.LCK --> ftp.fordhamramshockey.com /mcasserly/test/images/team 2004FordhamHockeyTeamPicture_thumb.jpg.LCK
2006.02.13 23:30 B C:\Documents and Settings\Michael Casserly\My Documents\Webmaster\fordhamramshockey\images\team\2004FordhamHockeyTeamPicture_800x600.jpg.LCK --> ftp.fordhamramshockey.com /mcasserly/test/images/team 2004FordhamHockeyTeamPicture_800x600.jpg.LCK
2006.02.13 23:30 B C:\Documents and Settings\Michael Casserly\My Documents\Webmaster\fordhamramshockey\images\team\2004FordhamHockeyTeamPicture_1600x1200.jpg.LCK --> ftp.fordhamramshockey.com /mcasserly/test/images/team 2004FordhamHockeyTeamPicture_1600x1200.jpg.LCK
2006.02.13 23:30 B C:\Documents and Settings\Michael Casserly\My Documents\Webmaster\fordhamramshockey\images\team\2004FordhamHockeyTeamPicture.jpg.LCK --> ftp.fordhamramshockey.com /mcasserly/test/images/team 2004FordhamHockeyTeamPicture.jpg.LCK
2006.02.13 23:30 B C:\Documents and Settings\Michael Casserly\My Documents\Webmaster\fordhamramshockey\images\team\2003FordhamHockeyTeamPicture_thumb.jpg.LCK --> ftp.fordhamramshockey.com /mcasserly/test/images/team 2003FordhamHockeyTeamPicture_thumb.jpg.LCK
2006.02.13 23:30 B C:\Documents and Settings\Michael Casserly\My Documents\Webmaster\fordhamramshockey\images\team\2003FordhamHockeyTeamPicture_800x600.jpg.LCK --> ftp.fordhamramshockey.com /mcasserly/test/images/team 2003FordhamHockeyTeamPicture_800x600.jpg.LCK
2006.02.13 23:30 B C:\Documents and Settings\Michael Casserly\My Documents\Webmaster\fordhamramshockey\images\team\2003FordhamHockeyTeamPicture_1600x1200.jpg.LCK --> ftp.fordhamramshockey.com /mcasserly/test/images/team 2003FordhamHockeyTeamPicture_1600x1200.jpg.LCK
2006.02.13 23:30 B C:\Documents and Settings\Michael Casserly\My Documents\Webmaster\fordhamramshockey\images\team\2003FordhamHockeyTeamPicture.jpg.LCK --> ftp.fordhamramshockey.com /mcasserly/test/images/team 2003FordhamHockeyTeamPicture.jpg.LCK
2006.02.13 23:30 B C:\Documents and Settings\Michael Casserly\My Documents\Webmaster\fordhamramshockey\images\team\1999FordhamHockeyTeamPicture_thumb.jpg.LCK --> ftp.fordhamramshockey.com /mcasserly/test/images/team 1999FordhamHockeyTeamPicture_thumb.jpg.LCK
2006.02.13 23:30 B C:\Documents and Settings\Michael Casserly\My Documents\Webmaster\fordhamramshockey\images\team\1999FordhamHockeyTeamPicture_800x600.jpg.LCK --> ftp.fordhamramshockey.com /mcasserly/test/images/team 1999FordhamHockeyTeamPicture_800x600.jpg.LCK
2006.02.13 23:30 B C:\Documents and Settings\Michael Casserly\My Documents\Webmaster\fordhamramshockey\images\team\1999FordhamHockeyTeamPicture_1600x1200.jpg.LCK --> ftp.fordhamramshockey.com /mcasserly/test/images/team 1999FordhamHockeyTeamPicture_1600x1200.jpg.LCK
2006.02.13 23:30 B C:\Documents and Settings\Michael Casserly\My Documents\Webmaster\fordhamramshockey\images\team\1999FordhamHockeyTeamPicture.jpg.LCK --> ftp.fordhamramshockey.com /mcasserly/test/images/team 1999FordhamHockeyTeamPicture.jpg.LCK
2006.02.13 23:30 B C:\Documents and Settings\Michael Casserly\My Documents\Webmaster\fordhamramshockey\images\team\2006FordhamHockeyTeamPicture_home.jpg.LCK --> ftp.fordhamramshockey.com /mcasserly/test/images/team 2006FordhamHockeyTeamPicture_home.jpg.LCK
2006.02.13 23:30 B C:\Documents and Settings\Michael Casserly\My Documents\Webmaster\fordhamramshockey\images\team\WS_FTP.LOG --> ftp.fordhamramshockey.com /mcasserly/test/images/team WS_FTP.LOG
2006.02.13 23:30 B C:\Documents and Settings\Michael Casserly\My Documents\Webmaster\fordhamramshockey\images\team\2006FordhamHockeyTeamPicture_home.jpg --> ftp.fordhamramshockey.com /mcasserly/test/images/team 2006FordhamHockeyTeamPicture_home.jpg
2006.02.13 23:30 B C:\Documents and Settings\Michael Casserly\My Documents\Webmaster\fordhamramshockey\images\team\2006FordhamHockeyTeamPicture_1600x1200.jpg --> ftp.fordhamramshockey.com /mcasserly/test/images/team 2006FordhamHockeyTeamPicture_1600x1200.jpg
2006.02.13 23:30 B C:\Documents and Settings\Michael Casserly\My Documents\Webmaster\fordhamramshockey\images\team\2006FordhamHockeyTeamPicture_thumb.jpg --> ftp.fordhamramshockey.com /mcasserly/test/images/team 2006FordhamHockeyTeamPicture_thumb.jpg
2006.02.13 23:30 B C:\Documents and Settings\Michael Casserly\My Documents\Webmaster\fordhamramshockey\images\team\2006FordhamHockeyTeamPicture_800x600.jpg --> ftp.fordhamramshockey.com /mcasserly/test/images/team 2006FordhamHockeyTeamPicture_800x600.jpg
2006.02.13 23:30 B C:\Documents and Settings\Michael Casserly\My Documents\Webmaster\fordhamramshockey\images\team\2006FordhamHockeyTeamPicture.jpg --> ftp.fordhamramshockey.com /mcasserly/test/images/team 2006FordhamHockeyTeamPicture.jpg
2006.02.13 23:30 B C:\Documents and Settings\Michael Casserly\My Documents\Webmaster\fordhamramshockey\images\team\Thumbs.db --> ftp.fordhamramshockey.com /mcasserly/test/images/team Thumbs.db
2006.02.13 23:30 B C:\Documents and Settings\Michael Casserly\My Documents\Webmaster\fordhamramshockey\images\team\2005FordhamHockeyTeamPicture_1600x1200.jpg --> ftp.fordhamramshockey.com /mcasserly/test/images/team 2005FordhamHockeyTeamPicture_1600x1200.jpg
2006.02.13 23:30 B C:\Documents and Settings\Michael Casserly\My Documents\Webmaster\fordhamramshockey\images\team\2005FordhamHockeyTeamPicture_800x600.jpg --> ftp.fordhamramshockey.com /mcasserly/test/images/team 2005FordhamHockeyTeamPicture_800x600.jpg
2006.02.13 23:30 B C:\Documents and Settings\Michael Casserly\My Documents\Webmaster\fordhamramshockey\images\team\1999FordhamHockeyTeamPicture_800x600.jpg --> ftp.fordhamramshockey.com /mcasserly/test/images/team 1999FordhamHockeyTeamPicture_800x600.jpg
2006.02.13 23:30 B C:\Documents and Settings\Michael Casserly\My Documents\Webmaster\fordhamramshockey\images\team\1999FordhamHockeyTeamPicture_1600x1200.jpg --> ftp.fordhamramshockey.com /mcasserly/test/images/team 1999FordhamHockeyTeamPicture_1600x1200.jpg
2006.02.13 23:30 B C:\Documents and Settings\Michael Casserly\My Documents\Webmaster\fordhamramshockey\images\team\2004FordhamHockeyTeamPicture_800x600.jpg --> ftp.fordhamramshockey.com /mcasserly/test/images/team 2004FordhamHockeyTeamPicture_800x600.jpg
2006.02.13 23:31 B C:\Documents and Settings\Michael Casserly\My Documents\Webmaster\fordhamramshockey\images\team\2004FordhamHockeyTeamPicture_1600x1200.jpg --> ftp.fordhamramshockey.com /mcasserly/test/images/team 2004FordhamHockeyTeamPicture_1600x1200.jpg
2006.02.13 23:31 B C:\Documents and Settings\Michael Casserly\My Documents\Webmaster\fordhamramshockey\images\team\2004FordhamHockeyTeamPicture_thumb.jpg --> ftp.fordhamramshockey.com /mcasserly/test/images/team 2004FordhamHockeyTeamPicture_thumb.jpg
2006.02.13 23:31 B C:\Documents and Settings\Michael Casserly\My Documents\Webmaster\fordhamramshockey\images\team\2004FordhamHockeyTeamPicture.jpg --> ftp.fordhamramshockey.com /mcasserly/test/images/team 2004FordhamHockeyTeamPicture.jpg
2006.02.13 23:31 B C:\Documents and Settings\Michael Casserly\My Documents\Webmaster\fordhamramshockey\images\team\2003FordhamHockeyTeamPicture_thumb.jpg --> ftp.fordhamramshockey.com /mcasserly/test/images/team 2003FordhamHockeyTeamPicture_thumb.jpg
2006.02.13 23:31 B C:\Documents and Settings\Michael Casserly\My Documents\Webmaster\fordhamramshockey\images\team\1999FordhamHockeyTeamPicture_thumb.jpg --> ftp.fordhamramshockey.com /mcasserly/test/images/team 1999FordhamHockeyTeamPicture_thumb.jpg
2006.02.13 23:31 B C:\Documents and Settings\Michael Casserly\My Documents\Webmaster\fordhamramshockey\images\team\1999FordhamHockeyTeamPicture.jpg --> ftp.fordhamramshockey.com /mcasserly/test/images/team 1999FordhamHockeyTeamPicture.jpg
2006.02.13 23:31 B C:\Documents and Settings\Michael Casserly\My Documents\Webmaster\fordhamramshockey\images\team\2003FordhamHockeyTeamPicture_800x600.jpg --> ftp.fordhamramshockey.com /mcasserly/test/images/team 2003FordhamHockeyTeamPicture_800x600.jpg
2006.02.13 23:31 B C:\Documents and Settings\Michael Casserly\My Documents\Webmaster\fordhamramshockey\images\team\2003FordhamHockeyTeamPicture_1600x1200.jpg --> ftp.fordhamramshockey.com /mcasserly/test/images/team 2003FordhamHockeyTeamPicture_1600x1200.jpg
2006.02.13 23:31 B C:\Documents and Settings\Michael Casserly\My Documents\Webmaster\fordhamramshockey\images\team\2003FordhamHockeyTeamPicture.jpg --> ftp.fordhamramshockey.com /mcasserly/test/images/team 2003FordhamHockeyTeamPicture.jpg
2006.02.13 23:31 B C:\Documents and Settings\Michael Casserly\My Documents\Webmaster\fordhamramshockey\images\team\2005FordhamHockeyTeamPicture_thumb.jpg --> ftp.fordhamramshockey.com /mcasserly/test/images/team 2005FordhamHockeyTeamPicture_thumb.jpg
2006.02.13 23:31 B C:\Documents and Settings\Michael Casserly\My Documents\Webmaster\fordhamramshockey\images\team\2005FordhamHockeyTeamPicture.jpg --> ftp.fordhamramshockey.com /mcasserly/test/images/team 2005FordhamHockeyTeamPicture.jpg
